This is pdfTeX, Version 3.141592653-2.6-1.40.23 (MiKTeX 21.8) (preloaded format=pdflatex 2021.11.3)  25 APR 2023 21:58
entering extended mode
**./Context-Free-Languages.tex
(Context-Free-Languages.tex
LaTeX2e <2021-06-01> patch level 1
L3 programming layer <2021-08-27>
(C:\Users\morazanm\AppData\Local\Programs\MiKTeX\tex/latex/beamer\beamer.cls
Document Class: beamer 2022/02/08 v3.66 A class for typesetting presentations

(C:\Users\morazanm\AppData\Local\Programs\MiKTeX\tex/latex/beamer\beamerbasemod
es.sty
(C:\Users\morazanm\AppData\Local\Programs\MiKTeX\tex/latex/etoolbox\etoolbox.st
y
Package: etoolbox 2020/10/05 v2.5k e-TeX tools for LaTeX (JAW)
\etb@tempcnta=\count182
)
\beamer@tempbox=\box50
\beamer@tempcount=\count183
\c@beamerpauses=\count184

(C:\Users\morazanm\AppData\Local\Programs\MiKTeX\tex/latex/beamer\beamerbasedec
ode.sty
\beamer@slideinframe=\count185
\beamer@minimum=\count186
\beamer@decode@box=\box51
)
\beamer@commentbox=\box52
\beamer@modecount=\count187
)
(C:\Users\morazanm\AppData\Local\Programs\MiKTeX\tex/generic/iftex\iftex.sty
Package: iftex 2020/03/06 v1.0d TeX engine tests
)
\headdp=\dimen138
\footheight=\dimen139
\sidebarheight=\dimen140
\beamer@tempdim=\dimen141
\beamer@finalheight=\dimen142
\beamer@animht=\dimen143
\beamer@animdp=\dimen144
\beamer@animwd=\dimen145
\beamer@leftmargin=\dimen146
\beamer@rightmargin=\dimen147
\beamer@leftsidebar=\dimen148
\beamer@rightsidebar=\dimen149
\beamer@boxsize=\dimen150
\beamer@vboxoffset=\dimen151
\beamer@descdefault=\dimen152
\beamer@descriptionwidth=\dimen153
\beamer@lastskip=\skip47
\beamer@areabox=\box53
\beamer@animcurrent=\box54
\beamer@animshowbox=\box55
\beamer@sectionbox=\box56
\beamer@logobox=\box57
\beamer@linebox=\box58
\beamer@sectioncount=\count188
\beamer@subsubsectionmax=\count189
\beamer@subsectionmax=\count190
\beamer@sectionmax=\count191
\beamer@totalheads=\count192
\beamer@headcounter=\count193
\beamer@partstartpage=\count194
\beamer@sectionstartpage=\count195
\beamer@subsectionstartpage=\count196
\beamer@animationtempa=\count197
\beamer@animationtempb=\count198
\beamer@xpos=\count199
\beamer@ypos=\count266
\beamer@ypos@offset=\count267
\beamer@showpartnumber=\count268
\beamer@currentsubsection=\count269
\beamer@coveringdepth=\count270
\beamer@sectionadjust=\count271
\beamer@toclastsection=\count272
\beamer@tocsectionnumber=\count273

(C:\Users\morazanm\AppData\Local\Programs\MiKTeX\tex/latex/beamer\beamerbaseopt
ions.sty
(C:\Users\morazanm\AppData\Local\Programs\MiKTeX\tex/latex/graphics\keyval.sty
Package: keyval 2014/10/28 v1.15 key=value parser (DPC)
\KV@toks@=\toks16
))
\beamer@paperwidth=\skip48
\beamer@paperheight=\skip49

(C:\Users\morazanm\AppData\Local\Programs\MiKTeX\tex/latex/geometry\geometry.st
y
Package: geometry 2020/01/02 v5.9 Page Geometry
 (C:\Users\morazanm\AppData\Local\Programs\MiKTeX\tex/generic/iftex\ifvtex.sty
Package: ifvtex 2019/10/25 v1.7 ifvtex legacy package. Use iftex instead.
)
\Gm@cnth=\count274
\Gm@cntv=\count275
\c@Gm@tempcnt=\count276
\Gm@bindingoffset=\dimen154
\Gm@wd@mp=\dimen155
\Gm@odd@mp=\dimen156
\Gm@even@mp=\dimen157
\Gm@layoutwidth=\dimen158
\Gm@layoutheight=\dimen159
\Gm@layouthoffset=\dimen160
\Gm@layoutvoffset=\dimen161
\Gm@dimlist=\toks17

(C:\Users\morazanm\AppData\Local\Programs\MiKTeX\tex/latex/geometry\geometry.cf
g))
(C:\Users\morazanm\AppData\Local\Programs\MiKTeX\tex/latex/pgf/math\pgfmath.sty

(C:\Users\morazanm\AppData\Local\Programs\MiKTeX\tex/latex/pgf/utilities\pgfrcs
.sty
(C:\Users\morazanm\AppData\Local\Programs\MiKTeX\tex/generic/pgf/utilities\pgfu
til-common.tex
\pgfutil@everybye=\toks18
\pgfutil@tempdima=\dimen162
\pgfutil@tempdimb=\dimen163

(C:\Users\morazanm\AppData\Local\Programs\MiKTeX\tex/generic/pgf/utilities\pgfu
til-common-lists.tex))
(C:\Users\morazanm\AppData\Local\Programs\MiKTeX\tex/generic/pgf/utilities\pgfu
til-latex.def
\pgfutil@abb=\box59
)
(C:\Users\morazanm\AppData\Local\Programs\MiKTeX\tex/generic/pgf/utilities\pgfr
cs.code.tex
(C:\Users\morazanm\AppData\Local\Programs\MiKTeX\tex/generic/pgf\pgf.revision.t
ex)
Package: pgfrcs 2021/05/15 v3.1.9a (3.1.9a)
))
(C:\Users\morazanm\AppData\Local\Programs\MiKTeX\tex/latex/pgf/utilities\pgfkey
s.sty
(C:\Users\morazanm\AppData\Local\Programs\MiKTeX\tex/generic/pgf/utilities\pgfk
eys.code.tex
\pgfkeys@pathtoks=\toks19
\pgfkeys@temptoks=\toks20

(C:\Users\morazanm\AppData\Local\Programs\MiKTeX\tex/generic/pgf/utilities\pgfk
eysfiltered.code.tex
\pgfkeys@tmptoks=\toks21
)))
(C:\Users\morazanm\AppData\Local\Programs\MiKTeX\tex/generic/pgf/math\pgfmath.c
ode.tex
(C:\Users\morazanm\AppData\Local\Programs\MiKTeX\tex/generic/pgf/math\pgfmathca
lc.code.tex
(C:\Users\morazanm\AppData\Local\Programs\MiKTeX\tex/generic/pgf/math\pgfmathut
il.code.tex
\pgf@x=\dimen164
\pgf@xa=\dimen165
\pgf@xb=\dimen166
\pgf@xc=\dimen167
\pgf@y=\dimen168
\pgf@ya=\dimen169
\pgf@yb=\dimen170
\pgf@yc=\dimen171
\c@pgf@counta=\count277
\c@pgf@countb=\count278
\c@pgf@countc=\count279
\c@pgf@countd=\count280
)
(C:\Users\morazanm\AppData\Local\Programs\MiKTeX\tex/generic/pgf/math\pgfmathpa
rser.code.tex
\pgfmath@dimen=\dimen172
\pgfmath@count=\count281
\pgfmath@box=\box60
\pgfmath@toks=\toks22
\pgfmath@stack@operand=\toks23
\pgfmath@stack@operation=\toks24
)
(C:\Users\morazanm\AppData\Local\Programs\MiKTeX\tex/generic/pgf/math\pgfmathfu
nctions.code.tex
(C:\Users\morazanm\AppData\Local\Programs\MiKTeX\tex/generic/pgf/math\pgfmathfu
nctions.basic.code.tex)
(C:\Users\morazanm\AppData\Local\Programs\MiKTeX\tex/generic/pgf/math\pgfmathfu
nctions.trigonometric.code.tex)
(C:\Users\morazanm\AppData\Local\Programs\MiKTeX\tex/generic/pgf/math\pgfmathfu
nctions.random.code.tex)
(C:\Users\morazanm\AppData\Local\Programs\MiKTeX\tex/generic/pgf/math\pgfmathfu
nctions.comparison.code.tex)
(C:\Users\morazanm\AppData\Local\Programs\MiKTeX\tex/generic/pgf/math\pgfmathfu
nctions.base.code.tex)
(C:\Users\morazanm\AppData\Local\Programs\MiKTeX\tex/generic/pgf/math\pgfmathfu
nctions.round.code.tex)
(C:\Users\morazanm\AppData\Local\Programs\MiKTeX\tex/generic/pgf/math\pgfmathfu
nctions.misc.code.tex)
(C:\Users\morazanm\AppData\Local\Programs\MiKTeX\tex/generic/pgf/math\pgfmathfu
nctions.integerarithmetics.code.tex)))
(C:\Users\morazanm\AppData\Local\Programs\MiKTeX\tex/generic/pgf/math\pgfmathfl
oat.code.tex
\c@pgfmathroundto@lastzeros=\count282
)))
(C:\Users\morazanm\AppData\Local\Programs\MiKTeX\tex/latex/base\size11.clo
File: size11.clo 2021/02/12 v1.4n Standard LaTeX file (size option)
)
(C:\Users\morazanm\AppData\Local\Programs\MiKTeX\tex/latex/pgf/basiclayer\pgfco
re.sty
(C:\Users\morazanm\AppData\Local\Programs\MiKTeX\tex/latex/graphics\graphicx.st
y
Package: graphicx 2020/12/05 v1.2c Enhanced LaTeX Graphics (DPC,SPQR)

(C:\Users\morazanm\AppData\Local\Programs\MiKTeX\tex/latex/graphics\graphics.st
y
Package: graphics 2021/03/04 v1.4d Standard LaTeX Graphics (DPC,SPQR)
 (C:\Users\morazanm\AppData\Local\Programs\MiKTeX\tex/latex/graphics\trig.sty
Package: trig 2016/01/03 v1.10 sin cos tan (DPC)
)
(C:\Users\morazanm\AppData\Local\Programs\MiKTeX\tex/latex/graphics-cfg\graphic
s.cfg
File: graphics.cfg 2016/06/04 v1.11 sample graphics configuration
)
Package graphics Info: Driver file: pdftex.def on input line 107.

(C:\Users\morazanm\AppData\Local\Programs\MiKTeX\tex/latex/graphics-def\pdftex.
def
File: pdftex.def 2020/10/05 v1.2a Graphics/color driver for pdftex
))
\Gin@req@height=\dimen173
\Gin@req@width=\dimen174
)
(C:\Users\morazanm\AppData\Local\Programs\MiKTeX\tex/latex/pgf/systemlayer\pgfs
ys.sty
(C:\Users\morazanm\AppData\Local\Programs\MiKTeX\tex/generic/pgf/systemlayer\pg
fsys.code.tex
Package: pgfsys 2021/05/15 v3.1.9a (3.1.9a)

(C:\Users\morazanm\AppData\Local\Programs\MiKTeX\tex/generic/pgf/utilities\pgfk
eys.code.tex)
\pgf@x=\dimen175
\pgf@y=\dimen176
\pgf@xa=\dimen177
\pgf@ya=\dimen178
\pgf@xb=\dimen179
\pgf@yb=\dimen180
\pgf@xc=\dimen181
\pgf@yc=\dimen182
\pgf@xd=\dimen183
\pgf@yd=\dimen184
\w@pgf@writea=\write3
\r@pgf@reada=\read2
\c@pgf@counta=\count283
\c@pgf@countb=\count284
\c@pgf@countc=\count285
\c@pgf@countd=\count286
\t@pgf@toka=\toks25
\t@pgf@tokb=\toks26
\t@pgf@tokc=\toks27
\pgf@sys@id@count=\count287

(C:\Users\morazanm\AppData\Local\Programs\MiKTeX\tex/generic/pgf/systemlayer\pg
f.cfg
File: pgf.cfg 2021/05/15 v3.1.9a (3.1.9a)
)
Driver file for pgf: pgfsys-pdftex.def

(C:\Users\morazanm\AppData\Local\Programs\MiKTeX\tex/generic/pgf/systemlayer\pg
fsys-pdftex.def
File: pgfsys-pdftex.def 2021/05/15 v3.1.9a (3.1.9a)

(C:\Users\morazanm\AppData\Local\Programs\MiKTeX\tex/generic/pgf/systemlayer\pg
fsys-common-pdf.def
File: pgfsys-common-pdf.def 2021/05/15 v3.1.9a (3.1.9a)
)))
(C:\Users\morazanm\AppData\Local\Programs\MiKTeX\tex/generic/pgf/systemlayer\pg
fsyssoftpath.code.tex
File: pgfsyssoftpath.code.tex 2021/05/15 v3.1.9a (3.1.9a)
\pgfsyssoftpath@smallbuffer@items=\count288
\pgfsyssoftpath@bigbuffer@items=\count289
)
(C:\Users\morazanm\AppData\Local\Programs\MiKTeX\tex/generic/pgf/systemlayer\pg
fsysprotocol.code.tex
File: pgfsysprotocol.code.tex 2021/05/15 v3.1.9a (3.1.9a)
))
(C:\Users\morazanm\AppData\Local\Programs\MiKTeX\tex/latex/xcolor\xcolor.sty
Package: xcolor 2016/05/11 v2.12 LaTeX color extensions (UK)

(C:\Users\morazanm\AppData\Local\Programs\MiKTeX\tex/latex/graphics-cfg\color.c
fg
File: color.cfg 2016/01/02 v1.6 sample color configuration
)
Package xcolor Info: Driver file: pdftex.def on input line 225.
Package xcolor Info: Model `cmy' substituted by `cmy0' on input line 1348.
Package xcolor Info: Model `hsb' substituted by `rgb' on input line 1352.
Package xcolor Info: Model `RGB' extended on input line 1364.
Package xcolor Info: Model `HTML' substituted by `rgb' on input line 1366.
Package xcolor Info: Model `Hsb' substituted by `hsb' on input line 1367.
Package xcolor Info: Model `tHsb' substituted by `hsb' on input line 1368.
Package xcolor Info: Model `HSB' substituted by `hsb' on input line 1369.
Package xcolor Info: Model `Gray' substituted by `gray' on input line 1370.
Package xcolor Info: Model `wave' substituted by `hsb' on input line 1371.
)
(C:\Users\morazanm\AppData\Local\Programs\MiKTeX\tex/generic/pgf/basiclayer\pgf
core.code.tex
Package: pgfcore 2021/05/15 v3.1.9a (3.1.9a)

(C:\Users\morazanm\AppData\Local\Programs\MiKTeX\tex/generic/pgf/math\pgfmath.c
ode.tex)
(C:\Users\morazanm\AppData\Local\Programs\MiKTeX\tex/generic/pgf/math\pgfint.co
de.tex)
(C:\Users\morazanm\AppData\Local\Programs\MiKTeX\tex/generic/pgf/basiclayer\pgf
corepoints.code.tex
File: pgfcorepoints.code.tex 2021/05/15 v3.1.9a (3.1.9a)
\pgf@picminx=\dimen185
\pgf@picmaxx=\dimen186
\pgf@picminy=\dimen187
\pgf@picmaxy=\dimen188
\pgf@pathminx=\dimen189
\pgf@pathmaxx=\dimen190
\pgf@pathminy=\dimen191
\pgf@pathmaxy=\dimen192
\pgf@xx=\dimen193
\pgf@xy=\dimen194
\pgf@yx=\dimen195
\pgf@yy=\dimen196
\pgf@zx=\dimen197
\pgf@zy=\dimen198
)
(C:\Users\morazanm\AppData\Local\Programs\MiKTeX\tex/generic/pgf/basiclayer\pgf
corepathconstruct.code.tex
File: pgfcorepathconstruct.code.tex 2021/05/15 v3.1.9a (3.1.9a)
\pgf@path@lastx=\dimen199
\pgf@path@lasty=\dimen256
)
(C:\Users\morazanm\AppData\Local\Programs\MiKTeX\tex/generic/pgf/basiclayer\pgf
corepathusage.code.tex
File: pgfcorepathusage.code.tex 2021/05/15 v3.1.9a (3.1.9a)
\pgf@shorten@end@additional=\dimen257
\pgf@shorten@start@additional=\dimen258
)
(C:\Users\morazanm\AppData\Local\Programs\MiKTeX\tex/generic/pgf/basiclayer\pgf
corescopes.code.tex
File: pgfcorescopes.code.tex 2021/05/15 v3.1.9a (3.1.9a)
\pgfpic=\box61
\pgf@hbox=\box62
\pgf@layerbox@main=\box63
\pgf@picture@serial@count=\count290
)
(C:\Users\morazanm\AppData\Local\Programs\MiKTeX\tex/generic/pgf/basiclayer\pgf
coregraphicstate.code.tex
File: pgfcoregraphicstate.code.tex 2021/05/15 v3.1.9a (3.1.9a)
\pgflinewidth=\dimen259
)
(C:\Users\morazanm\AppData\Local\Programs\MiKTeX\tex/generic/pgf/basiclayer\pgf
coretransformations.code.tex
File: pgfcoretransformations.code.tex 2021/05/15 v3.1.9a (3.1.9a)
\pgf@pt@x=\dimen260
\pgf@pt@y=\dimen261
\pgf@pt@temp=\dimen262
)
(C:\Users\morazanm\AppData\Local\Programs\MiKTeX\tex/generic/pgf/basiclayer\pgf
corequick.code.tex
File: pgfcorequick.code.tex 2021/05/15 v3.1.9a (3.1.9a)
)
(C:\Users\morazanm\AppData\Local\Programs\MiKTeX\tex/generic/pgf/basiclayer\pgf
coreobjects.code.tex
File: pgfcoreobjects.code.tex 2021/05/15 v3.1.9a (3.1.9a)
)
(C:\Users\morazanm\AppData\Local\Programs\MiKTeX\tex/generic/pgf/basiclayer\pgf
corepathprocessing.code.tex
File: pgfcorepathprocessing.code.tex 2021/05/15 v3.1.9a (3.1.9a)
)
(C:\Users\morazanm\AppData\Local\Programs\MiKTeX\tex/generic/pgf/basiclayer\pgf
corearrows.code.tex
File: pgfcorearrows.code.tex 2021/05/15 v3.1.9a (3.1.9a)
\pgfarrowsep=\dimen263
)
(C:\Users\morazanm\AppData\Local\Programs\MiKTeX\tex/generic/pgf/basiclayer\pgf
coreshade.code.tex
File: pgfcoreshade.code.tex 2021/05/15 v3.1.9a (3.1.9a)
\pgf@max=\dimen264
\pgf@sys@shading@range@num=\count291
\pgf@shadingcount=\count292
)
(C:\Users\morazanm\AppData\Local\Programs\MiKTeX\tex/generic/pgf/basiclayer\pgf
coreimage.code.tex
File: pgfcoreimage.code.tex 2021/05/15 v3.1.9a (3.1.9a)

(C:\Users\morazanm\AppData\Local\Programs\MiKTeX\tex/generic/pgf/basiclayer\pgf
coreexternal.code.tex
File: pgfcoreexternal.code.tex 2021/05/15 v3.1.9a (3.1.9a)
\pgfexternal@startupbox=\box64
))
(C:\Users\morazanm\AppData\Local\Programs\MiKTeX\tex/generic/pgf/basiclayer\pgf
corelayers.code.tex
File: pgfcorelayers.code.tex 2021/05/15 v3.1.9a (3.1.9a)
)
(C:\Users\morazanm\AppData\Local\Programs\MiKTeX\tex/generic/pgf/basiclayer\pgf
coretransparency.code.tex
File: pgfcoretransparency.code.tex 2021/05/15 v3.1.9a (3.1.9a)
)
(C:\Users\morazanm\AppData\Local\Programs\MiKTeX\tex/generic/pgf/basiclayer\pgf
corepatterns.code.tex
File: pgfcorepatterns.code.tex 2021/05/15 v3.1.9a (3.1.9a)
)
(C:\Users\morazanm\AppData\Local\Programs\MiKTeX\tex/generic/pgf/basiclayer\pgf
corerdf.code.tex
File: pgfcorerdf.code.tex 2021/05/15 v3.1.9a (3.1.9a)
)))
(C:\Users\morazanm\AppData\Local\Programs\MiKTeX\tex/latex/pgf/utilities\xxcolo
r.sty
Package: xxcolor 2003/10/24 ver 0.1
\XC@nummixins=\count293
\XC@countmixins=\count294
)
(C:\Users\morazanm\AppData\Local\Programs\MiKTeX\tex/latex/base\atbegshi-ltx.st
y
Package: atbegshi-ltx 2021/01/10 v1.0c Emulation of the original atbegshi
package with kernel methods
)
(C:\Users\morazanm\AppData\Local\Programs\MiKTeX\tex/latex/hyperref\hyperref.st
y
Package: hyperref 2021-06-07 v7.00m Hypertext links for LaTeX

(C:\Users\morazanm\AppData\Local\Programs\MiKTeX\tex/generic/ltxcmds\ltxcmds.st
y
Package: ltxcmds 2020-05-10 v1.25 LaTeX kernel commands for general use (HO)
)
(C:\Users\morazanm\AppData\Local\Programs\MiKTeX\tex/generic/pdftexcmds\pdftexc
mds.sty
Package: pdftexcmds 2020-06-27 v0.33 Utility functions of pdfTeX for LuaTeX (HO
)

(C:\Users\morazanm\AppData\Local\Programs\MiKTeX\tex/generic/infwarerr\infwarer
r.sty
Package: infwarerr 2019/12/03 v1.5 Providing info/warning/error messages (HO)
)
Package pdftexcmds Info: \pdf@primitive is available.
Package pdftexcmds Info: \pdf@ifprimitive is available.
Package pdftexcmds Info: \pdfdraftmode found.
)
(C:\Users\morazanm\AppData\Local\Programs\MiKTeX\tex/generic/kvsetkeys\kvsetkey
s.sty
Package: kvsetkeys 2019/12/15 v1.18 Key value parser (HO)
)
(C:\Users\morazanm\AppData\Local\Programs\MiKTeX\tex/generic/kvdefinekeys\kvdef
inekeys.sty
Package: kvdefinekeys 2019-12-19 v1.6 Define keys (HO)
)
(C:\Users\morazanm\AppData\Local\Programs\MiKTeX\tex/generic/pdfescape\pdfescap
e.sty
Package: pdfescape 2019/12/09 v1.15 Implements pdfTeX's escape features (HO)
)
(C:\Users\morazanm\AppData\Local\Programs\MiKTeX\tex/latex/hycolor\hycolor.sty
Package: hycolor 2020-01-27 v1.10 Color options for hyperref/bookmark (HO)
)
(C:\Users\morazanm\AppData\Local\Programs\MiKTeX\tex/latex/letltxmacro\letltxma
cro.sty
Package: letltxmacro 2019/12/03 v1.6 Let assignment for LaTeX macros (HO)
)
(C:\Users\morazanm\AppData\Local\Programs\MiKTeX\tex/latex/auxhook\auxhook.sty
Package: auxhook 2019-12-17 v1.6 Hooks for auxiliary files (HO)
)
(C:\Users\morazanm\AppData\Local\Programs\MiKTeX\tex/latex/kvoptions\kvoptions.
sty
Package: kvoptions 2020-10-07 v3.14 Key value format for package options (HO)
)
\@linkdim=\dimen265
\Hy@linkcounter=\count295
\Hy@pagecounter=\count296

(C:\Users\morazanm\AppData\Local\Programs\MiKTeX\tex/latex/hyperref\pd1enc.def
File: pd1enc.def 2021-06-07 v7.00m Hyperref: PDFDocEncoding definition (HO)
Now handling font encoding PD1 ...
... no UTF-8 mapping file for font encoding PD1
)
(C:\Users\morazanm\AppData\Local\Programs\MiKTeX\tex/latex/hyperref\hyperref-la
ngpatches.def
File: hyperref-langpatches.def 2021-06-07 v7.00m Hyperref: patches for babel la
nguages
)
(C:\Users\morazanm\AppData\Local\Programs\MiKTeX\tex/generic/intcalc\intcalc.st
y
Package: intcalc 2019/12/15 v1.3 Expandable calculations with integers (HO)
)
(C:\Users\morazanm\AppData\Local\Programs\MiKTeX\tex/generic/etexcmds\etexcmds.
sty
Package: etexcmds 2019/12/15 v1.7 Avoid name clashes with e-TeX commands (HO)
)
\Hy@SavedSpaceFactor=\count297

(C:\Users\morazanm\AppData\Local\Programs\MiKTeX\tex/latex/hyperref\puenc.def
File: puenc.def 2021-06-07 v7.00m Hyperref: PDF Unicode definition (HO)
Now handling font encoding PU ...
... no UTF-8 mapping file for font encoding PU
)
Package hyperref Info: Option `bookmarks' set `true' on input line 4073.
Package hyperref Info: Option `bookmarksopen' set `true' on input line 4073.
Package hyperref Info: Option `implicit' set `false' on input line 4073.
Package hyperref Info: Hyper figures OFF on input line 4192.
Package hyperref Info: Link nesting OFF on input line 4197.
Package hyperref Info: Hyper index ON on input line 4200.
Package hyperref Info: Plain pages OFF on input line 4207.
Package hyperref Info: Backreferencing OFF on input line 4212.
Package hyperref Info: Implicit mode OFF; no redefinition of LaTeX internals.
Package hyperref Info: Bookmarks ON on input line 4445.
\c@Hy@tempcnt=\count298

(C:\Users\morazanm\AppData\Local\Programs\MiKTeX\tex/latex/url\url.sty
\Urlmuskip=\muskip16
Package: url 2013/09/16  ver 3.4  Verb mode for urls, etc.
)
LaTeX Info: Redefining \url on input line 4804.
\XeTeXLinkMargin=\dimen266

(C:\Users\morazanm\AppData\Local\Programs\MiKTeX\tex/generic/bitset\bitset.sty
Package: bitset 2019/12/09 v1.3 Handle bit-vector datatype (HO)

(C:\Users\morazanm\AppData\Local\Programs\MiKTeX\tex/generic/bigintcalc\bigintc
alc.sty
Package: bigintcalc 2019/12/15 v1.5 Expandable calculations on big integers (HO
)
))
\Fld@menulength=\count299
\Field@Width=\dimen267
\Fld@charsize=\dimen268
Package hyperref Info: Hyper figures OFF on input line 6076.
Package hyperref Info: Link nesting OFF on input line 6081.
Package hyperref Info: Hyper index ON on input line 6084.
Package hyperref Info: backreferencing OFF on input line 6091.
Package hyperref Info: Link coloring OFF on input line 6096.
Package hyperref Info: Link coloring with OCG OFF on input line 6101.
Package hyperref Info: PDF/A mode OFF on input line 6106.
LaTeX Info: Redefining \ref on input line 6146.
LaTeX Info: Redefining \pageref on input line 6150.
\Hy@abspage=\count300


Package hyperref Message: Stopped early.

)
Package hyperref Info: Driver (autodetected): hpdftex.

(C:\Users\morazanm\AppData\Local\Programs\MiKTeX\tex/latex/hyperref\hpdftex.def
File: hpdftex.def 2021-06-07 v7.00m Hyperref driver for pdfTeX

(C:\Users\morazanm\AppData\Local\Programs\MiKTeX\tex/latex/base\atveryend-ltx.s
ty
Package: atveryend-ltx 2020/08/19 v1.0a Emulation of the original atvery packag
e
with kernel methods
)
\Fld@listcount=\count301
\c@bookmark@seq@number=\count302

(C:\Users\morazanm\AppData\Local\Programs\MiKTeX\tex/latex/rerunfilecheck\rerun
filecheck.sty
Package: rerunfilecheck 2019/12/05 v1.9 Rerun checks for auxiliary files (HO)

(C:\Users\morazanm\AppData\Local\Programs\MiKTeX\tex/generic/uniquecounter\uniq
uecounter.sty
Package: uniquecounter 2019/12/15 v1.4 Provide unlimited unique counter (HO)
)
Package uniquecounter Info: New unique counter `rerunfilecheck' on input line 2
86.
))
(C:\Users\morazanm\AppData\Local\Programs\MiKTeX\tex/latex/beamer\beamerbasereq
uires.sty
(C:\Users\morazanm\AppData\Local\Programs\MiKTeX\tex/latex/beamer\beamerbasecom
patibility.sty)
(C:\Users\morazanm\AppData\Local\Programs\MiKTeX\tex/latex/beamer\beamerbasefon
t.sty
(C:\Users\morazanm\AppData\Local\Programs\MiKTeX\tex/latex/amsfonts\amssymb.sty
Package: amssymb 2013/01/14 v3.01 AMS font symbols

(C:\Users\morazanm\AppData\Local\Programs\MiKTeX\tex/latex/amsfonts\amsfonts.st
y
Package: amsfonts 2013/01/14 v3.01 Basic AMSFonts support
\@emptytoks=\toks28
\symAMSa=\mathgroup4
\symAMSb=\mathgroup5
LaTeX Font Info:    Redeclaring math symbol \hbar on input line 98.
LaTeX Font Info:    Overwriting math alphabet `\mathfrak' in version `bold'
(Font)                  U/euf/m/n --> U/euf/b/n on input line 106.
))
(C:\Users\morazanm\AppData\Local\Programs\MiKTeX\tex/latex/sansmathaccent\sansm
athaccent.sty
Package: sansmathaccent 2020/01/31

(C:\Users\morazanm\AppData\Local\Programs\MiKTeX\tex/latex/koma-script\scrlfile
.sty
Package: scrlfile 2021/11/13 v3.35 KOMA-Script package (file load hooks)

(C:\Users\morazanm\AppData\Local\Programs\MiKTeX\tex/latex/koma-script\scrlfile
-hook-3.34.sty
Package: scrlfile-hook-3.34 2021/11/13 v3.35 KOMA-Script package (using LaTeX h
ooks)

(C:\Users\morazanm\AppData\Local\Programs\MiKTeX\tex/latex/koma-script\scrlogo.
sty
Package: scrlogo 2021/11/13 v3.35 KOMA-Script package (logo)
)))))
(C:\Users\morazanm\AppData\Local\Programs\MiKTeX\tex/latex/beamer\beamerbasetra
nslator.sty
(C:\Users\morazanm\AppData\Local\Programs\MiKTeX\tex/latex/translator\translato
r.sty
Package: translator 2021-05-31 v1.12d Easy translation of strings in LaTeX
))
(C:\Users\morazanm\AppData\Local\Programs\MiKTeX\tex/latex/beamer\beamerbasemis
c.sty)
(C:\Users\morazanm\AppData\Local\Programs\MiKTeX\tex/latex/beamer\beamerbasetwo
screens.sty)
(C:\Users\morazanm\AppData\Local\Programs\MiKTeX\tex/latex/beamer\beamerbaseove
rlay.sty
\beamer@argscount=\count303
\beamer@lastskipcover=\skip50
\beamer@trivlistdepth=\count304
)
(C:\Users\morazanm\AppData\Local\Programs\MiKTeX\tex/latex/beamer\beamerbasetit
le.sty)
(C:\Users\morazanm\AppData\Local\Programs\MiKTeX\tex/latex/beamer\beamerbasesec
tion.sty
\c@lecture=\count305
\c@part=\count306
\c@section=\count307
\c@subsection=\count308
\c@subsubsection=\count309
)
(C:\Users\morazanm\AppData\Local\Programs\MiKTeX\tex/latex/beamer\beamerbasefra
me.sty
\beamer@framebox=\box65
\beamer@frametitlebox=\box66
\beamer@zoombox=\box67
\beamer@zoomcount=\count310
\beamer@zoomframecount=\count311
\beamer@frametextheight=\dimen269
\c@subsectionslide=\count312
\beamer@frametopskip=\skip51
\beamer@framebottomskip=\skip52
\beamer@frametopskipautobreak=\skip53
\beamer@framebottomskipautobreak=\skip54
\beamer@envbody=\toks29
\framewidth=\dimen270
\c@framenumber=\count313
)
(C:\Users\morazanm\AppData\Local\Programs\MiKTeX\tex/latex/beamer\beamerbasever
batim.sty
\beamer@verbatimfileout=\write4
)
(C:\Users\morazanm\AppData\Local\Programs\MiKTeX\tex/latex/beamer\beamerbasefra
mesize.sty
\beamer@splitbox=\box68
\beamer@autobreakcount=\count314
\beamer@autobreaklastheight=\dimen271
\beamer@frametitletoks=\toks30
\beamer@framesubtitletoks=\toks31
)
(C:\Users\morazanm\AppData\Local\Programs\MiKTeX\tex/latex/beamer\beamerbasefra
mecomponents.sty
\beamer@footins=\box69
)
(C:\Users\morazanm\AppData\Local\Programs\MiKTeX\tex/latex/beamer\beamerbasecol
or.sty)
(C:\Users\morazanm\AppData\Local\Programs\MiKTeX\tex/latex/beamer\beamerbasenot
es.sty
\beamer@frameboxcopy=\box70
)
(C:\Users\morazanm\AppData\Local\Programs\MiKTeX\tex/latex/beamer\beamerbasetoc
.sty)
(C:\Users\morazanm\AppData\Local\Programs\MiKTeX\tex/latex/beamer\beamerbasetem
plates.sty
\beamer@sbttoks=\toks32

(C:\Users\morazanm\AppData\Local\Programs\MiKTeX\tex/latex/beamer\beamerbaseaux
templates.sty
(C:\Users\morazanm\AppData\Local\Programs\MiKTeX\tex/latex/beamer\beamerbasebox
es.sty
\bmb@box=\box71
\bmb@colorbox=\box72
\bmb@boxwidth=\dimen272
\bmb@boxheight=\dimen273
\bmb@prevheight=\dimen274
\bmb@temp=\dimen275
\bmb@dima=\dimen276
\bmb@dimb=\dimen277
\bmb@prevheight=\dimen278
)
\beamer@blockheadheight=\dimen279
))
(C:\Users\morazanm\AppData\Local\Programs\MiKTeX\tex/latex/beamer\beamerbaseloc
alstructure.sty
(C:\Users\morazanm\AppData\Local\Programs\MiKTeX\tex/latex/tools\enumerate.sty
Package: enumerate 2015/07/23 v3.00 enumerate extensions (DPC)
\@enLab=\toks33
)
\beamer@bibiconwidth=\skip55
\c@figure=\count315
\c@table=\count316
\abovecaptionskip=\skip56
\belowcaptionskip=\skip57
)
(C:\Users\morazanm\AppData\Local\Programs\MiKTeX\tex/latex/beamer\beamerbasenav
igation.sty
\beamer@section@min@dim=\dimen280
)
(C:\Users\morazanm\AppData\Local\Programs\MiKTeX\tex/latex/beamer\beamerbasethe
orems.sty
(C:\Users\morazanm\AppData\Local\Programs\MiKTeX\tex/latex/amsmath\amsmath.sty
Package: amsmath 2021/04/20 v2.17j AMS math features
\@mathmargin=\skip58

For additional information on amsmath, use the `?' option.
(C:\Users\morazanm\AppData\Local\Programs\MiKTeX\tex/latex/amsmath\amstext.sty
Package: amstext 2000/06/29 v2.01 AMS text

(C:\Users\morazanm\AppData\Local\Programs\MiKTeX\tex/latex/amsmath\amsgen.sty
File: amsgen.sty 1999/11/30 v2.0 generic functions
\@emptytoks=\toks34
\ex@=\dimen281
)) (C:\Users\morazanm\AppData\Local\Programs\MiKTeX\tex/latex/amsmath\amsbsy.st
y
Package: amsbsy 1999/11/29 v1.2d Bold Symbols
\pmbraise@=\dimen282
) (C:\Users\morazanm\AppData\Local\Programs\MiKTeX\tex/latex/amsmath\amsopn.sty
Package: amsopn 2016/03/08 v2.02 operator names
)
\inf@bad=\count317
LaTeX Info: Redefining \frac on input line 234.
\uproot@=\count318
\leftroot@=\count319
LaTeX Info: Redefining \overline on input line 399.
\classnum@=\count320
\DOTSCASE@=\count321
LaTeX Info: Redefining \ldots on input line 496.
LaTeX Info: Redefining \dots on input line 499.
LaTeX Info: Redefining \cdots on input line 620.
\Mathstrutbox@=\box73
\strutbox@=\box74
\big@size=\dimen283
LaTeX Font Info:    Redeclaring font encoding OML on input line 743.
LaTeX Font Info:    Redeclaring font encoding OMS on input line 744.
\macc@depth=\count322
\c@MaxMatrixCols=\count323
\dotsspace@=\muskip17
\c@parentequation=\count324
\dspbrk@lvl=\count325
\tag@help=\toks35
\row@=\count326
\column@=\count327
\maxfields@=\count328
\andhelp@=\toks36
\eqnshift@=\dimen284
\alignsep@=\dimen285
\tagshift@=\dimen286
\tagwidth@=\dimen287
\totwidth@=\dimen288
\lineht@=\dimen289
\@envbody=\toks37
\multlinegap=\skip59
\multlinetaggap=\skip60
\mathdisplay@stack=\toks38
LaTeX Info: Redefining \[ on input line 2923.
LaTeX Info: Redefining \] on input line 2924.
) (C:\Users\morazanm\AppData\Local\Programs\MiKTeX\tex/latex/amscls\amsthm.sty
Package: amsthm 2020/05/29 v2.20.6
\thm@style=\toks39
\thm@bodyfont=\toks40
\thm@headfont=\toks41
\thm@notefont=\toks42
\thm@headpunct=\toks43
\thm@preskip=\skip61
\thm@postskip=\skip62
\thm@headsep=\skip63
\dth@everypar=\toks44
)
\c@theorem=\count329
)
(C:\Users\morazanm\AppData\Local\Programs\MiKTeX\tex/latex/beamer\beamerbasethe
mes.sty))
(C:\Users\morazanm\AppData\Local\Programs\MiKTeX\tex/latex/beamer\beamerthemede
fault.sty
(C:\Users\morazanm\AppData\Local\Programs\MiKTeX\tex/latex/beamer\beamerfontthe
medefault.sty)
(C:\Users\morazanm\AppData\Local\Programs\MiKTeX\tex/latex/beamer\beamercolorth
emedefault.sty)
(C:\Users\morazanm\AppData\Local\Programs\MiKTeX\tex/latex/beamer\beamerinnerth
emedefault.sty
\beamer@dima=\dimen290
\beamer@dimb=\dimen291
)
(C:\Users\morazanm\AppData\Local\Programs\MiKTeX\tex/latex/beamer\beamerouterth
emedefault.sty)))
(C:\Users\morazanm\AppData\Local\Programs\MiKTeX\tex/latex/base\alltt.sty
Package: alltt 2021/01/29 v2.0g defines alltt environment
)
(C:\Users\morazanm\AppData\Local\Programs\MiKTeX\tex/latex/pgf/frontendlayer\ti
kz.sty
(C:\Users\morazanm\AppData\Local\Programs\MiKTeX\tex/latex/pgf/basiclayer\pgf.s
ty
Package: pgf 2021/05/15 v3.1.9a (3.1.9a)

(C:\Users\morazanm\AppData\Local\Programs\MiKTeX\tex/generic/pgf/modules\pgfmod
uleshapes.code.tex
File: pgfmoduleshapes.code.tex 2021/05/15 v3.1.9a (3.1.9a)
\pgfnodeparttextbox=\box75
)
(C:\Users\morazanm\AppData\Local\Programs\MiKTeX\tex/generic/pgf/modules\pgfmod
uleplot.code.tex
File: pgfmoduleplot.code.tex 2021/05/15 v3.1.9a (3.1.9a)
)
(C:\Users\morazanm\AppData\Local\Programs\MiKTeX\tex/latex/pgf/compatibility\pg
fcomp-version-0-65.sty
Package: pgfcomp-version-0-65 2021/05/15 v3.1.9a (3.1.9a)
\pgf@nodesepstart=\dimen292
\pgf@nodesepend=\dimen293
)
(C:\Users\morazanm\AppData\Local\Programs\MiKTeX\tex/latex/pgf/compatibility\pg
fcomp-version-1-18.sty
Package: pgfcomp-version-1-18 2021/05/15 v3.1.9a (3.1.9a)
))
(C:\Users\morazanm\AppData\Local\Programs\MiKTeX\tex/latex/pgf/utilities\pgffor
.sty
(C:\Users\morazanm\AppData\Local\Programs\MiKTeX\tex/generic/pgf/utilities\pgff
or.code.tex
Package: pgffor 2021/05/15 v3.1.9a (3.1.9a)

(C:\Users\morazanm\AppData\Local\Programs\MiKTeX\tex/generic/pgf/math\pgfmath.c
ode.tex)
\pgffor@iter=\dimen294
\pgffor@skip=\dimen295
\pgffor@stack=\toks45
\pgffor@toks=\toks46
))
(C:\Users\morazanm\AppData\Local\Programs\MiKTeX\tex/generic/pgf/frontendlayer/
tikz\tikz.code.tex
Package: tikz 2021/05/15 v3.1.9a (3.1.9a)

(C:\Users\morazanm\AppData\Local\Programs\MiKTeX\tex/generic/pgf/libraries\pgfl
ibraryplothandlers.code.tex
File: pgflibraryplothandlers.code.tex 2021/05/15 v3.1.9a (3.1.9a)
\pgf@plot@mark@count=\count330
\pgfplotmarksize=\dimen296
)
\tikz@lastx=\dimen297
\tikz@lasty=\dimen298
\tikz@lastxsaved=\dimen299
\tikz@lastysaved=\dimen300
\tikz@lastmovetox=\dimen301
\tikz@lastmovetoy=\dimen302
\tikzleveldistance=\dimen303
\tikzsiblingdistance=\dimen304
\tikz@figbox=\box76
\tikz@figbox@bg=\box77
\tikz@tempbox=\box78
\tikz@tempbox@bg=\box79
\tikztreelevel=\count331
\tikznumberofchildren=\count332
\tikznumberofcurrentchild=\count333
\tikz@fig@count=\count334

(C:\Users\morazanm\AppData\Local\Programs\MiKTeX\tex/generic/pgf/modules\pgfmod
ulematrix.code.tex
File: pgfmodulematrix.code.tex 2021/05/15 v3.1.9a (3.1.9a)
\pgfmatrixcurrentrow=\count335
\pgfmatrixcurrentcolumn=\count336
\pgf@matrix@numberofcolumns=\count337
)
\tikz@expandcount=\count338

(C:\Users\morazanm\AppData\Local\Programs\MiKTeX\tex/generic/pgf/frontendlayer/
tikz/libraries\tikzlibrarytopaths.code.tex
File: tikzlibrarytopaths.code.tex 2021/05/15 v3.1.9a (3.1.9a)
)))
(C:\Users\morazanm\AppData\Local\Programs\MiKTeX\tex/generic/pgf/frontendlayer/
tikz/libraries\tikzlibrarymatrix.code.tex
File: tikzlibrarymatrix.code.tex 2021/05/15 v3.1.9a (3.1.9a)
)
(C:\Users\morazanm\AppData\Local\Programs\MiKTeX\tex/generic/pgf/frontendlayer/
tikz/libraries\tikzlibrarytrees.code.tex
File: tikzlibrarytrees.code.tex 2021/05/15 v3.1.9a (3.1.9a)
)
(C:\Users\morazanm\AppData\Local\Programs\MiKTeX\tex/latex/cancel\cancel.sty
Package: cancel 2013/04/12 v2.2 Cancel math terms
)
(C:\Users\morazanm\AppData\Local\Programs\MiKTeX\tex/latex/caption\subcaption.s
ty
Package: subcaption 2020/10/07 v1.3j Sub-captions (AR)

(C:\Users\morazanm\AppData\Local\Programs\MiKTeX\tex/latex/caption\caption.sty
Package: caption 2020/10/26 v3.5g Customizing captions (AR)

(C:\Users\morazanm\AppData\Local\Programs\MiKTeX\tex/latex/caption\caption3.sty
Package: caption3 2020/10/21 v2.2e caption3 kernel (AR)
\captionmargin=\dimen305
\captionmargin@=\dimen306
\captionwidth=\dimen307
\caption@tempdima=\dimen308
\caption@indent=\dimen309
\caption@parindent=\dimen310
\caption@hangindent=\dimen311
Package caption Info: beamer document class detected.

(C:\Users\morazanm\AppData\Local\Programs\MiKTeX\tex/latex/caption\caption-beam
er.sto
File: caption-beamer.sto 2020/08/22 v2.0 Adaption of the caption package to the
 beamer document classes (AR)
))
\c@caption@flags=\count339
\c@continuedfloat=\count340
Package caption Info: hyperref package is loaded.
Package caption Info: Hyperref support is turned off
(caption)             because hyperref has stopped early.
)
\c@subfigure=\count341
\c@subtable=\count342
)
(C:\Users\morazanm\AppData\Local\Programs\MiKTeX\tex/latex/adjustbox\adjustbox.
sty
Package: adjustbox 2020/08/19 v1.3 Adjusting TeX boxes (trim, clip, ...)

(C:\Users\morazanm\AppData\Local\Programs\MiKTeX\tex/latex/xkeyval\xkeyval.sty
Package: xkeyval 2020/11/20 v2.8 package option processing (HA)

(C:\Users\morazanm\AppData\Local\Programs\MiKTeX\tex/generic/xkeyval\xkeyval.te
x
(C:\Users\morazanm\AppData\Local\Programs\MiKTeX\tex/generic/xkeyval\xkvutils.t
ex
\XKV@toks=\toks47
\XKV@tempa@toks=\toks48
)
\XKV@depth=\count343
File: xkeyval.tex 2014/12/03 v2.7a key=value parser (HA)
))
(C:\Users\morazanm\AppData\Local\Programs\MiKTeX\tex/latex/adjustbox\adjcalc.st
y
Package: adjcalc 2012/05/16 v1.1 Provides advanced setlength with multiple back
-ends (calc, etex, pgfmath)
)
(C:\Users\morazanm\AppData\Local\Programs\MiKTeX\tex/latex/adjustbox\trimclip.s
ty
Package: trimclip 2020/08/19 v1.2 Trim and clip general TeX material

(C:\Users\morazanm\AppData\Local\Programs\MiKTeX\tex/latex/collectbox\collectbo
x.sty
Package: collectbox 2012/05/17 v0.4b Collect macro arguments as boxes
\collectedbox=\box80
)
\tc@llx=\dimen312
\tc@lly=\dimen313
\tc@urx=\dimen314
\tc@ury=\dimen315
Package trimclip Info: Using driver 'tc-pdftex.def'.

(C:\Users\morazanm\AppData\Local\Programs\MiKTeX\tex/latex/adjustbox\tc-pdftex.
def
File: tc-pdftex.def 2019/01/04 v2.2 Clipping driver for pdftex
))
\adjbox@Width=\dimen316
\adjbox@Height=\dimen317
\adjbox@Depth=\dimen318
\adjbox@Totalheight=\dimen319
\adjbox@pwidth=\dimen320
\adjbox@pheight=\dimen321
\adjbox@pdepth=\dimen322
\adjbox@ptotalheight=\dimen323

(C:\Users\morazanm\AppData\Local\Programs\MiKTeX\tex/latex/ifoddpage\ifoddpage.
sty
Package: ifoddpage 2016/04/23 v1.1 Conditionals for odd/even page detection
\c@checkoddpage=\count344
)
(C:\Users\morazanm\AppData\Local\Programs\MiKTeX\tex/latex/varwidth\varwidth.st
y
Package: varwidth 2009/03/30 ver 0.92;  Variable-width minipages
\@vwid@box=\box81
\sift@deathcycles=\count345
\@vwid@loff=\dimen324
\@vwid@roff=\dimen325
))
(C:\Users\morazanm\AppData\Local\Programs\MiKTeX\tex/latex/beamer\beamerthemeHa
nnover.sty
(C:\Users\morazanm\AppData\Local\Programs\MiKTeX\tex/latex/beamer\beamerouterth
emesidebar.sty
\beamer@sidebarwidth=\dimen326
\beamer@headheight=\dimen327
)
(C:\Users\morazanm\AppData\Local\Programs\MiKTeX\tex/latex/beamer\beamercolorth
emeseahorse.sty)
(C:\Users\morazanm\AppData\Local\Programs\MiKTeX\tex/latex/beamer\beamerinnerth
emecircles.sty))
(C:\Users\morazanm\AppData\Local\Programs\MiKTeX\tex/latex/l3backend\l3backend-
pdftex.def
File: l3backend-pdftex.def 2021-08-04 L3 backend support: PDF output (pdfTeX)
\l__color_backend_stack_int=\count346
\l__pdf_internal_box=\box82
) (Context-Free-Languages.aux

LaTeX Warning: Label `in-alom' multiply defined.


LaTeX Warning: Label `notin-alom' multiply defined.


LaTeX Warning: Label `anbn-thm-inv' multiply defined.


LaTeX Warning: Label `notin-alom' multiply defined.

)
\openout1 = `Context-Free-Languages.aux'.

LaTeX Font Info:    Checking defaults for OML/cmm/m/it on input line 64.
LaTeX Font Info:    ... okay on input line 64.
LaTeX Font Info:    Checking defaults for OMS/cmsy/m/n on input line 64.
LaTeX Font Info:    ... okay on input line 64.
LaTeX Font Info:    Checking defaults for OT1/cmr/m/n on input line 64.
LaTeX Font Info:    ... okay on input line 64.
LaTeX Font Info:    Checking defaults for T1/cmr/m/n on input line 64.
LaTeX Font Info:    ... okay on input line 64.
LaTeX Font Info:    Checking defaults for TS1/cmr/m/n on input line 64.
LaTeX Font Info:    ... okay on input line 64.
LaTeX Font Info:    Checking defaults for OMX/cmex/m/n on input line 64.
LaTeX Font Info:    ... okay on input line 64.
LaTeX Font Info:    Checking defaults for U/cmr/m/n on input line 64.
LaTeX Font Info:    ... okay on input line 64.
LaTeX Font Info:    Checking defaults for PD1/pdf/m/n on input line 64.
LaTeX Font Info:    ... okay on input line 64.
LaTeX Font Info:    Checking defaults for PU/pdf/m/n on input line 64.
LaTeX Font Info:    ... okay on input line 64.

*geometry* driver: auto-detecting
*geometry* detected driver: pdftex
*geometry* verbose mode - [ preamble ] result:
* driver: pdftex
* paper: custom
* layout: <same size as paper>
* layoutoffset:(h,v)=(0.0pt,0.0pt)
* modes: includehead includefoot 
* h-part:(L,W,R)=(59.22636pt, 290.74263pt, 14.22636pt)
* v-part:(T,H,B)=(0.0pt, 273.14662pt, 0.0pt)
* \paperwidth=364.19536pt
* \paperheight=273.14662pt
* \textwidth=290.74263pt
* \textheight=244.6939pt
* \oddsidemargin=-13.04362pt
* \evensidemargin=-13.04362pt
* \topmargin=-72.26999pt
* \headheight=14.22636pt
* \headsep=0.0pt
* \topskip=11.0pt
* \footskip=14.22636pt
* \marginparwidth=4.0pt
* \marginparsep=10.0pt
* \columnsep=10.0pt
* \skip\footins=10.0pt plus 4.0pt minus 2.0pt
* \hoffset=0.0pt
* \voffset=0.0pt
* \mag=1000
* \@twocolumnfalse
* \@twosidefalse
* \@mparswitchfalse
* \@reversemarginfalse
* (1in=72.27pt=25.4mm, 1cm=28.453pt)


(C:\Users\morazanm\AppData\Local\Programs\MiKTeX\tex/context/base/mkii\supp-pdf
.mkii
[Loading MPS to PDF converter (version 2006.09.02).]
\scratchcounter=\count347
\scratchdimen=\dimen328
\scratchbox=\box83
\nofMPsegments=\count348
\nofMParguments=\count349
\everyMPshowfont=\toks49
\MPscratchCnt=\count350
\MPscratchDim=\dimen329
\MPnumerator=\count351
\makeMPintoPDFobject=\count352
\everyMPtoPDFconversion=\toks50
)
(C:\Users\morazanm\AppData\Local\Programs\MiKTeX\tex/latex/epstopdf-pkg\epstopd
f-base.sty
Package: epstopdf-base 2020-01-24 v2.11 Base part for package epstopdf
Package epstopdf-base Info: Redefining graphics rule for `.eps' on input line 4
85.

(C:\Users\morazanm\AppData\Local\Programs\MiKTeX\tex/latex/00miktex\epstopdf-sy
s.cfg
File: epstopdf-sys.cfg 2021/03/18 v2.0 Configuration of epstopdf for MiKTeX
))
Package hyperref Info: Link coloring OFF on input line 64.

(C:\Users\morazanm\AppData\Local\Programs\MiKTeX\tex/latex/hyperref\nameref.sty
Package: nameref 2021-04-02 v2.47 Cross-referencing by name of section

(C:\Users\morazanm\AppData\Local\Programs\MiKTeX\tex/latex/refcount\refcount.st
y
Package: refcount 2019/12/15 v3.6 Data extraction from label references (HO)
)
(C:\Users\morazanm\AppData\Local\Programs\MiKTeX\tex/generic/gettitlestring\get
titlestring.sty
Package: gettitlestring 2019/12/15 v1.6 Cleanup title references (HO)
)
\c@section@level=\count353
)
LaTeX Info: Redefining \ref on input line 64.
LaTeX Info: Redefining \pageref on input line 64.
LaTeX Info: Redefining \nameref on input line 64.
 (Context-Free-Languages.out) (Context-Free-Languages.out)
\@outlinefile=\write5
\openout5 = `Context-Free-Languages.out'.

LaTeX Font Info:    Overwriting symbol font `operators' in version `normal'
(Font)                  OT1/cmr/m/n --> OT1/cmss/m/n on input line 64.
LaTeX Font Info:    Overwriting symbol font `operators' in version `bold'
(Font)                  OT1/cmr/bx/n --> OT1/cmss/b/n on input line 64.
\symnumbers=\mathgroup6
\sympureletters=\mathgroup7
LaTeX Font Info:    Overwriting math alphabet `\mathrm' in version `normal'
(Font)                  OT1/cmss/m/n --> OT1/cmr/m/n on input line 64.
LaTeX Font Info:    Redeclaring math alphabet \mathbf on input line 64.
LaTeX Font Info:    Overwriting math alphabet `\mathbf' in version `normal'
(Font)                  OT1/cmr/bx/n --> OT1/cmss/b/n on input line 64.
LaTeX Font Info:    Overwriting math alphabet `\mathbf' in version `bold'
(Font)                  OT1/cmr/bx/n --> OT1/cmss/b/n on input line 64.
LaTeX Font Info:    Redeclaring math alphabet \mathsf on input line 64.
LaTeX Font Info:    Overwriting math alphabet `\mathsf' in version `normal'
(Font)                  OT1/cmss/m/n --> OT1/cmss/m/n on input line 64.
LaTeX Font Info:    Overwriting math alphabet `\mathsf' in version `bold'
(Font)                  OT1/cmss/bx/n --> OT1/cmss/m/n on input line 64.
LaTeX Font Info:    Redeclaring math alphabet \mathit on input line 64.
LaTeX Font Info:    Overwriting math alphabet `\mathit' in version `normal'
(Font)                  OT1/cmr/m/it --> OT1/cmss/m/it on input line 64.
LaTeX Font Info:    Overwriting math alphabet `\mathit' in version `bold'
(Font)                  OT1/cmr/bx/it --> OT1/cmss/m/it on input line 64.
LaTeX Font Info:    Redeclaring math alphabet \mathtt on input line 64.
LaTeX Font Info:    Overwriting math alphabet `\mathtt' in version `normal'
(Font)                  OT1/cmtt/m/n --> OT1/cmtt/m/n on input line 64.
LaTeX Font Info:    Overwriting math alphabet `\mathtt' in version `bold'
(Font)                  OT1/cmtt/m/n --> OT1/cmtt/m/n on input line 64.
LaTeX Font Info:    Overwriting symbol font `numbers' in version `bold'
(Font)                  OT1/cmss/m/n --> OT1/cmss/b/n on input line 64.
LaTeX Font Info:    Overwriting symbol font `pureletters' in version `bold'
(Font)                  OT1/cmss/m/it --> OT1/cmss/b/it on input line 64.
LaTeX Font Info:    Overwriting math alphabet `\mathrm' in version `bold'
(Font)                  OT1/cmss/b/n --> OT1/cmr/b/n on input line 64.
LaTeX Font Info:    Overwriting math alphabet `\mathbf' in version `bold'
(Font)                  OT1/cmss/b/n --> OT1/cmss/b/n on input line 64.
LaTeX Font Info:    Overwriting math alphabet `\mathsf' in version `bold'
(Font)                  OT1/cmss/m/n --> OT1/cmss/b/n on input line 64.
LaTeX Font Info:    Overwriting math alphabet `\mathit' in version `bold'
(Font)                  OT1/cmss/m/it --> OT1/cmss/b/it on input line 64.
LaTeX Font Info:    Overwriting math alphabet `\mathtt' in version `bold'
(Font)                  OT1/cmtt/m/n --> OT1/cmtt/b/n on input line 64.
LaTeX Font Info:    Redeclaring symbol font `pureletters' on input line 64.
LaTeX Font Info:    Overwriting symbol font `pureletters' in version `normal'
(Font)                  OT1/cmss/m/it --> OT1/mathkerncmss/m/sl on input line 6
4.
LaTeX Font Info:    Overwriting symbol font `pureletters' in version `bold'
(Font)                  OT1/cmss/b/it --> OT1/mathkerncmss/m/sl on input line 6
4.
LaTeX Font Info:    Overwriting symbol font `pureletters' in version `bold'
(Font)                  OT1/mathkerncmss/m/sl --> OT1/mathkerncmss/bx/sl on inp
ut line 64.

(C:\Users\morazanm\AppData\Local\Programs\MiKTeX\tex/latex/translator\translato
r-basic-dictionary-English.dict
Dictionary: translator-basic-dictionary, Language: English 
)
(C:\Users\morazanm\AppData\Local\Programs\MiKTeX\tex/latex/translator\translato
r-bibliography-dictionary-English.dict
Dictionary: translator-bibliography-dictionary, Language: English 
)
(C:\Users\morazanm\AppData\Local\Programs\MiKTeX\tex/latex/translator\translato
r-environment-dictionary-English.dict
Dictionary: translator-environment-dictionary, Language: English 
)
(C:\Users\morazanm\AppData\Local\Programs\MiKTeX\tex/latex/translator\translato
r-months-dictionary-English.dict
Dictionary: translator-months-dictionary, Language: English 
)
(C:\Users\morazanm\AppData\Local\Programs\MiKTeX\tex/latex/translator\translato
r-numbers-dictionary-English.dict
Dictionary: translator-numbers-dictionary, Language: English 
)
(C:\Users\morazanm\AppData\Local\Programs\MiKTeX\tex/latex/translator\translato
r-theorem-dictionary-English.dict
Dictionary: translator-theorem-dictionary, Language: English 
)
Package caption Info: Begin \AtBeginDocument code.
Package caption Info: End \AtBeginDocument code.
 (Context-Free-Languages.nav)

Package hyperref Warning: Option `pdfauthor' has already been used,
(hyperref)                setting the option has no effect on input line 68.

[1{C:/Users/morazanm/AppData/Local/MiKTeX/pdftex/config/pdftex.map}

]
(Context-Free-Languages.toc) [2

]
\openout4 = `Context-Free-Languages.vrb'.

 (Context-Free-Languages.vrb
LaTeX Font Info:    Trying to load font information for U+msa on input line 5.

(C:\Users\morazanm\AppData\Local\Programs\MiKTeX\tex/latex/amsfonts\umsa.fd
File: umsa.fd 2013/01/14 v3.01 AMS symbols A
)
LaTeX Font Info:    Trying to load font information for U+msb on input line 5.

(C:\Users\morazanm\AppData\Local\Programs\MiKTeX\tex/latex/amsfonts\umsb.fd
File: umsb.fd 2013/01/14 v3.01 AMS symbols B
)
LaTeX Font Info:    Trying to load font information for OT1+mathkerncmss on inp
ut line 5.

(C:\Users\morazanm\AppData\Local\Programs\MiKTeX\tex/latex/sansmathaccent\ot1ma
thkerncmss.fd
File: ot1mathkerncmss.fd 2020/01/31 Fontinst v1.933 font definitions for OT1/ma
thkerncmss.
)) [3

] (Context-Free-Languages.vrb) [4

]
(Context-Free-Languages.vrb) [5

]
\openout4 = `Context-Free-Languages.vrb'.

 (Context-Free-Languages.vrb
LaTeX Font Info:    Trying to load font information for OMS+cmtt on input line 
29.
LaTeX Font Info:    No file OMScmtt.fd. on input line 29.


LaTeX Font Warning: Font shape `OMS/cmtt/m/n' undefined
(Font)              using `OMS/cmsy/m/n' instead
(Font)              for symbol `textbraceleft' on input line 29.

) [6

] (Context-Free-Languages.vrb) [7

] (Context-Free-Languages.vrb) [8

]
\openout4 = `Context-Free-Languages.vrb'.


(Context-Free-Languages.vrb) [9

] (Context-Free-Languages.vrb) [10

]
(Context-Free-Languages.vrb) [11

] (Context-Free-Languages.vrb) [12

]
(Context-Free-Languages.vrb) [13

] (Context-Free-Languages.vrb) [14

]
\openout4 = `Context-Free-Languages.vrb'.


(Context-Free-Languages.vrb
LaTeX Font Info:    Trying to load font information for TS1+cmtt on input line 
7.

(C:\Users\morazanm\AppData\Local\Programs\MiKTeX\tex/latex/base\ts1cmtt.fd
File: ts1cmtt.fd 2019/12/16 v2.5j Standard LaTeX font definitions
))
[15

] (Context-Free-Languages.vrb) [16

]
\openout4 = `Context-Free-Languages.vrb'.

 (Context-Free-Languages.vrb
Overfull \hbox (15.91042pt too wide) in paragraph at lines 14--14
 []\OT1/cmtt/m/n/8 (check-equal? (grammar-derive a2nb2n \TS1/cmtt/m/n/8 '\OT1/c
mtt/m/n/8 (b b b))  ;; Tests for a2nb2n[] 
 []

) [17

]
\openout4 = `Context-Free-Languages.vrb'.

 (Context-Free-Languages.vrb) [18

]
\openout4 = `Context-Free-Languages.vrb'.

 (Context-Free-Languages.vrb) [19

]
(Context-Free-Languages.vrb) [20

]
\openout4 = `Context-Free-Languages.vrb'.

 (Context-Free-Languages.vrb) [21

]
(Context-Free-Languages.vrb) [22

] (Context-Free-Languages.vrb) [23

]
(Context-Free-Languages.vrb) [24

] (Context-Free-Languages.vrb) [25

]
(Context-Free-Languages.vrb) [26

]
\openout4 = `Context-Free-Languages.vrb'.

 (Context-Free-Languages.vrb) [27

]
\openout4 = `Context-Free-Languages.vrb'.


(Context-Free-Languages.vrb) [28

]
\openout4 = `Context-Free-Languages.vrb'.

 (Context-Free-Languages.vrb) [29

]
(Context-Free-Languages.vrb) [30

] (Context-Free-Languages.vrb) [31

]
\openout4 = `Context-Free-Languages.vrb'.


(Context-Free-Languages.vrb) [32

] (Context-Free-Languages.vrb) [33

]
\openout4 = `Context-Free-Languages.vrb'.


(Context-Free-Languages.vrb) [34

] (Context-Free-Languages.vrb) [35

]
(Context-Free-Languages.vrb) [36

] (Context-Free-Languages.vrb) [37

]
(Context-Free-Languages.vrb) [38

] (Context-Free-Languages.vrb) [39

]
(Context-Free-Languages.vrb) [40

]
\openout4 = `Context-Free-Languages.vrb'.

 (Context-Free-Languages.vrb) [41

]
(Context-Free-Languages.vrb) [42

] (Context-Free-Languages.vrb) [43

]
\openout4 = `Context-Free-Languages.vrb'.


(Context-Free-Languages.vrb) [44

]
\openout4 = `Context-Free-Languages.vrb'.

 (Context-Free-Languages.vrb) [45

]
(Context-Free-Languages.vrb) [46

] (Context-Free-Languages.vrb) [47

]
\openout4 = `Context-Free-Languages.vrb'.


(Context-Free-Languages.vrb) [48

]
\openout4 = `Context-Free-Languages.vrb'.

 (Context-Free-Languages.vrb) [49

]
(Context-Free-Languages.vrb) [50

] (Context-Free-Languages.vrb) [51

]
\openout4 = `Context-Free-Languages.vrb'.


(Context-Free-Languages.vrb
Overfull \hbox (24.41054pt too wide) in paragraph at lines 25--25
 []              \TS1/cmtt/m/n/8 '\OT1/cmtt/m/n/8 (S -> SpS -> StSpS -> ItSpS -
> xtSpS -> xtIpS -> xtzpS[] 
 []

) [52

] (Context-Free-Languages.vrb
Overfull \hbox (24.41054pt too wide) in paragraph at lines 25--25
 []              \TS1/cmtt/m/n/8 '\OT1/cmtt/m/n/8 (S -> SpS -> StSpS -> ItSpS -
> xtSpS -> xtIpS -> xtzpS[] 
 []

) [53

]
\openout4 = `Context-Free-Languages.vrb'.

 (Context-Free-Languages.vrb)
Overfull \vbox (0.60706pt too high) detected at line 811
 []

[54

] (Context-Free-Languages.vrb)
Overfull \vbox (0.60706pt too high) detected at line 811
 []

[55

] (Context-Free-Languages.vrb)
Overfull \vbox (0.60706pt too high) detected at line 811
 []

[56

] (Context-Free-Languages.vrb)
Overfull \vbox (0.60706pt too high) detected at line 811
 []

[57

]
\openout4 = `Context-Free-Languages.vrb'.

 (Context-Free-Languages.vrb) [58

] (Context-Free-Languages.vrb) [59

]
(Context-Free-Languages.vrb) [60

]
\openout4 = `Context-Free-Languages.vrb'.

 (Context-Free-Languages.vrb) [61

]
\openout4 = `Context-Free-Languages.vrb'.


(Context-Free-Languages.vrb) [62

] (Context-Free-Languages.vrb) [63

]
\openout4 = `Context-Free-Languages.vrb'.


(Context-Free-Languages.vrb) [64

] (Context-Free-Languages.vrb) [65

]
(Context-Free-Languages.vrb) [66

] (Context-Free-Languages.vrb) [67

]
\openout4 = `Context-Free-Languages.vrb'.


(Context-Free-Languages.vrb) [68

] (Context-Free-Languages.vrb) [69

]
(Context-Free-Languages.vrb) [70

] (Context-Free-Languages.vrb) [71

]
\openout4 = `Context-Free-Languages.vrb'.


(Context-Free-Languages.vrb) [72

] (Context-Free-Languages.vrb) [73

]
(Context-Free-Languages.vrb) [74

] (Context-Free-Languages.vrb) [75

]
(Context-Free-Languages.vrb) [76

]
\openout4 = `Context-Free-Languages.vrb'.

 (Context-Free-Languages.vrb
<pda-control.jpg, id=2430, 912.91063pt x 480.29437pt>
File: pda-control.jpg Graphic file (type jpg)
<use pda-control.jpg>
Package pdftex.def Info: pda-control.jpg  used on input line 5.
(pdftex.def)             Requested size: 182.57889pt x 96.05716pt.
<pda-diagram.jpg, id=2431, 912.40875pt x 477.785pt>
File: pda-diagram.jpg Graphic file (type jpg)
<use pda-diagram.jpg>
Package pdftex.def Info: pda-diagram.jpg  used on input line 7.
(pdftex.def)             Requested size: 182.47852pt x 95.5553pt.
) [77

 <./pda-control.jpg> <./pda-diagram.jpg>]
\openout4 = `Context-Free-Languages.vrb'.

 (Context-Free-Languages.vrb) [78

]
\openout4 = `Context-Free-Languages.vrb'.


(Context-Free-Languages.vrb) [79

] (Context-Free-Languages.vrb) [80

]
(Context-Free-Languages.vrb) [81

] (Context-Free-Languages.vrb) [82

]
\openout4 = `Context-Free-Languages.vrb'.


(Context-Free-Languages.vrb) [83

] (Context-Free-Languages.vrb) [84

]
(Context-Free-Languages.vrb) [85

] (Context-Free-Languages.vrb) [86

]
(Context-Free-Languages.vrb) [87

]
\openout4 = `Context-Free-Languages.vrb'.

 (Context-Free-Languages.vrb) [88

]
(Context-Free-Languages.vrb) [89

]
\openout4 = `Context-Free-Languages.vrb'.

 (Context-Free-Languages.vrb) [90

]
(Context-Free-Languages.vrb) [91

]
\openout4 = `Context-Free-Languages.vrb'.

 (Context-Free-Languages.vrb
Overfull \hbox (5.28636pt too wide) in paragraph at lines 43--43
 []         \OT1/cmtt/m/n/6 (and (empty? stck) (equal? (append as bs) ci)  (= (
length as) (length bs)))))[] 
 []

)
Overfull \vbox (4.01884pt too high) detected at line 1219
 []

[92

] (Context-Free-Languages.vrb
Overfull \hbox (5.28636pt too wide) in paragraph at lines 43--43
 []         \OT1/cmtt/m/n/6 (and (empty? stck) (equal? (append as bs) ci)  (= (
length as) (length bs)))))[] 
 []

)
Overfull \vbox (4.01884pt too high) detected at line 1219
 []

[93

] (Context-Free-Languages.vrb
Overfull \hbox (5.28636pt too wide) in paragraph at lines 43--43
 []         \OT1/cmtt/m/n/6 (and (empty? stck) (equal? (append as bs) ci)  (= (
length as) (length bs)))))[] 
 []

)
Overfull \vbox (4.01884pt too high) detected at line 1219
 []

[94

]
\openout4 = `Context-Free-Languages.vrb'.

 (Context-Free-Languages.vrb) [95

]
\openout4 = `Context-Free-Languages.vrb'.

 (Context-Free-Languages.vrb) [96

]
\openout4 = `Context-Free-Languages.vrb'.


(Context-Free-Languages.vrb) [97

] (Context-Free-Languages.vrb) [98

]
(Context-Free-Languages.vrb) [99

]
\openout4 = `Context-Free-Languages.vrb'.

 (Context-Free-Languages.vrb) [100

]
(Context-Free-Languages.vrb) [101

] (Context-Free-Languages.vrb) [102

]
\openout4 = `Context-Free-Languages.vrb'.


(Context-Free-Languages.vrb) [103

] (Context-Free-Languages.vrb) [104

]
(Context-Free-Languages.vrb) [105

] (Context-Free-Languages.vrb) [106

]
\openout4 = `Context-Free-Languages.vrb'.


(Context-Free-Languages.vrb) [107

] (Context-Free-Languages.vrb) [108

]
(Context-Free-Languages.vrb) [109

] (Context-Free-Languages.vrb) [110

]
(Context-Free-Languages.vrb) [111

] (Context-Free-Languages.vrb) [112

]
(Context-Free-Languages.vrb) [113

] (Context-Free-Languages.vrb) [114

]
(Context-Free-Languages.vrb) [115

] (Context-Free-Languages.vrb) [116

]
(Context-Free-Languages.vrb) [117

]
\openout4 = `Context-Free-Languages.vrb'.

 (Context-Free-Languages.vrb) [118

]
\openout4 = `Context-Free-Languages.vrb'.


(Context-Free-Languages.vrb) [119

]
\openout4 = `Context-Free-Languages.vrb'.

 (Context-Free-Languages.vrb) [120

]
\openout4 = `Context-Free-Languages.vrb'.


(Context-Free-Languages.vrb) [121

]
\openout4 = `Context-Free-Languages.vrb'.

 (Context-Free-Languages.vrb) [122

]
(Context-Free-Languages.vrb) [123

]
\openout4 = `Context-Free-Languages.vrb'.

 (Context-Free-Languages.vrb) [124

]
(Context-Free-Languages.vrb) [125

] (Context-Free-Languages.vrb) [126

]
\openout4 = `Context-Free-Languages.vrb'.


(Context-Free-Languages.vrb) [127

] (Context-Free-Languages.vrb) [128

]
\openout4 = `Context-Free-Languages.vrb'.


(Context-Free-Languages.vrb) [129

] (Context-Free-Languages.vrb) [130

]
(Context-Free-Languages.vrb) [131

]
\openout4 = `Context-Free-Languages.vrb'.

 (Context-Free-Languages.vrbpdfTeX warning (ext4): destination with the same id
entifier (name{in-alom}) has been already used, duplicate ignored
<to be read again> 
                   \relax 
l.9 \label{in-alom}
                   ) [132

] (Context-Free-Languages.vrb) [133

]
(Context-Free-Languages.vrb) [134

] (Context-Free-Languages.vrb) [135

]
\openout4 = `Context-Free-Languages.vrb'.


(Context-Free-Languages.vrbpdfTeX warning (ext4): destination with the same ide
ntifier (name{notin-alom}) has been already used, duplicate ignored
<to be read again> 
                   \relax 
l.7 \label{notin-alom}
                      ) [136

] (Context-Free-Languages.vrb) [137

]
(Context-Free-Languages.vrb) [138

]
\openout4 = `Context-Free-Languages.vrb'.

 (Context-Free-Languages.vrb) [139

]
\openout4 = `Context-Free-Languages.vrb'.


(Context-Free-Languages.vrb) [140

] (Context-Free-Languages.vrb) [141

]
\openout4 = `Context-Free-Languages.vrb'.


(Context-Free-Languages.vrb) [142

] (Context-Free-Languages.vrb) [143

]
(Context-Free-Languages.vrb) [144

] (Context-Free-Languages.vrb) [145

]
(Context-Free-Languages.vrb) [146

]
\openout4 = `Context-Free-Languages.vrb'.

 (Context-Free-Languages.vrb
Overfull \hbox (8.11974pt too wide) in paragraph at lines 28--28
 []                \OT1/cmtt/m/n/8 (map ($\OML/cmm/m/it/8 $ \OT1/cmtt/m/n/8 (r
) (list (list (first r) (second r) EMP)[] 
 []

) [147

] (Context-Free-Languages.vrb
Overfull \hbox (8.11974pt too wide) in paragraph at lines 28--28
 []                \OT1/cmtt/m/n/8 (map ($\OML/cmm/m/it/8 $ \OT1/cmtt/m/n/8 (r
) (list (list (first r) (second r) EMP)[] 
 []

) [148

] (Context-Free-Languages.vrb
Overfull \hbox (8.11974pt too wide) in paragraph at lines 28--28
 []                \OT1/cmtt/m/n/8 (map ($\OML/cmm/m/it/8 $ \OT1/cmtt/m/n/8 (r
) (list (list (first r) (second r) EMP)[] 
 []

) [149

] (Context-Free-Languages.vrb
Overfull \hbox (8.11974pt too wide) in paragraph at lines 28--28
 []                \OT1/cmtt/m/n/8 (map ($\OML/cmm/m/it/8 $ \OT1/cmtt/m/n/8 (r
) (list (list (first r) (second r) EMP)[] 
 []

) [150

]
\openout4 = `Context-Free-Languages.vrb'.

 (Context-Free-Languages.vrb) [151

]
\openout4 = `Context-Free-Languages.vrb'.

 (Context-Free-Languages.vrb)
[152

] (Context-Free-Languages.vrb) [153

]
\openout4 = `Context-Free-Languages.vrb'.

 (Context-Free-Languages.vrb) [154

]
(Context-Free-Languages.vrb) [155

] (Context-Free-Languages.vrb) [156

]
(Context-Free-Languages.vrb) [157

] (Context-Free-Languages.vrb) [158

]
\openout4 = `Context-Free-Languages.vrb'.


(Context-Free-Languages.vrb) [159

] (Context-Free-Languages.vrb) [160

]
(Context-Free-Languages.vrb) [161

]
\openout4 = `Context-Free-Languages.vrb'.

 (Context-Free-Languages.vrb) [162

]
(Context-Free-Languages.vrb) [163

] (Context-Free-Languages.vrb) [164

]
(Context-Free-Languages.vrb) [165

]
\openout4 = `Context-Free-Languages.vrb'.

 (Context-Free-Languages.vrb)
Overfull \vbox (21.46329pt too high) detected at line 1988
 []

[166

] (Context-Free-Languages.vrb)
Overfull \vbox (21.46329pt too high) detected at line 1988
 []

[167

] (Context-Free-Languages.vrb)
Overfull \vbox (21.46329pt too high) detected at line 1988
 []

[168

]
\openout4 = `Context-Free-Languages.vrb'.

 (Context-Free-Languages.vrb) [169

] (Context-Free-Languages.vrb) [170

]
(Context-Free-Languages.vrb) [171

] (Context-Free-Languages.vrb) [172

]
\openout4 = `Context-Free-Languages.vrb'.


(Context-Free-Languages.vrb) [173

] (Context-Free-Languages.vrb) [174

]
(Context-Free-Languages.vrb) [175

] (Context-Free-Languages.vrb) [176

]
\openout4 = `Context-Free-Languages.vrb'.


(Context-Free-Languages.vrb) [177

]
\openout4 = `Context-Free-Languages.vrb'.

 (Context-Free-Languages.vrb
LaTeX Font Info:    Trying to load font information for OMS+cmss on input line 
32.
LaTeX Font Info:    No file OMScmss.fd. on input line 32.


LaTeX Font Warning: Font shape `OMS/cmss/m/n' undefined
(Font)              using `OMS/cmsy/m/n' instead
(Font)              for symbol `textbraceleft' on input line 32.

) [178

] (Context-Free-Languages.vrb) [179

] (Context-Free-Languages.vrb)
[180

] (Context-Free-Languages.vrb) [181

] (Context-Free-Languages.vrb) [182

]
(Context-Free-Languages.vrb) [183

] (Context-Free-Languages.vrb) [184

]
(Context-Free-Languages.vrb) [185

] (Context-Free-Languages.vrb) [186

]
(Context-Free-Languages.vrb) [187

]
\openout4 = `Context-Free-Languages.vrb'.

 (Context-Free-Languages.vrb) [188

]
(Context-Free-Languages.vrb) [189

] (Context-Free-Languages.vrb) [190

]
(Context-Free-Languages.vrb) [191

] (Context-Free-Languages.vrb) [192

]
(Context-Free-Languages.vrb) [193

]
\openout4 = `Context-Free-Languages.vrb'.

 (Context-Free-Languages.vrb) [194

]
(Context-Free-Languages.vrb) [195

]
\openout4 = `Context-Free-Languages.vrb'.

 (Context-Free-Languages.vrb

LaTeX Font Warning: Font shape `OMS/cmtt/m/it' undefined
(Font)              using `OMS/cmtt/m/n' instead
(Font)              for symbol `textbraceleft' on input line 10.


Overfull \hbox (21.90005pt too wide) in paragraph at lines 5--19
[][][][][][][]  
 []


Overfull \hbox (21.90005pt too wide) in paragraph at lines 28--36
[][][][][][][]  
 []

) [196

] (Context-Free-Languages.vrb
Overfull \hbox (21.90005pt too wide) in paragraph at lines 5--19
[][][][][][][]  
 []


Overfull \hbox (21.90005pt too wide) in paragraph at lines 28--36
[][][][][][][]  
 []

) [197

] (Context-Free-Languages.vrb
Overfull \hbox (21.90005pt too wide) in paragraph at lines 5--19
[][][][][][][]  
 []


Overfull \hbox (21.90005pt too wide) in paragraph at lines 28--36
[][][][][][][]  
 []

) [198

] (Context-Free-Languages.vrb
Overfull \hbox (21.90005pt too wide) in paragraph at lines 5--19
[][][][][][][]  
 []


Overfull \hbox (21.90005pt too wide) in paragraph at lines 28--36
[][][][][][][]  
 []

) [199

] (Context-Free-Languages.vrb
Overfull \hbox (21.90005pt too wide) in paragraph at lines 5--19
[][][][][][][]  
 []


Overfull \hbox (21.90005pt too wide) in paragraph at lines 28--36
[][][][][][][]  
 []

) [200

]
\openout4 = `Context-Free-Languages.vrb'.

 (Context-Free-Languages.vrb) [201

]
\openout4 = `Context-Free-Languages.vrb'.

 (Context-Free-Languages.vrb
Overfull \hbox (28.95595pt too wide) in paragraph at lines 21--22
 [] 
 []

) [202

] (Context-Free-Languages.vrb
Overfull \hbox (28.95595pt too wide) in paragraph at lines 21--22
 [] 
 []

) [203

] (Context-Free-Languages.vrb
Overfull \hbox (28.95595pt too wide) in paragraph at lines 21--22
 [] 
 []

) [204

]
\openout4 = `Context-Free-Languages.vrb'.

 (Context-Free-Languages.vrb) [205

] (Context-Free-Languages.vrb)
[206

] (Context-Free-Languages.vrb) [207

] (Context-Free-Languages.vrb) [208

]
(Context-Free-Languages.vrb) [209

]
\openout4 = `Context-Free-Languages.vrb'.

 (Context-Free-Languages.vrb) [210

]
(Context-Free-Languages.vrb) [211

]
\openout4 = `Context-Free-Languages.vrb'.

 (Context-Free-Languages.vrb) [212

]
(Context-Free-Languages.vrb) [213

]
\openout4 = `Context-Free-Languages.vrb'.

 (Context-Free-Languages.vrb) [214

]
(Context-Free-Languages.vrb) [215

] (Context-Free-Languages.vrb) [216

]
(Context-Free-Languages.vrb) [217

]
\openout4 = `Context-Free-Languages.vrb'.

 (Context-Free-Languages.vrb) [218

]
\openout4 = `Context-Free-Languages.vrb'.


(Context-Free-Languages.vrb) [219

]
\openout4 = `Context-Free-Languages.vrb'.

 (Context-Free-Languages.vrb
Overfull \hbox (9.7171pt too wide) in paragraph at lines 18--27
[][] 
 []


Overfull \hbox (21.90005pt too wide) in paragraph at lines 16--28
[][][][][][][]  
 []

) [220

] (Context-Free-Languages.vrb
Overfull \hbox (9.7171pt too wide) in paragraph at lines 18--27
[][] 
 []


Overfull \hbox (21.90005pt too wide) in paragraph at lines 16--28
[][][][][][][]  
 []

) [221

] (Context-Free-Languages.vrb
Overfull \hbox (9.7171pt too wide) in paragraph at lines 18--27
[][] 
 []


Overfull \hbox (21.90005pt too wide) in paragraph at lines 16--28
[][][][][][][]  
 []

) [222

] (Context-Free-Languages.vrb
Overfull \hbox (9.7171pt too wide) in paragraph at lines 18--27
[][] 
 []


Overfull \hbox (21.90005pt too wide) in paragraph at lines 16--28
[][][][][][][]  
 []

) [223

] (Context-Free-Languages.vrb
Overfull \hbox (9.7171pt too wide) in paragraph at lines 18--27
[][] 
 []


Overfull \hbox (21.90005pt too wide) in paragraph at lines 16--28
[][][][][][][]  
 []

) [224

]
\openout4 = `Context-Free-Languages.vrb'.

 (Context-Free-Languages.vrb)
Overfull \vbox (10.1855pt too high) detected at line 2604
 []

[225

] (Context-Free-Languages.vrb)
Overfull \vbox (10.1855pt too high) detected at line 2604
 []

[226

] (Context-Free-Languages.vrb)
Overfull \vbox (10.1855pt too high) detected at line 2604
 []

[227

] (Context-Free-Languages.vrb)
Overfull \vbox (10.1855pt too high) detected at line 2604
 []

[228

] (Context-Free-Languages.vrb)
Overfull \vbox (10.1855pt too high) detected at line 2604
 []

[229

] (Context-Free-Languages.vrb)
Overfull \vbox (10.1855pt too high) detected at line 2604
 []

[230

]
\openout4 = `Context-Free-Languages.vrb'.

 (Context-Free-Languages.vrb) [231

] (Context-Free-Languages.vrb) [232

]
(Context-Free-Languages.vrb) [233

] (Context-Free-Languages.vrb) [234

]
\openout4 = `Context-Free-Languages.vrb'.


(Context-Free-Languages.vrb) [235

]
\openout4 = `Context-Free-Languages.vrb'.

 (Context-Free-Languages.vrb
Overfull \hbox (63.53561pt too wide) in paragraph at lines 18--30
[]  
 []

) [236

] (Context-Free-Languages.vrb
Overfull \hbox (63.53561pt too wide) in paragraph at lines 18--30
[]  
 []

) [237

] (Context-Free-Languages.vrb
Overfull \hbox (63.53561pt too wide) in paragraph at lines 18--30
[]  
 []

) [238

] (Context-Free-Languages.vrb
Overfull \hbox (63.53561pt too wide) in paragraph at lines 18--30
[]  
 []

) [239

] (Context-Free-Languages.vrb
Overfull \hbox (63.53561pt too wide) in paragraph at lines 18--30
[]  
 []

) [240

]
\openout4 = `Context-Free-Languages.vrb'.

 (Context-Free-Languages.vrb
Overfull \hbox (3.16133pt too wide) in paragraph at lines 19--19
 []         \OT1/cmtt/m/n/8 (G1-nts   (grammar-nts G1))   (G2-nts (grammar-nts 
G2))[] 
 []


Overfull \hbox (20.16158pt too wide) in paragraph at lines 20--20
 []         \OT1/cmtt/m/n/8 (G1-sigma (grammar-sigma G1)) (G2-sigma (grammar-si
gma G2))[] 
 []


Overfull \hbox (20.16158pt too wide) in paragraph at lines 21--21
 []         \OT1/cmtt/m/n/8 (G1-rules (grammar-rules G1)) (G2-rules (grammar-ru
les G2))[] 
 []


Overfull \hbox (20.16158pt too wide) in paragraph at lines 22--22
 []         \OT1/cmtt/m/n/8 (G1-start (grammar-start G1)) (G2-start (grammar-st
art G2))[] 
 []


Overfull \hbox (54.16206pt too wide) in paragraph at lines 35--35
 []                \OT1/cmtt/m/n/8 (list (list A ARROW (los->symbol (list G1-st
art G2-start))))[] 
 []


Overfull \hbox (24.40944pt too wide) in paragraph at lines 53--53
 []\OT1/cmtt/m/n/8 (check-equal? (last (grammar-derive a2nb2n-numb>numa \TS1/cm
tt/m/n/8 '\OT1/cmtt/m/n/8 (b b b))) \TS1/cmtt/m/n/8 '\OT1/cmtt/m/n/8 bbb)[] 
 []


Overfull \hbox (24.40944pt too wide) in paragraph at lines 54--54
 []\OT1/cmtt/m/n/8 (check-equal? (last (grammar-derive a2nb2n-numb>numa \TS1/cm
tt/m/n/8 '\OT1/cmtt/m/n/8 (a b b))) \TS1/cmtt/m/n/8 '\OT1/cmtt/m/n/8 abb)[] 
 []


Overfull \hbox (32.91066pt too wide) in paragraph at lines 55--55
 []\OT1/cmtt/m/n/8 (check-equal? (last (grammar-derive a2nb2n-numb>numa \TS1/cm
tt/m/n/8 '\OT1/cmtt/m/n/8 (a a b b b b b)))[] 
 []


Overfull \hbox (32.90956pt too wide) in paragraph at lines 62--62
 []\OT1/cmtt/m/n/8 (check-equal? (last (grammar-derive MULT3-as-a2nb2n \TS1/cmt
t/m/n/8 '\OT1/cmtt/m/n/8 (a a b b))) \TS1/cmtt/m/n/8 '\OT1/cmtt/m/n/8 aabb)[] 
 []


Overfull \hbox (58.40993pt too wide) in paragraph at lines 63--63
 []\OT1/cmtt/m/n/8 (check-equal? (last (grammar-derive MULT3-as-a2nb2n \TS1/cmt
t/m/n/8 '\OT1/cmtt/m/n/8 (b b b b b b))) \TS1/cmtt/m/n/8 '\OT1/cmtt/m/n/8 bbbbb
b)[] 
 []

)
Overfull \vbox (117.96329pt too high) detected at line 2749
 []

[241

] (Context-Free-Languages.vrb
Overfull \hbox (3.16133pt too wide) in paragraph at lines 19--19
 []         \OT1/cmtt/m/n/8 (G1-nts   (grammar-nts G1))   (G2-nts (grammar-nts 
G2))[] 
 []


Overfull \hbox (20.16158pt too wide) in paragraph at lines 20--20
 []         \OT1/cmtt/m/n/8 (G1-sigma (grammar-sigma G1)) (G2-sigma (grammar-si
gma G2))[] 
 []


Overfull \hbox (20.16158pt too wide) in paragraph at lines 21--21
 []         \OT1/cmtt/m/n/8 (G1-rules (grammar-rules G1)) (G2-rules (grammar-ru
les G2))[] 
 []


Overfull \hbox (20.16158pt too wide) in paragraph at lines 22--22
 []         \OT1/cmtt/m/n/8 (G1-start (grammar-start G1)) (G2-start (grammar-st
art G2))[] 
 []


Overfull \hbox (54.16206pt too wide) in paragraph at lines 35--35
 []                \OT1/cmtt/m/n/8 (list (list A ARROW (los->symbol (list G1-st
art G2-start))))[] 
 []


Overfull \hbox (24.40944pt too wide) in paragraph at lines 53--53
 []\OT1/cmtt/m/n/8 (check-equal? (last (grammar-derive a2nb2n-numb>numa \TS1/cm
tt/m/n/8 '\OT1/cmtt/m/n/8 (b b b))) \TS1/cmtt/m/n/8 '\OT1/cmtt/m/n/8 bbb)[] 
 []


Overfull \hbox (24.40944pt too wide) in paragraph at lines 54--54
 []\OT1/cmtt/m/n/8 (check-equal? (last (grammar-derive a2nb2n-numb>numa \TS1/cm
tt/m/n/8 '\OT1/cmtt/m/n/8 (a b b))) \TS1/cmtt/m/n/8 '\OT1/cmtt/m/n/8 abb)[] 
 []


Overfull \hbox (32.91066pt too wide) in paragraph at lines 55--55
 []\OT1/cmtt/m/n/8 (check-equal? (last (grammar-derive a2nb2n-numb>numa \TS1/cm
tt/m/n/8 '\OT1/cmtt/m/n/8 (a a b b b b b)))[] 
 []


Overfull \hbox (32.90956pt too wide) in paragraph at lines 62--62
 []\OT1/cmtt/m/n/8 (check-equal? (last (grammar-derive MULT3-as-a2nb2n \TS1/cmt
t/m/n/8 '\OT1/cmtt/m/n/8 (a a b b))) \TS1/cmtt/m/n/8 '\OT1/cmtt/m/n/8 aabb)[] 
 []


Overfull \hbox (58.40993pt too wide) in paragraph at lines 63--63
 []\OT1/cmtt/m/n/8 (check-equal? (last (grammar-derive MULT3-as-a2nb2n \TS1/cmt
t/m/n/8 '\OT1/cmtt/m/n/8 (b b b b b b))) \TS1/cmtt/m/n/8 '\OT1/cmtt/m/n/8 bbbbb
b)[] 
 []

)
Overfull \vbox (117.96329pt too high) detected at line 2749
 []

[242

] (Context-Free-Languages.vrb
Overfull \hbox (3.16133pt too wide) in paragraph at lines 19--19
 []         \OT1/cmtt/m/n/8 (G1-nts   (grammar-nts G1))   (G2-nts (grammar-nts 
G2))[] 
 []


Overfull \hbox (20.16158pt too wide) in paragraph at lines 20--20
 []         \OT1/cmtt/m/n/8 (G1-sigma (grammar-sigma G1)) (G2-sigma (grammar-si
gma G2))[] 
 []


Overfull \hbox (20.16158pt too wide) in paragraph at lines 21--21
 []         \OT1/cmtt/m/n/8 (G1-rules (grammar-rules G1)) (G2-rules (grammar-ru
les G2))[] 
 []


Overfull \hbox (20.16158pt too wide) in paragraph at lines 22--22
 []         \OT1/cmtt/m/n/8 (G1-start (grammar-start G1)) (G2-start (grammar-st
art G2))[] 
 []


Overfull \hbox (54.16206pt too wide) in paragraph at lines 35--35
 []                \OT1/cmtt/m/n/8 (list (list A ARROW (los->symbol (list G1-st
art G2-start))))[] 
 []


Overfull \hbox (24.40944pt too wide) in paragraph at lines 53--53
 []\OT1/cmtt/m/n/8 (check-equal? (last (grammar-derive a2nb2n-numb>numa \TS1/cm
tt/m/n/8 '\OT1/cmtt/m/n/8 (b b b))) \TS1/cmtt/m/n/8 '\OT1/cmtt/m/n/8 bbb)[] 
 []


Overfull \hbox (24.40944pt too wide) in paragraph at lines 54--54
 []\OT1/cmtt/m/n/8 (check-equal? (last (grammar-derive a2nb2n-numb>numa \TS1/cm
tt/m/n/8 '\OT1/cmtt/m/n/8 (a b b))) \TS1/cmtt/m/n/8 '\OT1/cmtt/m/n/8 abb)[] 
 []


Overfull \hbox (32.91066pt too wide) in paragraph at lines 55--55
 []\OT1/cmtt/m/n/8 (check-equal? (last (grammar-derive a2nb2n-numb>numa \TS1/cm
tt/m/n/8 '\OT1/cmtt/m/n/8 (a a b b b b b)))[] 
 []


Overfull \hbox (32.90956pt too wide) in paragraph at lines 62--62
 []\OT1/cmtt/m/n/8 (check-equal? (last (grammar-derive MULT3-as-a2nb2n \TS1/cmt
t/m/n/8 '\OT1/cmtt/m/n/8 (a a b b))) \TS1/cmtt/m/n/8 '\OT1/cmtt/m/n/8 aabb)[] 
 []


Overfull \hbox (58.40993pt too wide) in paragraph at lines 63--63
 []\OT1/cmtt/m/n/8 (check-equal? (last (grammar-derive MULT3-as-a2nb2n \TS1/cmt
t/m/n/8 '\OT1/cmtt/m/n/8 (b b b b b b))) \TS1/cmtt/m/n/8 '\OT1/cmtt/m/n/8 bbbbb
b)[] 
 []

)
Overfull \vbox (117.96329pt too high) detected at line 2749
 []

[243

] (Context-Free-Languages.vrb
Overfull \hbox (3.16133pt too wide) in paragraph at lines 19--19
 []         \OT1/cmtt/m/n/8 (G1-nts   (grammar-nts G1))   (G2-nts (grammar-nts 
G2))[] 
 []


Overfull \hbox (20.16158pt too wide) in paragraph at lines 20--20
 []         \OT1/cmtt/m/n/8 (G1-sigma (grammar-sigma G1)) (G2-sigma (grammar-si
gma G2))[] 
 []


Overfull \hbox (20.16158pt too wide) in paragraph at lines 21--21
 []         \OT1/cmtt/m/n/8 (G1-rules (grammar-rules G1)) (G2-rules (grammar-ru
les G2))[] 
 []


Overfull \hbox (20.16158pt too wide) in paragraph at lines 22--22
 []         \OT1/cmtt/m/n/8 (G1-start (grammar-start G1)) (G2-start (grammar-st
art G2))[] 
 []


Overfull \hbox (54.16206pt too wide) in paragraph at lines 35--35
 []                \OT1/cmtt/m/n/8 (list (list A ARROW (los->symbol (list G1-st
art G2-start))))[] 
 []


Overfull \hbox (24.40944pt too wide) in paragraph at lines 53--53
 []\OT1/cmtt/m/n/8 (check-equal? (last (grammar-derive a2nb2n-numb>numa \TS1/cm
tt/m/n/8 '\OT1/cmtt/m/n/8 (b b b))) \TS1/cmtt/m/n/8 '\OT1/cmtt/m/n/8 bbb)[] 
 []


Overfull \hbox (24.40944pt too wide) in paragraph at lines 54--54
 []\OT1/cmtt/m/n/8 (check-equal? (last (grammar-derive a2nb2n-numb>numa \TS1/cm
tt/m/n/8 '\OT1/cmtt/m/n/8 (a b b))) \TS1/cmtt/m/n/8 '\OT1/cmtt/m/n/8 abb)[] 
 []


Overfull \hbox (32.91066pt too wide) in paragraph at lines 55--55
 []\OT1/cmtt/m/n/8 (check-equal? (last (grammar-derive a2nb2n-numb>numa \TS1/cm
tt/m/n/8 '\OT1/cmtt/m/n/8 (a a b b b b b)))[] 
 []


Overfull \hbox (32.90956pt too wide) in paragraph at lines 62--62
 []\OT1/cmtt/m/n/8 (check-equal? (last (grammar-derive MULT3-as-a2nb2n \TS1/cmt
t/m/n/8 '\OT1/cmtt/m/n/8 (a a b b))) \TS1/cmtt/m/n/8 '\OT1/cmtt/m/n/8 aabb)[] 
 []


Overfull \hbox (58.40993pt too wide) in paragraph at lines 63--63
 []\OT1/cmtt/m/n/8 (check-equal? (last (grammar-derive MULT3-as-a2nb2n \TS1/cmt
t/m/n/8 '\OT1/cmtt/m/n/8 (b b b b b b))) \TS1/cmtt/m/n/8 '\OT1/cmtt/m/n/8 bbbbb
b)[] 
 []

)
Overfull \vbox (117.96329pt too high) detected at line 2749
 []

[244

] (Context-Free-Languages.vrb
Overfull \hbox (3.16133pt too wide) in paragraph at lines 19--19
 []         \OT1/cmtt/m/n/8 (G1-nts   (grammar-nts G1))   (G2-nts (grammar-nts 
G2))[] 
 []


Overfull \hbox (20.16158pt too wide) in paragraph at lines 20--20
 []         \OT1/cmtt/m/n/8 (G1-sigma (grammar-sigma G1)) (G2-sigma (grammar-si
gma G2))[] 
 []


Overfull \hbox (20.16158pt too wide) in paragraph at lines 21--21
 []         \OT1/cmtt/m/n/8 (G1-rules (grammar-rules G1)) (G2-rules (grammar-ru
les G2))[] 
 []


Overfull \hbox (20.16158pt too wide) in paragraph at lines 22--22
 []         \OT1/cmtt/m/n/8 (G1-start (grammar-start G1)) (G2-start (grammar-st
art G2))[] 
 []


Overfull \hbox (54.16206pt too wide) in paragraph at lines 35--35
 []                \OT1/cmtt/m/n/8 (list (list A ARROW (los->symbol (list G1-st
art G2-start))))[] 
 []


Overfull \hbox (24.40944pt too wide) in paragraph at lines 53--53
 []\OT1/cmtt/m/n/8 (check-equal? (last (grammar-derive a2nb2n-numb>numa \TS1/cm
tt/m/n/8 '\OT1/cmtt/m/n/8 (b b b))) \TS1/cmtt/m/n/8 '\OT1/cmtt/m/n/8 bbb)[] 
 []


Overfull \hbox (24.40944pt too wide) in paragraph at lines 54--54
 []\OT1/cmtt/m/n/8 (check-equal? (last (grammar-derive a2nb2n-numb>numa \TS1/cm
tt/m/n/8 '\OT1/cmtt/m/n/8 (a b b))) \TS1/cmtt/m/n/8 '\OT1/cmtt/m/n/8 abb)[] 
 []


Overfull \hbox (32.91066pt too wide) in paragraph at lines 55--55
 []\OT1/cmtt/m/n/8 (check-equal? (last (grammar-derive a2nb2n-numb>numa \TS1/cm
tt/m/n/8 '\OT1/cmtt/m/n/8 (a a b b b b b)))[] 
 []


Overfull \hbox (32.90956pt too wide) in paragraph at lines 62--62
 []\OT1/cmtt/m/n/8 (check-equal? (last (grammar-derive MULT3-as-a2nb2n \TS1/cmt
t/m/n/8 '\OT1/cmtt/m/n/8 (a a b b))) \TS1/cmtt/m/n/8 '\OT1/cmtt/m/n/8 aabb)[] 
 []


Overfull \hbox (58.40993pt too wide) in paragraph at lines 63--63
 []\OT1/cmtt/m/n/8 (check-equal? (last (grammar-derive MULT3-as-a2nb2n \TS1/cmt
t/m/n/8 '\OT1/cmtt/m/n/8 (b b b b b b))) \TS1/cmtt/m/n/8 '\OT1/cmtt/m/n/8 bbbbb
b)[] 
 []

)
Overfull \vbox (117.96329pt too high) detected at line 2749
 []

[245

] (Context-Free-Languages.vrb
Overfull \hbox (3.16133pt too wide) in paragraph at lines 19--19
 []         \OT1/cmtt/m/n/8 (G1-nts   (grammar-nts G1))   (G2-nts (grammar-nts 
G2))[] 
 []


Overfull \hbox (20.16158pt too wide) in paragraph at lines 20--20
 []         \OT1/cmtt/m/n/8 (G1-sigma (grammar-sigma G1)) (G2-sigma (grammar-si
gma G2))[] 
 []


Overfull \hbox (20.16158pt too wide) in paragraph at lines 21--21
 []         \OT1/cmtt/m/n/8 (G1-rules (grammar-rules G1)) (G2-rules (grammar-ru
les G2))[] 
 []


Overfull \hbox (20.16158pt too wide) in paragraph at lines 22--22
 []         \OT1/cmtt/m/n/8 (G1-start (grammar-start G1)) (G2-start (grammar-st
art G2))[] 
 []


Overfull \hbox (54.16206pt too wide) in paragraph at lines 35--35
 []                \OT1/cmtt/m/n/8 (list (list A ARROW (los->symbol (list G1-st
art G2-start))))[] 
 []


Overfull \hbox (24.40944pt too wide) in paragraph at lines 53--53
 []\OT1/cmtt/m/n/8 (check-equal? (last (grammar-derive a2nb2n-numb>numa \TS1/cm
tt/m/n/8 '\OT1/cmtt/m/n/8 (b b b))) \TS1/cmtt/m/n/8 '\OT1/cmtt/m/n/8 bbb)[] 
 []


Overfull \hbox (24.40944pt too wide) in paragraph at lines 54--54
 []\OT1/cmtt/m/n/8 (check-equal? (last (grammar-derive a2nb2n-numb>numa \TS1/cm
tt/m/n/8 '\OT1/cmtt/m/n/8 (a b b))) \TS1/cmtt/m/n/8 '\OT1/cmtt/m/n/8 abb)[] 
 []


Overfull \hbox (32.91066pt too wide) in paragraph at lines 55--55
 []\OT1/cmtt/m/n/8 (check-equal? (last (grammar-derive a2nb2n-numb>numa \TS1/cm
tt/m/n/8 '\OT1/cmtt/m/n/8 (a a b b b b b)))[] 
 []


Overfull \hbox (32.90956pt too wide) in paragraph at lines 62--62
 []\OT1/cmtt/m/n/8 (check-equal? (last (grammar-derive MULT3-as-a2nb2n \TS1/cmt
t/m/n/8 '\OT1/cmtt/m/n/8 (a a b b))) \TS1/cmtt/m/n/8 '\OT1/cmtt/m/n/8 aabb)[] 
 []


Overfull \hbox (58.40993pt too wide) in paragraph at lines 63--63
 []\OT1/cmtt/m/n/8 (check-equal? (last (grammar-derive MULT3-as-a2nb2n \TS1/cmt
t/m/n/8 '\OT1/cmtt/m/n/8 (b b b b b b))) \TS1/cmtt/m/n/8 '\OT1/cmtt/m/n/8 bbbbb
b)[] 
 []

)
Overfull \vbox (117.96329pt too high) detected at line 2749
 []

[246

]
\openout4 = `Context-Free-Languages.vrb'.

 (Context-Free-Languages.vrb) [247

]
\openout4 = `Context-Free-Languages.vrb'.

 (Context-Free-Languages.vrb
Overfull \hbox (4.97307pt too wide) in paragraph at lines 19--27
[][] 
 []


Overfull \hbox (21.90005pt too wide) in paragraph at lines 17--28
[][][][][][][]  
 []

) [248

] (Context-Free-Languages.vrb
Overfull \hbox (4.97307pt too wide) in paragraph at lines 19--27
[][] 
 []


Overfull \hbox (21.90005pt too wide) in paragraph at lines 17--28
[][][][][][][]  
 []

) [249

] (Context-Free-Languages.vrb
Overfull \hbox (4.97307pt too wide) in paragraph at lines 19--27
[][] 
 []


Overfull \hbox (21.90005pt too wide) in paragraph at lines 17--28
[][][][][][][]  
 []

) [250

] (Context-Free-Languages.vrb
Overfull \hbox (4.97307pt too wide) in paragraph at lines 19--27
[][] 
 []


Overfull \hbox (21.90005pt too wide) in paragraph at lines 17--28
[][][][][][][]  
 []

) [251

] (Context-Free-Languages.vrb
Overfull \hbox (4.97307pt too wide) in paragraph at lines 19--27
[][] 
 []


Overfull \hbox (21.90005pt too wide) in paragraph at lines 17--28
[][][][][][][]  
 []

) [252

]
\openout4 = `Context-Free-Languages.vrb'.

 (Context-Free-Languages.vrb) [253

]
\openout4 = `Context-Free-Languages.vrb'.

 (Context-Free-Languages.vrb)
[254

] (Context-Free-Languages.vrb) [255

]
\openout4 = `Context-Free-Languages.vrb'.

 (Context-Free-Languages.vrb) [256

]
(Context-Free-Languages.vrb) [257

] (Context-Free-Languages.vrb) [258

]
\openout4 = `Context-Free-Languages.vrb'.


(Context-Free-Languages.vrb) [259

] (Context-Free-Languages.vrb) [260

]
(Context-Free-Languages.vrb) [261

] (Context-Free-Languages.vrb) [262

]
(Context-Free-Languages.vrb) [263

] (Context-Free-Languages.vrb) [264

]
\openout4 = `Context-Free-Languages.vrb'.


(Context-Free-Languages.vrb)
Overfull \vbox (6.18083pt too high) detected at line 2991
 []

[265

] (Context-Free-Languages.vrb)
Overfull \vbox (6.18083pt too high) detected at line 2991
 []

[266

] (Context-Free-Languages.vrb)
Overfull \vbox (6.18083pt too high) detected at line 2991
 []

[267

] (Context-Free-Languages.vrb)
Overfull \vbox (6.18083pt too high) detected at line 2991
 []

[268

] (Context-Free-Languages.vrb)
Overfull \vbox (6.18083pt too high) detected at line 2991
 []

[269

] (Context-Free-Languages.vrb)
Overfull \vbox (6.18083pt too high) detected at line 2991
 []

[270

]
\openout4 = `Context-Free-Languages.vrb'.

 (Context-Free-Languages.vrb

LaTeX Font Warning: Font shape `OMS/cmss/m/it' undefined
(Font)              using `OMS/cmss/m/n' instead
(Font)              for symbol `textbraceleft' on input line 5.

) [271

] (Context-Free-Languages.vrb) [272

] (Context-Free-Languages.vrb)
[273

]
\openout4 = `Context-Free-Languages.vrb'.

 (Context-Free-Languages.vrb) [274

] (Context-Free-Languages.vrb) [275

]
(Context-Free-Languages.vrb) [276

] (Context-Free-Languages.vrb) [277

]
(Context-Free-Languages.vrb) [278

] (Context-Free-Languages.vrb) [279

]
\openout4 = `Context-Free-Languages.vrb'.


(Context-Free-Languages.vrb) [280

]
\openout4 = `Context-Free-Languages.vrb'.

 (Context-Free-Languages.vrb) [281

]
(Context-Free-Languages.vrb) [282

] (Context-Free-Languages.vrb) [283

]
(Context-Free-Languages.vrb) [284

]
\openout4 = `Context-Free-Languages.vrb'.

 (Context-Free-Languages.vrb) [285

]
(Context-Free-Languages.vrb) [286

]
\openout4 = `Context-Free-Languages.vrb'.

 (Context-Free-Languages.vrb) [287

]
(Context-Free-Languages.vrb) [288

] (Context-Free-Languages.vrb) [289

]
\openout4 = `Context-Free-Languages.vrb'.


(Context-Free-Languages.vrb) [290

] (Context-Free-Languages.vrb) [291

]
(Context-Free-Languages.vrb) [292

] (Context-Free-Languages.vrb) [293

]
(Context-Free-Languages.vrb) [294

]
\openout4 = `Context-Free-Languages.vrb'.

 (Context-Free-Languages.vrb)
Overfull \vbox (4.01884pt too high) detected at line 3256
 []

[295

] (Context-Free-Languages.vrb)
Overfull \vbox (4.01884pt too high) detected at line 3256
 []

[296

] (Context-Free-Languages.vrb)
Overfull \vbox (4.01884pt too high) detected at line 3256
 []

[297

] (Context-Free-Languages.vrb)
Overfull \vbox (4.01884pt too high) detected at line 3256
 []

[298

] (Context-Free-Languages.vrb)
Overfull \vbox (4.01884pt too high) detected at line 3256
 []

[299

] (Context-Free-Languages.vrb)
Overfull \vbox (4.01884pt too high) detected at line 3256
 []

[300

] (Context-Free-Languages.vrb)
Overfull \vbox (4.01884pt too high) detected at line 3256
 []

[301

]
\openout4 = `Context-Free-Languages.vrb'.

 (Context-Free-Languages.vrb) [302

] (Context-Free-Languages.vrb) [303

]
(Context-Free-Languages.vrb) [304

]
\openout4 = `Context-Free-Languages.vrb'.

 (Context-Free-Languages.vrb) [305

]
(Context-Free-Languages.vrb) [306

]
\openout4 = `Context-Free-Languages.vrb'.

 (Context-Free-Languages.vrb) [307

]
(Context-Free-Languages.vrb) [308

] (Context-Free-Languages.vrb) [309

]
(Context-Free-Languages.vrb) [310

]
\openout4 = `Context-Free-Languages.vrb'.

 (Context-Free-Languages.vrb) [311

]
(Context-Free-Languages.vrb) [312

] (Context-Free-Languages.vrb) [313

]
(Context-Free-Languages.vrb) [314

]
\openout4 = `Context-Free-Languages.vrb'.

 (Context-Free-Languages.vrb) [315

]
\openout4 = `Context-Free-Languages.vrb'.


(Context-Free-Languages.vrb) [316

] (Context-Free-Languages.vrb) [317

]
(Context-Free-Languages.vrb) [318

] (Context-Free-Languages.vrb) [319

]
\openout4 = `Context-Free-Languages.vrb'.


(Context-Free-Languages.vrb) [320

] (Context-Free-Languages.vrb) [321

]
(Context-Free-Languages.vrb) [322

]
\openout4 = `Context-Free-Languages.vrb'.

 (Context-Free-Languages.vrb) [323

]
(Context-Free-Languages.vrb) [324

]
\openout4 = `Context-Free-Languages.vrb'.

 (Context-Free-Languages.vrb) [325

]
(Context-Free-Languages.vrb) [326

] (Context-Free-Languages.vrb) [327

]
(Context-Free-Languages.vrb) [328

] (Context-Free-Languages.vrb) [329

]
(Context-Free-Languages.vrb) [330

]
\openout4 = `Context-Free-Languages.vrb'.

 (Context-Free-Languages.vrb) [331

]
(Context-Free-Languages.vrb) [332

] (Context-Free-Languages.vrb) [333

]
(Context-Free-Languages.vrb) [334

] (Context-Free-Languages.vrb) [335

]
(Context-Free-Languages.vrb) [336

]
\openout4 = `Context-Free-Languages.vrb'.

 (Context-Free-Languages.vrb) [337

]
(Context-Free-Languages.vrb) [338

] (Context-Free-Languages.vrb) [339

]
(Context-Free-Languages.vrb) [340

]
\openout4 = `Context-Free-Languages.vrb'.

 (Context-Free-Languages.vrb)
Overfull \vbox (1.24106pt too high) detected at line 3689
 []

[341

] (Context-Free-Languages.vrb)
Overfull \vbox (1.24106pt too high) detected at line 3689
 []

[342

] (Context-Free-Languages.vrb)
Overfull \vbox (1.24106pt too high) detected at line 3689
 []

[343

] (Context-Free-Languages.vrb)
Overfull \vbox (1.24106pt too high) detected at line 3689
 []

[344

] (Context-Free-Languages.vrb)
Overfull \vbox (1.24106pt too high) detected at line 3689
 []

[345

] (Context-Free-Languages.vrb)
Overfull \vbox (1.24106pt too high) detected at line 3689
 []

[346

] (Context-Free-Languages.vrb)
Overfull \vbox (1.24106pt too high) detected at line 3689
 []

[347

]
\openout4 = `Context-Free-Languages.vrb'.

 (Context-Free-Languages.vrb) [348

]
\openout4 = `Context-Free-Languages.vrb'.

 (Context-Free-Languages.vrb) [349

]
(Context-Free-Languages.vrb) [350

] (Context-Free-Languages.vrb) [351

]
(Context-Free-Languages.vrb) [352

] (Context-Free-Languages.vrb) [353

]
(Context-Free-Languages.vrb) [354

] (Context-Free-Languages.vrb) [355

]
(Context-Free-Languages.vrb) [356

] (Context-Free-Languages.vrb) [357

]
\openout4 = `Context-Free-Languages.vrb'.


(Context-Free-Languages.vrbpdfTeX warning (ext4): destination with the same ide
ntifier (name{anbn-thm-inv}) has been already used, duplicate ignored
<to be read again> 
                   \relax 
l.8 \label{anbn-thm-inv}
                        )
Overfull \vbox (2.53065pt too high) detected at line 3828
 []

[358

] (Context-Free-Languages.vrb)
Overfull \vbox (2.53065pt too high) detected at line 3828
 []

[359

] (Context-Free-Languages.vrb)
Overfull \vbox (2.53065pt too high) detected at line 3828
 []

[360

] (Context-Free-Languages.vrb)
Overfull \vbox (2.53065pt too high) detected at line 3828
 []

[361

] (Context-Free-Languages.vrb)
Overfull \vbox (2.53065pt too high) detected at line 3828
 []

[362

] (Context-Free-Languages.vrb)
Overfull \vbox (2.53065pt too high) detected at line 3828
 []

[363

] (Context-Free-Languages.vrb)
Overfull \vbox (2.53065pt too high) detected at line 3828
 []

[364

]
\openout4 = `Context-Free-Languages.vrb'.

 (Context-Free-Languages.vrb) [365

] (Context-Free-Languages.vrb) [366

]
(Context-Free-Languages.vrb) [367

] (Context-Free-Languages.vrb) [368

]
(Context-Free-Languages.vrb) [369

] (Context-Free-Languages.vrb) [370

]
(Context-Free-Languages.vrb) [371

]
\openout4 = `Context-Free-Languages.vrb'.

 (Context-Free-Languages.vrb) [372

]
(Context-Free-Languages.vrb) [373

]
\openout4 = `Context-Free-Languages.vrb'.

 (Context-Free-Languages.vrbpdfTeX warning (ext4): destination with the same id
entifier (name{notin-alom}) has been already used, duplicate ignored
<to be read again> 
                   \relax 
l.22 \label{notin-alom}
                       ) [374

] (Context-Free-Languages.vrb) [375

]
(Context-Free-Languages.vrb) [376

] (Context-Free-Languages.vrb) [377

]
\openout4 = `Context-Free-Languages.vrb'.


(Context-Free-Languages.vrb) [378

]
\openout4 = `Context-Free-Languages.vrb'.

 (Context-Free-Languages.vrb) [379

]
(Context-Free-Languages.vrb) [380

] (Context-Free-Languages.vrb) [381

]
(Context-Free-Languages.vrb) [382

] (Context-Free-Languages.vrb) [383

]
\openout4 = `Context-Free-Languages.vrb'.


(Context-Free-Languages.vrb) [384

] (Context-Free-Languages.vrb) [385

]
(Context-Free-Languages.vrb) [386

] (Context-Free-Languages.vrb) [387

]
(Context-Free-Languages.vrb) [388

] (Context-Free-Languages.vrb) [389

]
\openout4 = `Context-Free-Languages.vrb'.


(Context-Free-Languages.vrb

LaTeX Font Warning: Font shape `OT1/cmss/bx/it' undefined
(Font)              using `OT1/cmss/bx/n' instead on input line 23.

LaTeX Font Info:    Font shape `OT1/cmtt/bx/it' in size <6> not available
(Font)              Font shape `OT1/cmtt/m/it' tried instead on input line 23.
) [390

] (Context-Free-Languages.vrb) [391

] (Context-Free-Languages.vrb)
[392

] (Context-Free-Languages.vrb) [393

] (Context-Free-Languages.vrb) [394

]
(Context-Free-Languages.vrb) [395

] (Context-Free-Languages.vrb) [396

]
(Context-Free-Languages.vrb) [397

] (Context-Free-Languages.vrb) [398

]
(Context-Free-Languages.vrb) [399

]
\openout4 = `Context-Free-Languages.vrb'.

 (Context-Free-Languages.vrb) [400

]
(Context-Free-Languages.vrb) [401

] (Context-Free-Languages.vrb) [402

]
(Context-Free-Languages.vrb) [403

] (Context-Free-Languages.vrb) [404

]
(Context-Free-Languages.vrb) [405

] (Context-Free-Languages.vrb) [406

]
\openout4 = `Context-Free-Languages.vrb'.


(Context-Free-Languages.vrb) [407

] (Context-Free-Languages.vrb) [408

]
(Context-Free-Languages.vrb) [409

]
\openout4 = `Context-Free-Languages.vrb'.

 (Context-Free-Languages.vrb) [410

]
\tf@nav=\write6
\openout6 = `Context-Free-Languages.nav'.

\tf@toc=\write7
\openout7 = `Context-Free-Languages.toc'.

\tf@snm=\write8
\openout8 = `Context-Free-Languages.snm'.


(Context-Free-Languages.aux)

LaTeX Font Warning: Some font shapes were not available, defaults substituted.


LaTeX Warning: There were multiply-defined labels.

Package rerunfilecheck Info: File `Context-Free-Languages.out' has not changed.

(rerunfilecheck)             Checksum: 95C238BA6850B65DE158F00588423327;752.
 ) 
Here is how much of TeX's memory you used:
 30336 strings out of 478927
 630866 string characters out of 2851113
 860918 words of memory out of 3000000
 45954 multiletter control sequences out of 15000+600000
 419224 words of font info for 86 fonts, out of 8000000 for 9000
 1141 hyphenation exceptions out of 8191
 128i,19n,124p,640b,1879s stack positions out of 5000i,500n,10000p,200000b,80000s
 <C:\Users\morazanm\AppData\Local\MiKTeX\fonts/pk/ljfour/jknappen/ec/dpi375\t
ctt0800.pk> <C:\Users\morazanm\AppData\Local\MiKTeX\fonts/pk/ljfour/jknappen/ec
/dpi600\tcit0800.pk> <C:\Users\morazanm\AppData\Local\MiKTeX\fonts/pk/ljfour/jk
nappen/ec/dpi450\tcit0800.pk> <C:\Users\morazanm\AppData\Local\MiKTeX\fonts/pk/
ljfour/jknappen/ec/dpi600\tctt1000.pk> <C:\Users\morazanm\AppData\Local\MiKTeX\
fonts/pk/ljfour/jknappen/ec/dpi450\tctt0800.pk> <C:\Users\morazanm\AppData\Loca
l\MiKTeX\fonts/pk/ljfour/jknappen/ec/dpi600\tctt0800.pk><C:/Users/morazanm/AppD
ata/Local/Programs/MiKTeX/fonts/type1/public/amsfonts/cm/cmitt10.pfb><C:/Users/
morazanm/AppData/Local/Programs/MiKTeX/fonts/type1/public/amsfonts/cm/cmmi10.pf
b><C:/Users/morazanm/AppData/Local/Programs/MiKTeX/fonts/type1/public/amsfonts/
cm/cmmi6.pfb><C:/Users/morazanm/AppData/Local/Programs/MiKTeX/fonts/type1/publi
c/amsfonts/cm/cmmi8.pfb><C:/Users/morazanm/AppData/Local/Programs/MiKTeX/fonts/
type1/public/amsfonts/cm/cmr6.pfb><C:/Users/morazanm/AppData/Local/Programs/MiK
TeX/fonts/type1/public/amsfonts/cm/cmr8.pfb><C:/Users/morazanm/AppData/Local/Pr
ograms/MiKTeX/fonts/type1/public/amsfonts/cm/cmss10.pfb><C:/Users/morazanm/AppD
ata/Local/Programs/MiKTeX/fonts/type1/public/amsfonts/cm/cmss12.pfb><C:/Users/m
orazanm/AppData/Local/Programs/MiKTeX/fonts/type1/public/amsfonts/cm/cmss8.pfb>
<C:/Users/morazanm/AppData/Local/Programs/MiKTeX/fonts/type1/public/amsfonts/cm
/cmssbx10.pfb><C:/Users/morazanm/AppData/Local/Programs/MiKTeX/fonts/type1/publ
ic/amsfonts/cm/cmssi10.pfb><C:/Users/morazanm/AppData/Local/Programs/MiKTeX/fon
ts/type1/public/amsfonts/cm/cmssi8.pfb><C:/Users/morazanm/AppData/Local/Program
s/MiKTeX/fonts/type1/public/amsfonts/cm/cmsy10.pfb><C:/Users/morazanm/AppData/L
ocal/Programs/MiKTeX/fonts/type1/public/amsfonts/cm/cmsy5.pfb><C:/Users/morazan
m/AppData/Local/Programs/MiKTeX/fonts/type1/public/amsfonts/cm/cmsy6.pfb><C:/Us
ers/morazanm/AppData/Local/Programs/MiKTeX/fonts/type1/public/amsfonts/cm/cmsy7
.pfb><C:/Users/morazanm/AppData/Local/Programs/MiKTeX/fonts/type1/public/amsfon
ts/cm/cmsy8.pfb><C:/Users/morazanm/AppData/Local/Programs/MiKTeX/fonts/type1/pu
blic/amsfonts/cm/cmti7.pfb><C:/Users/morazanm/AppData/Local/Programs/MiKTeX/fon
ts/type1/public/amsfonts/cm/cmtt10.pfb><C:/Users/morazanm/AppData/Local/Program
s/MiKTeX/fonts/type1/public/amsfonts/cm/cmtt12.pfb><C:/Users/morazanm/AppData/L
ocal/Programs/MiKTeX/fonts/type1/public/amsfonts/cm/cmtt8.pfb><C:/Users/morazan
m/AppData/Local/Programs/MiKTeX/fonts/type1/public/amsfonts/symbols/msbm10.pfb>
<C:/Users/morazanm/AppData/Local/Programs/MiKTeX/fonts/type1/public/amsfonts/sy
mbols/msbm7.pfb>
Output written on Context-Free-Languages.pdf (410 pages, 3771640 bytes).
PDF statistics:
 13166 PDF objects out of 15390 (max. 8388607)
 837 named destinations out of 1000 (max. 500000)
 93 words of extra memory for PDF output out of 10000 (max. 10000000)

