This is pdfTeX, Version 3.141592653-2.6-1.40.23 (MiKTeX 21.8) (preloaded format=pdflatex 2021.11.3)  25 JAN 2023 03:58
entering extended mode
**./Fundamental-Concepts.tex
(Fundamental-Concepts.tex
LaTeX2e <2021-06-01> patch level 1
L3 programming layer <2021-08-27>
(C:\Users\morazanm\AppData\Local\Programs\MiKTeX\tex/latex/beamer\beamer.cls
Document Class: beamer 2022/02/08 v3.66 A class for typesetting presentations

(C:\Users\morazanm\AppData\Local\Programs\MiKTeX\tex/latex/beamer\beamerbasemod
es.sty
(C:\Users\morazanm\AppData\Local\Programs\MiKTeX\tex/latex/etoolbox\etoolbox.st
y
Package: etoolbox 2020/10/05 v2.5k e-TeX tools for LaTeX (JAW)
\etb@tempcnta=\count182
)
\beamer@tempbox=\box50
\beamer@tempcount=\count183
\c@beamerpauses=\count184

(C:\Users\morazanm\AppData\Local\Programs\MiKTeX\tex/latex/beamer\beamerbasedec
ode.sty
\beamer@slideinframe=\count185
\beamer@minimum=\count186
\beamer@decode@box=\box51
)
\beamer@commentbox=\box52
\beamer@modecount=\count187
)
(C:\Users\morazanm\AppData\Local\Programs\MiKTeX\tex/generic/iftex\iftex.sty
Package: iftex 2020/03/06 v1.0d TeX engine tests
)
\headdp=\dimen138
\footheight=\dimen139
\sidebarheight=\dimen140
\beamer@tempdim=\dimen141
\beamer@finalheight=\dimen142
\beamer@animht=\dimen143
\beamer@animdp=\dimen144
\beamer@animwd=\dimen145
\beamer@leftmargin=\dimen146
\beamer@rightmargin=\dimen147
\beamer@leftsidebar=\dimen148
\beamer@rightsidebar=\dimen149
\beamer@boxsize=\dimen150
\beamer@vboxoffset=\dimen151
\beamer@descdefault=\dimen152
\beamer@descriptionwidth=\dimen153
\beamer@lastskip=\skip47
\beamer@areabox=\box53
\beamer@animcurrent=\box54
\beamer@animshowbox=\box55
\beamer@sectionbox=\box56
\beamer@logobox=\box57
\beamer@linebox=\box58
\beamer@sectioncount=\count188
\beamer@subsubsectionmax=\count189
\beamer@subsectionmax=\count190
\beamer@sectionmax=\count191
\beamer@totalheads=\count192
\beamer@headcounter=\count193
\beamer@partstartpage=\count194
\beamer@sectionstartpage=\count195
\beamer@subsectionstartpage=\count196
\beamer@animationtempa=\count197
\beamer@animationtempb=\count198
\beamer@xpos=\count199
\beamer@ypos=\count266
\beamer@ypos@offset=\count267
\beamer@showpartnumber=\count268
\beamer@currentsubsection=\count269
\beamer@coveringdepth=\count270
\beamer@sectionadjust=\count271
\beamer@toclastsection=\count272
\beamer@tocsectionnumber=\count273

(C:\Users\morazanm\AppData\Local\Programs\MiKTeX\tex/latex/beamer\beamerbaseopt
ions.sty
(C:\Users\morazanm\AppData\Local\Programs\MiKTeX\tex/latex/graphics\keyval.sty
Package: keyval 2014/10/28 v1.15 key=value parser (DPC)
\KV@toks@=\toks16
))
\beamer@paperwidth=\skip48
\beamer@paperheight=\skip49

(C:\Users\morazanm\AppData\Local\Programs\MiKTeX\tex/latex/geometry\geometry.st
y
Package: geometry 2020/01/02 v5.9 Page Geometry
 (C:\Users\morazanm\AppData\Local\Programs\MiKTeX\tex/generic/iftex\ifvtex.sty
Package: ifvtex 2019/10/25 v1.7 ifvtex legacy package. Use iftex instead.
)
\Gm@cnth=\count274
\Gm@cntv=\count275
\c@Gm@tempcnt=\count276
\Gm@bindingoffset=\dimen154
\Gm@wd@mp=\dimen155
\Gm@odd@mp=\dimen156
\Gm@even@mp=\dimen157
\Gm@layoutwidth=\dimen158
\Gm@layoutheight=\dimen159
\Gm@layouthoffset=\dimen160
\Gm@layoutvoffset=\dimen161
\Gm@dimlist=\toks17

(C:\Users\morazanm\AppData\Local\Programs\MiKTeX\tex/latex/geometry\geometry.cf
g))
(C:\Users\morazanm\AppData\Local\Programs\MiKTeX\tex/latex/pgf/math\pgfmath.sty

(C:\Users\morazanm\AppData\Local\Programs\MiKTeX\tex/latex/pgf/utilities\pgfrcs
.sty
(C:\Users\morazanm\AppData\Local\Programs\MiKTeX\tex/generic/pgf/utilities\pgfu
til-common.tex
\pgfutil@everybye=\toks18
\pgfutil@tempdima=\dimen162
\pgfutil@tempdimb=\dimen163

(C:\Users\morazanm\AppData\Local\Programs\MiKTeX\tex/generic/pgf/utilities\pgfu
til-common-lists.tex))
(C:\Users\morazanm\AppData\Local\Programs\MiKTeX\tex/generic/pgf/utilities\pgfu
til-latex.def
\pgfutil@abb=\box59
)
(C:\Users\morazanm\AppData\Local\Programs\MiKTeX\tex/generic/pgf/utilities\pgfr
cs.code.tex
(C:\Users\morazanm\AppData\Local\Programs\MiKTeX\tex/generic/pgf\pgf.revision.t
ex)
Package: pgfrcs 2021/05/15 v3.1.9a (3.1.9a)
))
(C:\Users\morazanm\AppData\Local\Programs\MiKTeX\tex/latex/pgf/utilities\pgfkey
s.sty
(C:\Users\morazanm\AppData\Local\Programs\MiKTeX\tex/generic/pgf/utilities\pgfk
eys.code.tex
\pgfkeys@pathtoks=\toks19
\pgfkeys@temptoks=\toks20

(C:\Users\morazanm\AppData\Local\Programs\MiKTeX\tex/generic/pgf/utilities\pgfk
eysfiltered.code.tex
\pgfkeys@tmptoks=\toks21
)))
(C:\Users\morazanm\AppData\Local\Programs\MiKTeX\tex/generic/pgf/math\pgfmath.c
ode.tex
(C:\Users\morazanm\AppData\Local\Programs\MiKTeX\tex/generic/pgf/math\pgfmathca
lc.code.tex
(C:\Users\morazanm\AppData\Local\Programs\MiKTeX\tex/generic/pgf/math\pgfmathut
il.code.tex
\pgf@x=\dimen164
\pgf@xa=\dimen165
\pgf@xb=\dimen166
\pgf@xc=\dimen167
\pgf@y=\dimen168
\pgf@ya=\dimen169
\pgf@yb=\dimen170
\pgf@yc=\dimen171
\c@pgf@counta=\count277
\c@pgf@countb=\count278
\c@pgf@countc=\count279
\c@pgf@countd=\count280
)
(C:\Users\morazanm\AppData\Local\Programs\MiKTeX\tex/generic/pgf/math\pgfmathpa
rser.code.tex
\pgfmath@dimen=\dimen172
\pgfmath@count=\count281
\pgfmath@box=\box60
\pgfmath@toks=\toks22
\pgfmath@stack@operand=\toks23
\pgfmath@stack@operation=\toks24
)
(C:\Users\morazanm\AppData\Local\Programs\MiKTeX\tex/generic/pgf/math\pgfmathfu
nctions.code.tex
(C:\Users\morazanm\AppData\Local\Programs\MiKTeX\tex/generic/pgf/math\pgfmathfu
nctions.basic.code.tex)
(C:\Users\morazanm\AppData\Local\Programs\MiKTeX\tex/generic/pgf/math\pgfmathfu
nctions.trigonometric.code.tex)
(C:\Users\morazanm\AppData\Local\Programs\MiKTeX\tex/generic/pgf/math\pgfmathfu
nctions.random.code.tex)
(C:\Users\morazanm\AppData\Local\Programs\MiKTeX\tex/generic/pgf/math\pgfmathfu
nctions.comparison.code.tex)
(C:\Users\morazanm\AppData\Local\Programs\MiKTeX\tex/generic/pgf/math\pgfmathfu
nctions.base.code.tex)
(C:\Users\morazanm\AppData\Local\Programs\MiKTeX\tex/generic/pgf/math\pgfmathfu
nctions.round.code.tex)
(C:\Users\morazanm\AppData\Local\Programs\MiKTeX\tex/generic/pgf/math\pgfmathfu
nctions.misc.code.tex)
(C:\Users\morazanm\AppData\Local\Programs\MiKTeX\tex/generic/pgf/math\pgfmathfu
nctions.integerarithmetics.code.tex)))
(C:\Users\morazanm\AppData\Local\Programs\MiKTeX\tex/generic/pgf/math\pgfmathfl
oat.code.tex
\c@pgfmathroundto@lastzeros=\count282
)))
(C:\Users\morazanm\AppData\Local\Programs\MiKTeX\tex/latex/base\size11.clo
File: size11.clo 2021/02/12 v1.4n Standard LaTeX file (size option)
)
(C:\Users\morazanm\AppData\Local\Programs\MiKTeX\tex/latex/pgf/basiclayer\pgfco
re.sty
(C:\Users\morazanm\AppData\Local\Programs\MiKTeX\tex/latex/graphics\graphicx.st
y
Package: graphicx 2020/12/05 v1.2c Enhanced LaTeX Graphics (DPC,SPQR)

(C:\Users\morazanm\AppData\Local\Programs\MiKTeX\tex/latex/graphics\graphics.st
y
Package: graphics 2021/03/04 v1.4d Standard LaTeX Graphics (DPC,SPQR)
 (C:\Users\morazanm\AppData\Local\Programs\MiKTeX\tex/latex/graphics\trig.sty
Package: trig 2016/01/03 v1.10 sin cos tan (DPC)
)
(C:\Users\morazanm\AppData\Local\Programs\MiKTeX\tex/latex/graphics-cfg\graphic
s.cfg
File: graphics.cfg 2016/06/04 v1.11 sample graphics configuration
)
Package graphics Info: Driver file: pdftex.def on input line 107.

(C:\Users\morazanm\AppData\Local\Programs\MiKTeX\tex/latex/graphics-def\pdftex.
def
File: pdftex.def 2020/10/05 v1.2a Graphics/color driver for pdftex
))
\Gin@req@height=\dimen173
\Gin@req@width=\dimen174
)
(C:\Users\morazanm\AppData\Local\Programs\MiKTeX\tex/latex/pgf/systemlayer\pgfs
ys.sty
(C:\Users\morazanm\AppData\Local\Programs\MiKTeX\tex/generic/pgf/systemlayer\pg
fsys.code.tex
Package: pgfsys 2021/05/15 v3.1.9a (3.1.9a)

(C:\Users\morazanm\AppData\Local\Programs\MiKTeX\tex/generic/pgf/utilities\pgfk
eys.code.tex)
\pgf@x=\dimen175
\pgf@y=\dimen176
\pgf@xa=\dimen177
\pgf@ya=\dimen178
\pgf@xb=\dimen179
\pgf@yb=\dimen180
\pgf@xc=\dimen181
\pgf@yc=\dimen182
\pgf@xd=\dimen183
\pgf@yd=\dimen184
\w@pgf@writea=\write3
\r@pgf@reada=\read2
\c@pgf@counta=\count283
\c@pgf@countb=\count284
\c@pgf@countc=\count285
\c@pgf@countd=\count286
\t@pgf@toka=\toks25
\t@pgf@tokb=\toks26
\t@pgf@tokc=\toks27
\pgf@sys@id@count=\count287

(C:\Users\morazanm\AppData\Local\Programs\MiKTeX\tex/generic/pgf/systemlayer\pg
f.cfg
File: pgf.cfg 2021/05/15 v3.1.9a (3.1.9a)
)
Driver file for pgf: pgfsys-pdftex.def

(C:\Users\morazanm\AppData\Local\Programs\MiKTeX\tex/generic/pgf/systemlayer\pg
fsys-pdftex.def
File: pgfsys-pdftex.def 2021/05/15 v3.1.9a (3.1.9a)

(C:\Users\morazanm\AppData\Local\Programs\MiKTeX\tex/generic/pgf/systemlayer\pg
fsys-common-pdf.def
File: pgfsys-common-pdf.def 2021/05/15 v3.1.9a (3.1.9a)
)))
(C:\Users\morazanm\AppData\Local\Programs\MiKTeX\tex/generic/pgf/systemlayer\pg
fsyssoftpath.code.tex
File: pgfsyssoftpath.code.tex 2021/05/15 v3.1.9a (3.1.9a)
\pgfsyssoftpath@smallbuffer@items=\count288
\pgfsyssoftpath@bigbuffer@items=\count289
)
(C:\Users\morazanm\AppData\Local\Programs\MiKTeX\tex/generic/pgf/systemlayer\pg
fsysprotocol.code.tex
File: pgfsysprotocol.code.tex 2021/05/15 v3.1.9a (3.1.9a)
))
(C:\Users\morazanm\AppData\Local\Programs\MiKTeX\tex/latex/xcolor\xcolor.sty
Package: xcolor 2016/05/11 v2.12 LaTeX color extensions (UK)

(C:\Users\morazanm\AppData\Local\Programs\MiKTeX\tex/latex/graphics-cfg\color.c
fg
File: color.cfg 2016/01/02 v1.6 sample color configuration
)
Package xcolor Info: Driver file: pdftex.def on input line 225.
Package xcolor Info: Model `cmy' substituted by `cmy0' on input line 1348.
Package xcolor Info: Model `hsb' substituted by `rgb' on input line 1352.
Package xcolor Info: Model `RGB' extended on input line 1364.
Package xcolor Info: Model `HTML' substituted by `rgb' on input line 1366.
Package xcolor Info: Model `Hsb' substituted by `hsb' on input line 1367.
Package xcolor Info: Model `tHsb' substituted by `hsb' on input line 1368.
Package xcolor Info: Model `HSB' substituted by `hsb' on input line 1369.
Package xcolor Info: Model `Gray' substituted by `gray' on input line 1370.
Package xcolor Info: Model `wave' substituted by `hsb' on input line 1371.
)
(C:\Users\morazanm\AppData\Local\Programs\MiKTeX\tex/generic/pgf/basiclayer\pgf
core.code.tex
Package: pgfcore 2021/05/15 v3.1.9a (3.1.9a)

(C:\Users\morazanm\AppData\Local\Programs\MiKTeX\tex/generic/pgf/math\pgfmath.c
ode.tex)
(C:\Users\morazanm\AppData\Local\Programs\MiKTeX\tex/generic/pgf/math\pgfint.co
de.tex)
(C:\Users\morazanm\AppData\Local\Programs\MiKTeX\tex/generic/pgf/basiclayer\pgf
corepoints.code.tex
File: pgfcorepoints.code.tex 2021/05/15 v3.1.9a (3.1.9a)
\pgf@picminx=\dimen185
\pgf@picmaxx=\dimen186
\pgf@picminy=\dimen187
\pgf@picmaxy=\dimen188
\pgf@pathminx=\dimen189
\pgf@pathmaxx=\dimen190
\pgf@pathminy=\dimen191
\pgf@pathmaxy=\dimen192
\pgf@xx=\dimen193
\pgf@xy=\dimen194
\pgf@yx=\dimen195
\pgf@yy=\dimen196
\pgf@zx=\dimen197
\pgf@zy=\dimen198
)
(C:\Users\morazanm\AppData\Local\Programs\MiKTeX\tex/generic/pgf/basiclayer\pgf
corepathconstruct.code.tex
File: pgfcorepathconstruct.code.tex 2021/05/15 v3.1.9a (3.1.9a)
\pgf@path@lastx=\dimen199
\pgf@path@lasty=\dimen256
)
(C:\Users\morazanm\AppData\Local\Programs\MiKTeX\tex/generic/pgf/basiclayer\pgf
corepathusage.code.tex
File: pgfcorepathusage.code.tex 2021/05/15 v3.1.9a (3.1.9a)
\pgf@shorten@end@additional=\dimen257
\pgf@shorten@start@additional=\dimen258
)
(C:\Users\morazanm\AppData\Local\Programs\MiKTeX\tex/generic/pgf/basiclayer\pgf
corescopes.code.tex
File: pgfcorescopes.code.tex 2021/05/15 v3.1.9a (3.1.9a)
\pgfpic=\box61
\pgf@hbox=\box62
\pgf@layerbox@main=\box63
\pgf@picture@serial@count=\count290
)
(C:\Users\morazanm\AppData\Local\Programs\MiKTeX\tex/generic/pgf/basiclayer\pgf
coregraphicstate.code.tex
File: pgfcoregraphicstate.code.tex 2021/05/15 v3.1.9a (3.1.9a)
\pgflinewidth=\dimen259
)
(C:\Users\morazanm\AppData\Local\Programs\MiKTeX\tex/generic/pgf/basiclayer\pgf
coretransformations.code.tex
File: pgfcoretransformations.code.tex 2021/05/15 v3.1.9a (3.1.9a)
\pgf@pt@x=\dimen260
\pgf@pt@y=\dimen261
\pgf@pt@temp=\dimen262
)
(C:\Users\morazanm\AppData\Local\Programs\MiKTeX\tex/generic/pgf/basiclayer\pgf
corequick.code.tex
File: pgfcorequick.code.tex 2021/05/15 v3.1.9a (3.1.9a)
)
(C:\Users\morazanm\AppData\Local\Programs\MiKTeX\tex/generic/pgf/basiclayer\pgf
coreobjects.code.tex
File: pgfcoreobjects.code.tex 2021/05/15 v3.1.9a (3.1.9a)
)
(C:\Users\morazanm\AppData\Local\Programs\MiKTeX\tex/generic/pgf/basiclayer\pgf
corepathprocessing.code.tex
File: pgfcorepathprocessing.code.tex 2021/05/15 v3.1.9a (3.1.9a)
)
(C:\Users\morazanm\AppData\Local\Programs\MiKTeX\tex/generic/pgf/basiclayer\pgf
corearrows.code.tex
File: pgfcorearrows.code.tex 2021/05/15 v3.1.9a (3.1.9a)
\pgfarrowsep=\dimen263
)
(C:\Users\morazanm\AppData\Local\Programs\MiKTeX\tex/generic/pgf/basiclayer\pgf
coreshade.code.tex
File: pgfcoreshade.code.tex 2021/05/15 v3.1.9a (3.1.9a)
\pgf@max=\dimen264
\pgf@sys@shading@range@num=\count291
\pgf@shadingcount=\count292
)
(C:\Users\morazanm\AppData\Local\Programs\MiKTeX\tex/generic/pgf/basiclayer\pgf
coreimage.code.tex
File: pgfcoreimage.code.tex 2021/05/15 v3.1.9a (3.1.9a)

(C:\Users\morazanm\AppData\Local\Programs\MiKTeX\tex/generic/pgf/basiclayer\pgf
coreexternal.code.tex
File: pgfcoreexternal.code.tex 2021/05/15 v3.1.9a (3.1.9a)
\pgfexternal@startupbox=\box64
))
(C:\Users\morazanm\AppData\Local\Programs\MiKTeX\tex/generic/pgf/basiclayer\pgf
corelayers.code.tex
File: pgfcorelayers.code.tex 2021/05/15 v3.1.9a (3.1.9a)
)
(C:\Users\morazanm\AppData\Local\Programs\MiKTeX\tex/generic/pgf/basiclayer\pgf
coretransparency.code.tex
File: pgfcoretransparency.code.tex 2021/05/15 v3.1.9a (3.1.9a)
)
(C:\Users\morazanm\AppData\Local\Programs\MiKTeX\tex/generic/pgf/basiclayer\pgf
corepatterns.code.tex
File: pgfcorepatterns.code.tex 2021/05/15 v3.1.9a (3.1.9a)
)
(C:\Users\morazanm\AppData\Local\Programs\MiKTeX\tex/generic/pgf/basiclayer\pgf
corerdf.code.tex
File: pgfcorerdf.code.tex 2021/05/15 v3.1.9a (3.1.9a)
)))
(C:\Users\morazanm\AppData\Local\Programs\MiKTeX\tex/latex/pgf/utilities\xxcolo
r.sty
Package: xxcolor 2003/10/24 ver 0.1
\XC@nummixins=\count293
\XC@countmixins=\count294
)
(C:\Users\morazanm\AppData\Local\Programs\MiKTeX\tex/latex/base\atbegshi-ltx.st
y
Package: atbegshi-ltx 2021/01/10 v1.0c Emulation of the original atbegshi
package with kernel methods
)
(C:\Users\morazanm\AppData\Local\Programs\MiKTeX\tex/latex/hyperref\hyperref.st
y
Package: hyperref 2021-06-07 v7.00m Hypertext links for LaTeX

(C:\Users\morazanm\AppData\Local\Programs\MiKTeX\tex/generic/ltxcmds\ltxcmds.st
y
Package: ltxcmds 2020-05-10 v1.25 LaTeX kernel commands for general use (HO)
)
(C:\Users\morazanm\AppData\Local\Programs\MiKTeX\tex/generic/pdftexcmds\pdftexc
mds.sty
Package: pdftexcmds 2020-06-27 v0.33 Utility functions of pdfTeX for LuaTeX (HO
)

(C:\Users\morazanm\AppData\Local\Programs\MiKTeX\tex/generic/infwarerr\infwarer
r.sty
Package: infwarerr 2019/12/03 v1.5 Providing info/warning/error messages (HO)
)
Package pdftexcmds Info: \pdf@primitive is available.
Package pdftexcmds Info: \pdf@ifprimitive is available.
Package pdftexcmds Info: \pdfdraftmode found.
)
(C:\Users\morazanm\AppData\Local\Programs\MiKTeX\tex/generic/kvsetkeys\kvsetkey
s.sty
Package: kvsetkeys 2019/12/15 v1.18 Key value parser (HO)
)
(C:\Users\morazanm\AppData\Local\Programs\MiKTeX\tex/generic/kvdefinekeys\kvdef
inekeys.sty
Package: kvdefinekeys 2019-12-19 v1.6 Define keys (HO)
)
(C:\Users\morazanm\AppData\Local\Programs\MiKTeX\tex/generic/pdfescape\pdfescap
e.sty
Package: pdfescape 2019/12/09 v1.15 Implements pdfTeX's escape features (HO)
)
(C:\Users\morazanm\AppData\Local\Programs\MiKTeX\tex/latex/hycolor\hycolor.sty
Package: hycolor 2020-01-27 v1.10 Color options for hyperref/bookmark (HO)
)
(C:\Users\morazanm\AppData\Local\Programs\MiKTeX\tex/latex/letltxmacro\letltxma
cro.sty
Package: letltxmacro 2019/12/03 v1.6 Let assignment for LaTeX macros (HO)
)
(C:\Users\morazanm\AppData\Local\Programs\MiKTeX\tex/latex/auxhook\auxhook.sty
Package: auxhook 2019-12-17 v1.6 Hooks for auxiliary files (HO)
)
(C:\Users\morazanm\AppData\Local\Programs\MiKTeX\tex/latex/kvoptions\kvoptions.
sty
Package: kvoptions 2020-10-07 v3.14 Key value format for package options (HO)
)
\@linkdim=\dimen265
\Hy@linkcounter=\count295
\Hy@pagecounter=\count296

(C:\Users\morazanm\AppData\Local\Programs\MiKTeX\tex/latex/hyperref\pd1enc.def
File: pd1enc.def 2021-06-07 v7.00m Hyperref: PDFDocEncoding definition (HO)
Now handling font encoding PD1 ...
... no UTF-8 mapping file for font encoding PD1
)
(C:\Users\morazanm\AppData\Local\Programs\MiKTeX\tex/latex/hyperref\hyperref-la
ngpatches.def
File: hyperref-langpatches.def 2021-06-07 v7.00m Hyperref: patches for babel la
nguages
)
(C:\Users\morazanm\AppData\Local\Programs\MiKTeX\tex/generic/intcalc\intcalc.st
y
Package: intcalc 2019/12/15 v1.3 Expandable calculations with integers (HO)
)
(C:\Users\morazanm\AppData\Local\Programs\MiKTeX\tex/generic/etexcmds\etexcmds.
sty
Package: etexcmds 2019/12/15 v1.7 Avoid name clashes with e-TeX commands (HO)
)
\Hy@SavedSpaceFactor=\count297

(C:\Users\morazanm\AppData\Local\Programs\MiKTeX\tex/latex/hyperref\puenc.def
File: puenc.def 2021-06-07 v7.00m Hyperref: PDF Unicode definition (HO)
Now handling font encoding PU ...
... no UTF-8 mapping file for font encoding PU
)
Package hyperref Info: Option `bookmarks' set `true' on input line 4073.
Package hyperref Info: Option `bookmarksopen' set `true' on input line 4073.
Package hyperref Info: Option `implicit' set `false' on input line 4073.
Package hyperref Info: Hyper figures OFF on input line 4192.
Package hyperref Info: Link nesting OFF on input line 4197.
Package hyperref Info: Hyper index ON on input line 4200.
Package hyperref Info: Plain pages OFF on input line 4207.
Package hyperref Info: Backreferencing OFF on input line 4212.
Package hyperref Info: Implicit mode OFF; no redefinition of LaTeX internals.
Package hyperref Info: Bookmarks ON on input line 4445.
\c@Hy@tempcnt=\count298

(C:\Users\morazanm\AppData\Local\Programs\MiKTeX\tex/latex/url\url.sty
\Urlmuskip=\muskip16
Package: url 2013/09/16  ver 3.4  Verb mode for urls, etc.
)
LaTeX Info: Redefining \url on input line 4804.
\XeTeXLinkMargin=\dimen266

(C:\Users\morazanm\AppData\Local\Programs\MiKTeX\tex/generic/bitset\bitset.sty
Package: bitset 2019/12/09 v1.3 Handle bit-vector datatype (HO)

(C:\Users\morazanm\AppData\Local\Programs\MiKTeX\tex/generic/bigintcalc\bigintc
alc.sty
Package: bigintcalc 2019/12/15 v1.5 Expandable calculations on big integers (HO
)
))
\Fld@menulength=\count299
\Field@Width=\dimen267
\Fld@charsize=\dimen268
Package hyperref Info: Hyper figures OFF on input line 6076.
Package hyperref Info: Link nesting OFF on input line 6081.
Package hyperref Info: Hyper index ON on input line 6084.
Package hyperref Info: backreferencing OFF on input line 6091.
Package hyperref Info: Link coloring OFF on input line 6096.
Package hyperref Info: Link coloring with OCG OFF on input line 6101.
Package hyperref Info: PDF/A mode OFF on input line 6106.
LaTeX Info: Redefining \ref on input line 6146.
LaTeX Info: Redefining \pageref on input line 6150.
\Hy@abspage=\count300


Package hyperref Message: Stopped early.

)
Package hyperref Info: Driver (autodetected): hpdftex.

(C:\Users\morazanm\AppData\Local\Programs\MiKTeX\tex/latex/hyperref\hpdftex.def
File: hpdftex.def 2021-06-07 v7.00m Hyperref driver for pdfTeX

(C:\Users\morazanm\AppData\Local\Programs\MiKTeX\tex/latex/base\atveryend-ltx.s
ty
Package: atveryend-ltx 2020/08/19 v1.0a Emulation of the original atvery packag
e
with kernel methods
)
\Fld@listcount=\count301
\c@bookmark@seq@number=\count302

(C:\Users\morazanm\AppData\Local\Programs\MiKTeX\tex/latex/rerunfilecheck\rerun
filecheck.sty
Package: rerunfilecheck 2019/12/05 v1.9 Rerun checks for auxiliary files (HO)

(C:\Users\morazanm\AppData\Local\Programs\MiKTeX\tex/generic/uniquecounter\uniq
uecounter.sty
Package: uniquecounter 2019/12/15 v1.4 Provide unlimited unique counter (HO)
)
Package uniquecounter Info: New unique counter `rerunfilecheck' on input line 2
86.
))
(C:\Users\morazanm\AppData\Local\Programs\MiKTeX\tex/latex/beamer\beamerbasereq
uires.sty
(C:\Users\morazanm\AppData\Local\Programs\MiKTeX\tex/latex/beamer\beamerbasecom
patibility.sty)
(C:\Users\morazanm\AppData\Local\Programs\MiKTeX\tex/latex/beamer\beamerbasefon
t.sty
(C:\Users\morazanm\AppData\Local\Programs\MiKTeX\tex/latex/amsfonts\amssymb.sty
Package: amssymb 2013/01/14 v3.01 AMS font symbols

(C:\Users\morazanm\AppData\Local\Programs\MiKTeX\tex/latex/amsfonts\amsfonts.st
y
Package: amsfonts 2013/01/14 v3.01 Basic AMSFonts support
\@emptytoks=\toks28
\symAMSa=\mathgroup4
\symAMSb=\mathgroup5
LaTeX Font Info:    Redeclaring math symbol \hbar on input line 98.
LaTeX Font Info:    Overwriting math alphabet `\mathfrak' in version `bold'
(Font)                  U/euf/m/n --> U/euf/b/n on input line 106.
))
(C:\Users\morazanm\AppData\Local\Programs\MiKTeX\tex/latex/sansmathaccent\sansm
athaccent.sty
Package: sansmathaccent 2020/01/31

(C:\Users\morazanm\AppData\Local\Programs\MiKTeX\tex/latex/koma-script\scrlfile
.sty
Package: scrlfile 2021/11/13 v3.35 KOMA-Script package (file load hooks)

(C:\Users\morazanm\AppData\Local\Programs\MiKTeX\tex/latex/koma-script\scrlfile
-hook-3.34.sty
Package: scrlfile-hook-3.34 2021/11/13 v3.35 KOMA-Script package (using LaTeX h
ooks)

(C:\Users\morazanm\AppData\Local\Programs\MiKTeX\tex/latex/koma-script\scrlogo.
sty
Package: scrlogo 2021/11/13 v3.35 KOMA-Script package (logo)
)))))
(C:\Users\morazanm\AppData\Local\Programs\MiKTeX\tex/latex/beamer\beamerbasetra
nslator.sty
(C:\Users\morazanm\AppData\Local\Programs\MiKTeX\tex/latex/translator\translato
r.sty
Package: translator 2021-05-31 v1.12d Easy translation of strings in LaTeX
))
(C:\Users\morazanm\AppData\Local\Programs\MiKTeX\tex/latex/beamer\beamerbasemis
c.sty)
(C:\Users\morazanm\AppData\Local\Programs\MiKTeX\tex/latex/beamer\beamerbasetwo
screens.sty)
(C:\Users\morazanm\AppData\Local\Programs\MiKTeX\tex/latex/beamer\beamerbaseove
rlay.sty
\beamer@argscount=\count303
\beamer@lastskipcover=\skip50
\beamer@trivlistdepth=\count304
)
(C:\Users\morazanm\AppData\Local\Programs\MiKTeX\tex/latex/beamer\beamerbasetit
le.sty)
(C:\Users\morazanm\AppData\Local\Programs\MiKTeX\tex/latex/beamer\beamerbasesec
tion.sty
\c@lecture=\count305
\c@part=\count306
\c@section=\count307
\c@subsection=\count308
\c@subsubsection=\count309
)
(C:\Users\morazanm\AppData\Local\Programs\MiKTeX\tex/latex/beamer\beamerbasefra
me.sty
\beamer@framebox=\box65
\beamer@frametitlebox=\box66
\beamer@zoombox=\box67
\beamer@zoomcount=\count310
\beamer@zoomframecount=\count311
\beamer@frametextheight=\dimen269
\c@subsectionslide=\count312
\beamer@frametopskip=\skip51
\beamer@framebottomskip=\skip52
\beamer@frametopskipautobreak=\skip53
\beamer@framebottomskipautobreak=\skip54
\beamer@envbody=\toks29
\framewidth=\dimen270
\c@framenumber=\count313
)
(C:\Users\morazanm\AppData\Local\Programs\MiKTeX\tex/latex/beamer\beamerbasever
batim.sty
\beamer@verbatimfileout=\write4
)
(C:\Users\morazanm\AppData\Local\Programs\MiKTeX\tex/latex/beamer\beamerbasefra
mesize.sty
\beamer@splitbox=\box68
\beamer@autobreakcount=\count314
\beamer@autobreaklastheight=\dimen271
\beamer@frametitletoks=\toks30
\beamer@framesubtitletoks=\toks31
)
(C:\Users\morazanm\AppData\Local\Programs\MiKTeX\tex/latex/beamer\beamerbasefra
mecomponents.sty
\beamer@footins=\box69
)
(C:\Users\morazanm\AppData\Local\Programs\MiKTeX\tex/latex/beamer\beamerbasecol
or.sty)
(C:\Users\morazanm\AppData\Local\Programs\MiKTeX\tex/latex/beamer\beamerbasenot
es.sty
\beamer@frameboxcopy=\box70
)
(C:\Users\morazanm\AppData\Local\Programs\MiKTeX\tex/latex/beamer\beamerbasetoc
.sty)
(C:\Users\morazanm\AppData\Local\Programs\MiKTeX\tex/latex/beamer\beamerbasetem
plates.sty
\beamer@sbttoks=\toks32

(C:\Users\morazanm\AppData\Local\Programs\MiKTeX\tex/latex/beamer\beamerbaseaux
templates.sty
(C:\Users\morazanm\AppData\Local\Programs\MiKTeX\tex/latex/beamer\beamerbasebox
es.sty
\bmb@box=\box71
\bmb@colorbox=\box72
\bmb@boxwidth=\dimen272
\bmb@boxheight=\dimen273
\bmb@prevheight=\dimen274
\bmb@temp=\dimen275
\bmb@dima=\dimen276
\bmb@dimb=\dimen277
\bmb@prevheight=\dimen278
)
\beamer@blockheadheight=\dimen279
))
(C:\Users\morazanm\AppData\Local\Programs\MiKTeX\tex/latex/beamer\beamerbaseloc
alstructure.sty
(C:\Users\morazanm\AppData\Local\Programs\MiKTeX\tex/latex/tools\enumerate.sty
Package: enumerate 2015/07/23 v3.00 enumerate extensions (DPC)
\@enLab=\toks33
)
\beamer@bibiconwidth=\skip55
\c@figure=\count315
\c@table=\count316
\abovecaptionskip=\skip56
\belowcaptionskip=\skip57
)
(C:\Users\morazanm\AppData\Local\Programs\MiKTeX\tex/latex/beamer\beamerbasenav
igation.sty
\beamer@section@min@dim=\dimen280
)
(C:\Users\morazanm\AppData\Local\Programs\MiKTeX\tex/latex/beamer\beamerbasethe
orems.sty
(C:\Users\morazanm\AppData\Local\Programs\MiKTeX\tex/latex/amsmath\amsmath.sty
Package: amsmath 2021/04/20 v2.17j AMS math features
\@mathmargin=\skip58

For additional information on amsmath, use the `?' option.
(C:\Users\morazanm\AppData\Local\Programs\MiKTeX\tex/latex/amsmath\amstext.sty
Package: amstext 2000/06/29 v2.01 AMS text

(C:\Users\morazanm\AppData\Local\Programs\MiKTeX\tex/latex/amsmath\amsgen.sty
File: amsgen.sty 1999/11/30 v2.0 generic functions
\@emptytoks=\toks34
\ex@=\dimen281
)) (C:\Users\morazanm\AppData\Local\Programs\MiKTeX\tex/latex/amsmath\amsbsy.st
y
Package: amsbsy 1999/11/29 v1.2d Bold Symbols
\pmbraise@=\dimen282
) (C:\Users\morazanm\AppData\Local\Programs\MiKTeX\tex/latex/amsmath\amsopn.sty
Package: amsopn 2016/03/08 v2.02 operator names
)
\inf@bad=\count317
LaTeX Info: Redefining \frac on input line 234.
\uproot@=\count318
\leftroot@=\count319
LaTeX Info: Redefining \overline on input line 399.
\classnum@=\count320
\DOTSCASE@=\count321
LaTeX Info: Redefining \ldots on input line 496.
LaTeX Info: Redefining \dots on input line 499.
LaTeX Info: Redefining \cdots on input line 620.
\Mathstrutbox@=\box73
\strutbox@=\box74
\big@size=\dimen283
LaTeX Font Info:    Redeclaring font encoding OML on input line 743.
LaTeX Font Info:    Redeclaring font encoding OMS on input line 744.
\macc@depth=\count322
\c@MaxMatrixCols=\count323
\dotsspace@=\muskip17
\c@parentequation=\count324
\dspbrk@lvl=\count325
\tag@help=\toks35
\row@=\count326
\column@=\count327
\maxfields@=\count328
\andhelp@=\toks36
\eqnshift@=\dimen284
\alignsep@=\dimen285
\tagshift@=\dimen286
\tagwidth@=\dimen287
\totwidth@=\dimen288
\lineht@=\dimen289
\@envbody=\toks37
\multlinegap=\skip59
\multlinetaggap=\skip60
\mathdisplay@stack=\toks38
LaTeX Info: Redefining \[ on input line 2923.
LaTeX Info: Redefining \] on input line 2924.
) (C:\Users\morazanm\AppData\Local\Programs\MiKTeX\tex/latex/amscls\amsthm.sty
Package: amsthm 2020/05/29 v2.20.6
\thm@style=\toks39
\thm@bodyfont=\toks40
\thm@headfont=\toks41
\thm@notefont=\toks42
\thm@headpunct=\toks43
\thm@preskip=\skip61
\thm@postskip=\skip62
\thm@headsep=\skip63
\dth@everypar=\toks44
)
\c@theorem=\count329
)
(C:\Users\morazanm\AppData\Local\Programs\MiKTeX\tex/latex/beamer\beamerbasethe
mes.sty))
(C:\Users\morazanm\AppData\Local\Programs\MiKTeX\tex/latex/beamer\beamerthemede
fault.sty
(C:\Users\morazanm\AppData\Local\Programs\MiKTeX\tex/latex/beamer\beamerfontthe
medefault.sty)
(C:\Users\morazanm\AppData\Local\Programs\MiKTeX\tex/latex/beamer\beamercolorth
emedefault.sty)
(C:\Users\morazanm\AppData\Local\Programs\MiKTeX\tex/latex/beamer\beamerinnerth
emedefault.sty
\beamer@dima=\dimen290
\beamer@dimb=\dimen291
)
(C:\Users\morazanm\AppData\Local\Programs\MiKTeX\tex/latex/beamer\beamerouterth
emedefault.sty)))
(C:\Users\morazanm\AppData\Local\Programs\MiKTeX\tex/latex/base\alltt.sty
Package: alltt 2021/01/29 v2.0g defines alltt environment
)
(C:\Users\morazanm\AppData\Local\Programs\MiKTeX\tex/latex/pgf/frontendlayer\ti
kz.sty
(C:\Users\morazanm\AppData\Local\Programs\MiKTeX\tex/latex/pgf/basiclayer\pgf.s
ty
Package: pgf 2021/05/15 v3.1.9a (3.1.9a)

(C:\Users\morazanm\AppData\Local\Programs\MiKTeX\tex/generic/pgf/modules\pgfmod
uleshapes.code.tex
File: pgfmoduleshapes.code.tex 2021/05/15 v3.1.9a (3.1.9a)
\pgfnodeparttextbox=\box75
)
(C:\Users\morazanm\AppData\Local\Programs\MiKTeX\tex/generic/pgf/modules\pgfmod
uleplot.code.tex
File: pgfmoduleplot.code.tex 2021/05/15 v3.1.9a (3.1.9a)
)
(C:\Users\morazanm\AppData\Local\Programs\MiKTeX\tex/latex/pgf/compatibility\pg
fcomp-version-0-65.sty
Package: pgfcomp-version-0-65 2021/05/15 v3.1.9a (3.1.9a)
\pgf@nodesepstart=\dimen292
\pgf@nodesepend=\dimen293
)
(C:\Users\morazanm\AppData\Local\Programs\MiKTeX\tex/latex/pgf/compatibility\pg
fcomp-version-1-18.sty
Package: pgfcomp-version-1-18 2021/05/15 v3.1.9a (3.1.9a)
))
(C:\Users\morazanm\AppData\Local\Programs\MiKTeX\tex/latex/pgf/utilities\pgffor
.sty
(C:\Users\morazanm\AppData\Local\Programs\MiKTeX\tex/generic/pgf/utilities\pgff
or.code.tex
Package: pgffor 2021/05/15 v3.1.9a (3.1.9a)

(C:\Users\morazanm\AppData\Local\Programs\MiKTeX\tex/generic/pgf/math\pgfmath.c
ode.tex)
\pgffor@iter=\dimen294
\pgffor@skip=\dimen295
\pgffor@stack=\toks45
\pgffor@toks=\toks46
))
(C:\Users\morazanm\AppData\Local\Programs\MiKTeX\tex/generic/pgf/frontendlayer/
tikz\tikz.code.tex
Package: tikz 2021/05/15 v3.1.9a (3.1.9a)

(C:\Users\morazanm\AppData\Local\Programs\MiKTeX\tex/generic/pgf/libraries\pgfl
ibraryplothandlers.code.tex
File: pgflibraryplothandlers.code.tex 2021/05/15 v3.1.9a (3.1.9a)
\pgf@plot@mark@count=\count330
\pgfplotmarksize=\dimen296
)
\tikz@lastx=\dimen297
\tikz@lasty=\dimen298
\tikz@lastxsaved=\dimen299
\tikz@lastysaved=\dimen300
\tikz@lastmovetox=\dimen301
\tikz@lastmovetoy=\dimen302
\tikzleveldistance=\dimen303
\tikzsiblingdistance=\dimen304
\tikz@figbox=\box76
\tikz@figbox@bg=\box77
\tikz@tempbox=\box78
\tikz@tempbox@bg=\box79
\tikztreelevel=\count331
\tikznumberofchildren=\count332
\tikznumberofcurrentchild=\count333
\tikz@fig@count=\count334

(C:\Users\morazanm\AppData\Local\Programs\MiKTeX\tex/generic/pgf/modules\pgfmod
ulematrix.code.tex
File: pgfmodulematrix.code.tex 2021/05/15 v3.1.9a (3.1.9a)
\pgfmatrixcurrentrow=\count335
\pgfmatrixcurrentcolumn=\count336
\pgf@matrix@numberofcolumns=\count337
)
\tikz@expandcount=\count338

(C:\Users\morazanm\AppData\Local\Programs\MiKTeX\tex/generic/pgf/frontendlayer/
tikz/libraries\tikzlibrarytopaths.code.tex
File: tikzlibrarytopaths.code.tex 2021/05/15 v3.1.9a (3.1.9a)
)))
(C:\Users\morazanm\AppData\Local\Programs\MiKTeX\tex/generic/pgf/frontendlayer/
tikz/libraries\tikzlibrarymatrix.code.tex
File: tikzlibrarymatrix.code.tex 2021/05/15 v3.1.9a (3.1.9a)
)
(C:\Users\morazanm\AppData\Local\Programs\MiKTeX\tex/generic/pgf/frontendlayer/
tikz/libraries\tikzlibrarytrees.code.tex
File: tikzlibrarytrees.code.tex 2021/05/15 v3.1.9a (3.1.9a)
)
(C:\Users\morazanm\AppData\Local\Programs\MiKTeX\tex/latex/cancel\cancel.sty
Package: cancel 2013/04/12 v2.2 Cancel math terms
)
(C:\Users\morazanm\AppData\Local\Programs\MiKTeX\tex/latex/caption\subcaption.s
ty
Package: subcaption 2020/10/07 v1.3j Sub-captions (AR)

(C:\Users\morazanm\AppData\Local\Programs\MiKTeX\tex/latex/caption\caption.sty
Package: caption 2020/10/26 v3.5g Customizing captions (AR)

(C:\Users\morazanm\AppData\Local\Programs\MiKTeX\tex/latex/caption\caption3.sty
Package: caption3 2020/10/21 v2.2e caption3 kernel (AR)
\captionmargin=\dimen305
\captionmargin@=\dimen306
\captionwidth=\dimen307
\caption@tempdima=\dimen308
\caption@indent=\dimen309
\caption@parindent=\dimen310
\caption@hangindent=\dimen311
Package caption Info: beamer document class detected.

(C:\Users\morazanm\AppData\Local\Programs\MiKTeX\tex/latex/caption\caption-beam
er.sto
File: caption-beamer.sto 2020/08/22 v2.0 Adaption of the caption package to the
 beamer document classes (AR)
))
\c@caption@flags=\count339
\c@continuedfloat=\count340
Package caption Info: hyperref package is loaded.
Package caption Info: Hyperref support is turned off
(caption)             because hyperref has stopped early.
)
\c@subfigure=\count341
\c@subtable=\count342
)
(C:\Users\morazanm\AppData\Local\Programs\MiKTeX\tex/latex/adjustbox\adjustbox.
sty
Package: adjustbox 2020/08/19 v1.3 Adjusting TeX boxes (trim, clip, ...)

(C:\Users\morazanm\AppData\Local\Programs\MiKTeX\tex/latex/xkeyval\xkeyval.sty
Package: xkeyval 2020/11/20 v2.8 package option processing (HA)

(C:\Users\morazanm\AppData\Local\Programs\MiKTeX\tex/generic/xkeyval\xkeyval.te
x
(C:\Users\morazanm\AppData\Local\Programs\MiKTeX\tex/generic/xkeyval\xkvutils.t
ex
\XKV@toks=\toks47
\XKV@tempa@toks=\toks48
)
\XKV@depth=\count343
File: xkeyval.tex 2014/12/03 v2.7a key=value parser (HA)
))
(C:\Users\morazanm\AppData\Local\Programs\MiKTeX\tex/latex/adjustbox\adjcalc.st
y
Package: adjcalc 2012/05/16 v1.1 Provides advanced setlength with multiple back
-ends (calc, etex, pgfmath)
)
(C:\Users\morazanm\AppData\Local\Programs\MiKTeX\tex/latex/adjustbox\trimclip.s
ty
Package: trimclip 2020/08/19 v1.2 Trim and clip general TeX material

(C:\Users\morazanm\AppData\Local\Programs\MiKTeX\tex/latex/collectbox\collectbo
x.sty
Package: collectbox 2012/05/17 v0.4b Collect macro arguments as boxes
\collectedbox=\box80
)
\tc@llx=\dimen312
\tc@lly=\dimen313
\tc@urx=\dimen314
\tc@ury=\dimen315
Package trimclip Info: Using driver 'tc-pdftex.def'.

(C:\Users\morazanm\AppData\Local\Programs\MiKTeX\tex/latex/adjustbox\tc-pdftex.
def
File: tc-pdftex.def 2019/01/04 v2.2 Clipping driver for pdftex
))
\adjbox@Width=\dimen316
\adjbox@Height=\dimen317
\adjbox@Depth=\dimen318
\adjbox@Totalheight=\dimen319
\adjbox@pwidth=\dimen320
\adjbox@pheight=\dimen321
\adjbox@pdepth=\dimen322
\adjbox@ptotalheight=\dimen323

(C:\Users\morazanm\AppData\Local\Programs\MiKTeX\tex/latex/ifoddpage\ifoddpage.
sty
Package: ifoddpage 2016/04/23 v1.1 Conditionals for odd/even page detection
\c@checkoddpage=\count344
)
(C:\Users\morazanm\AppData\Local\Programs\MiKTeX\tex/latex/varwidth\varwidth.st
y
Package: varwidth 2009/03/30 ver 0.92;  Variable-width minipages
\@vwid@box=\box81
\sift@deathcycles=\count345
\@vwid@loff=\dimen324
\@vwid@roff=\dimen325
))
(C:\Users\morazanm\AppData\Local\Programs\MiKTeX\tex/latex/beamer\beamerthemeHa
nnover.sty
(C:\Users\morazanm\AppData\Local\Programs\MiKTeX\tex/latex/beamer\beamerouterth
emesidebar.sty
\beamer@sidebarwidth=\dimen326
\beamer@headheight=\dimen327
)
(C:\Users\morazanm\AppData\Local\Programs\MiKTeX\tex/latex/beamer\beamercolorth
emeseahorse.sty)
(C:\Users\morazanm\AppData\Local\Programs\MiKTeX\tex/latex/beamer\beamerinnerth
emecircles.sty))
(C:\Users\morazanm\AppData\Local\Programs\MiKTeX\tex/latex/l3backend\l3backend-
pdftex.def
File: l3backend-pdftex.def 2021-08-04 L3 backend support: PDF output (pdfTeX)
\l__color_backend_stack_int=\count346
\l__pdf_internal_box=\box82
) (Fundamental-Concepts.aux)
\openout1 = `Fundamental-Concepts.aux'.

LaTeX Font Info:    Checking defaults for OML/cmm/m/it on input line 43.
LaTeX Font Info:    ... okay on input line 43.
LaTeX Font Info:    Checking defaults for OMS/cmsy/m/n on input line 43.
LaTeX Font Info:    ... okay on input line 43.
LaTeX Font Info:    Checking defaults for OT1/cmr/m/n on input line 43.
LaTeX Font Info:    ... okay on input line 43.
LaTeX Font Info:    Checking defaults for T1/cmr/m/n on input line 43.
LaTeX Font Info:    ... okay on input line 43.
LaTeX Font Info:    Checking defaults for TS1/cmr/m/n on input line 43.
LaTeX Font Info:    ... okay on input line 43.
LaTeX Font Info:    Checking defaults for OMX/cmex/m/n on input line 43.
LaTeX Font Info:    ... okay on input line 43.
LaTeX Font Info:    Checking defaults for U/cmr/m/n on input line 43.
LaTeX Font Info:    ... okay on input line 43.
LaTeX Font Info:    Checking defaults for PD1/pdf/m/n on input line 43.
LaTeX Font Info:    ... okay on input line 43.
LaTeX Font Info:    Checking defaults for PU/pdf/m/n on input line 43.
LaTeX Font Info:    ... okay on input line 43.

*geometry* driver: auto-detecting
*geometry* detected driver: pdftex
*geometry* verbose mode - [ preamble ] result:
* driver: pdftex
* paper: custom
* layout: <same size as paper>
* layoutoffset:(h,v)=(0.0pt,0.0pt)
* modes: includehead includefoot 
* h-part:(L,W,R)=(59.22636pt, 290.74263pt, 14.22636pt)
* v-part:(T,H,B)=(0.0pt, 273.14662pt, 0.0pt)
* \paperwidth=364.19536pt
* \paperheight=273.14662pt
* \textwidth=290.74263pt
* \textheight=244.6939pt
* \oddsidemargin=-13.04362pt
* \evensidemargin=-13.04362pt
* \topmargin=-72.26999pt
* \headheight=14.22636pt
* \headsep=0.0pt
* \topskip=11.0pt
* \footskip=14.22636pt
* \marginparwidth=4.0pt
* \marginparsep=10.0pt
* \columnsep=10.0pt
* \skip\footins=10.0pt plus 4.0pt minus 2.0pt
* \hoffset=0.0pt
* \voffset=0.0pt
* \mag=1000
* \@twocolumnfalse
* \@twosidefalse
* \@mparswitchfalse
* \@reversemarginfalse
* (1in=72.27pt=25.4mm, 1cm=28.453pt)


(C:\Users\morazanm\AppData\Local\Programs\MiKTeX\tex/context/base/mkii\supp-pdf
.mkii
[Loading MPS to PDF converter (version 2006.09.02).]
\scratchcounter=\count347
\scratchdimen=\dimen328
\scratchbox=\box83
\nofMPsegments=\count348
\nofMParguments=\count349
\everyMPshowfont=\toks49
\MPscratchCnt=\count350
\MPscratchDim=\dimen329
\MPnumerator=\count351
\makeMPintoPDFobject=\count352
\everyMPtoPDFconversion=\toks50
)
(C:\Users\morazanm\AppData\Local\Programs\MiKTeX\tex/latex/epstopdf-pkg\epstopd
f-base.sty
Package: epstopdf-base 2020-01-24 v2.11 Base part for package epstopdf
Package epstopdf-base Info: Redefining graphics rule for `.eps' on input line 4
85.

(C:\Users\morazanm\AppData\Local\Programs\MiKTeX\tex/latex/00miktex\epstopdf-sy
s.cfg
File: epstopdf-sys.cfg 2021/03/18 v2.0 Configuration of epstopdf for MiKTeX
))
Package hyperref Info: Link coloring OFF on input line 43.

(C:\Users\morazanm\AppData\Local\Programs\MiKTeX\tex/latex/hyperref\nameref.sty
Package: nameref 2021-04-02 v2.47 Cross-referencing by name of section

(C:\Users\morazanm\AppData\Local\Programs\MiKTeX\tex/latex/refcount\refcount.st
y
Package: refcount 2019/12/15 v3.6 Data extraction from label references (HO)
)
(C:\Users\morazanm\AppData\Local\Programs\MiKTeX\tex/generic/gettitlestring\get
titlestring.sty
Package: gettitlestring 2019/12/15 v1.6 Cleanup title references (HO)
)
\c@section@level=\count353
)
LaTeX Info: Redefining \ref on input line 43.
LaTeX Info: Redefining \pageref on input line 43.
LaTeX Info: Redefining \nameref on input line 43.
 (Fundamental-Concepts.out) (Fundamental-Concepts.out)
\@outlinefile=\write5
\openout5 = `Fundamental-Concepts.out'.

LaTeX Font Info:    Overwriting symbol font `operators' in version `normal'
(Font)                  OT1/cmr/m/n --> OT1/cmss/m/n on input line 43.
LaTeX Font Info:    Overwriting symbol font `operators' in version `bold'
(Font)                  OT1/cmr/bx/n --> OT1/cmss/b/n on input line 43.
\symnumbers=\mathgroup6
\sympureletters=\mathgroup7
LaTeX Font Info:    Overwriting math alphabet `\mathrm' in version `normal'
(Font)                  OT1/cmss/m/n --> OT1/cmr/m/n on input line 43.
LaTeX Font Info:    Redeclaring math alphabet \mathbf on input line 43.
LaTeX Font Info:    Overwriting math alphabet `\mathbf' in version `normal'
(Font)                  OT1/cmr/bx/n --> OT1/cmss/b/n on input line 43.
LaTeX Font Info:    Overwriting math alphabet `\mathbf' in version `bold'
(Font)                  OT1/cmr/bx/n --> OT1/cmss/b/n on input line 43.
LaTeX Font Info:    Redeclaring math alphabet \mathsf on input line 43.
LaTeX Font Info:    Overwriting math alphabet `\mathsf' in version `normal'
(Font)                  OT1/cmss/m/n --> OT1/cmss/m/n on input line 43.
LaTeX Font Info:    Overwriting math alphabet `\mathsf' in version `bold'
(Font)                  OT1/cmss/bx/n --> OT1/cmss/m/n on input line 43.
LaTeX Font Info:    Redeclaring math alphabet \mathit on input line 43.
LaTeX Font Info:    Overwriting math alphabet `\mathit' in version `normal'
(Font)                  OT1/cmr/m/it --> OT1/cmss/m/it on input line 43.
LaTeX Font Info:    Overwriting math alphabet `\mathit' in version `bold'
(Font)                  OT1/cmr/bx/it --> OT1/cmss/m/it on input line 43.
LaTeX Font Info:    Redeclaring math alphabet \mathtt on input line 43.
LaTeX Font Info:    Overwriting math alphabet `\mathtt' in version `normal'
(Font)                  OT1/cmtt/m/n --> OT1/cmtt/m/n on input line 43.
LaTeX Font Info:    Overwriting math alphabet `\mathtt' in version `bold'
(Font)                  OT1/cmtt/m/n --> OT1/cmtt/m/n on input line 43.
LaTeX Font Info:    Overwriting symbol font `numbers' in version `bold'
(Font)                  OT1/cmss/m/n --> OT1/cmss/b/n on input line 43.
LaTeX Font Info:    Overwriting symbol font `pureletters' in version `bold'
(Font)                  OT1/cmss/m/it --> OT1/cmss/b/it on input line 43.
LaTeX Font Info:    Overwriting math alphabet `\mathrm' in version `bold'
(Font)                  OT1/cmss/b/n --> OT1/cmr/b/n on input line 43.
LaTeX Font Info:    Overwriting math alphabet `\mathbf' in version `bold'
(Font)                  OT1/cmss/b/n --> OT1/cmss/b/n on input line 43.
LaTeX Font Info:    Overwriting math alphabet `\mathsf' in version `bold'
(Font)                  OT1/cmss/m/n --> OT1/cmss/b/n on input line 43.
LaTeX Font Info:    Overwriting math alphabet `\mathit' in version `bold'
(Font)                  OT1/cmss/m/it --> OT1/cmss/b/it on input line 43.
LaTeX Font Info:    Overwriting math alphabet `\mathtt' in version `bold'
(Font)                  OT1/cmtt/m/n --> OT1/cmtt/b/n on input line 43.
LaTeX Font Info:    Redeclaring symbol font `pureletters' on input line 43.
LaTeX Font Info:    Overwriting symbol font `pureletters' in version `normal'
(Font)                  OT1/cmss/m/it --> OT1/mathkerncmss/m/sl on input line 4
3.
LaTeX Font Info:    Overwriting symbol font `pureletters' in version `bold'
(Font)                  OT1/cmss/b/it --> OT1/mathkerncmss/m/sl on input line 4
3.
LaTeX Font Info:    Overwriting symbol font `pureletters' in version `bold'
(Font)                  OT1/mathkerncmss/m/sl --> OT1/mathkerncmss/bx/sl on inp
ut line 43.

(C:\Users\morazanm\AppData\Local\Programs\MiKTeX\tex/latex/translator\translato
r-basic-dictionary-English.dict
Dictionary: translator-basic-dictionary, Language: English 
)
(C:\Users\morazanm\AppData\Local\Programs\MiKTeX\tex/latex/translator\translato
r-bibliography-dictionary-English.dict
Dictionary: translator-bibliography-dictionary, Language: English 
)
(C:\Users\morazanm\AppData\Local\Programs\MiKTeX\tex/latex/translator\translato
r-environment-dictionary-English.dict
Dictionary: translator-environment-dictionary, Language: English 
)
(C:\Users\morazanm\AppData\Local\Programs\MiKTeX\tex/latex/translator\translato
r-months-dictionary-English.dict
Dictionary: translator-months-dictionary, Language: English 
)
(C:\Users\morazanm\AppData\Local\Programs\MiKTeX\tex/latex/translator\translato
r-numbers-dictionary-English.dict
Dictionary: translator-numbers-dictionary, Language: English 
)
(C:\Users\morazanm\AppData\Local\Programs\MiKTeX\tex/latex/translator\translato
r-theorem-dictionary-English.dict
Dictionary: translator-theorem-dictionary, Language: English 
)
Package caption Info: Begin \AtBeginDocument code.
Package caption Info: End \AtBeginDocument code.
 (Fundamental-Concepts.nav)

Package hyperref Warning: Option `pdfauthor' has already been used,
(hyperref)                setting the option has no effect on input line 47.

[1{C:/Users/morazanm/AppData/Local/MiKTeX/pdftex/config/pdftex.map}

]
(Fundamental-Concepts.toc) [2

]
\openout4 = `Fundamental-Concepts.vrb'.

 (Fundamental-Concepts.vrb
LaTeX Font Info:    Trying to load font information for U+msa on input line 5.

(C:\Users\morazanm\AppData\Local\Programs\MiKTeX\tex/latex/amsfonts\umsa.fd
File: umsa.fd 2013/01/14 v3.01 AMS symbols A
)
LaTeX Font Info:    Trying to load font information for U+msb on input line 5.

(C:\Users\morazanm\AppData\Local\Programs\MiKTeX\tex/latex/amsfonts\umsb.fd
File: umsb.fd 2013/01/14 v3.01 AMS symbols B
)
LaTeX Font Info:    Trying to load font information for OT1+mathkerncmss on inp
ut line 5.

(C:\Users\morazanm\AppData\Local\Programs\MiKTeX\tex/latex/sansmathaccent\ot1ma
thkerncmss.fd
File: ot1mathkerncmss.fd 2020/01/31 Fontinst v1.933 font definitions for OT1/ma
thkerncmss.
)) [3

] (Fundamental-Concepts.vrb) [4

] (Fundamental-Concepts.vrb)
[5

] (Fundamental-Concepts.vrb) [6

]
\openout4 = `Fundamental-Concepts.vrb'.

 (Fundamental-Concepts.vrb
<error.png, id=214, 119.94812pt x 42.1575pt>
File: error.png Graphic file (type png)
<use error.png>
Package pdftex.def Info: error.png  used on input line 32.
(pdftex.def)             Requested size: 119.94781pt x 42.15738pt.
) [7

 <./error.png>] (Fundamental-Concepts.vrb
File: error.png Graphic file (type png)
<use error.png>
Package pdftex.def Info: error.png  used on input line 32.
(pdftex.def)             Requested size: 119.94781pt x 42.15738pt.
) [8

] (Fundamental-Concepts.vrb
File: error.png Graphic file (type png)
<use error.png>
Package pdftex.def Info: error.png  used on input line 32.
(pdftex.def)             Requested size: 119.94781pt x 42.15738pt.
) [9

]
(Fundamental-Concepts.vrb
File: error.png Graphic file (type png)
<use error.png>
Package pdftex.def Info: error.png  used on input line 32.
(pdftex.def)             Requested size: 119.94781pt x 42.15738pt.
) [10

]
\openout4 = `Fundamental-Concepts.vrb'.

 (Fundamental-Concepts.vrb
LaTeX Font Info:    Trying to load font information for TS1+cmtt on input line 
21.

(C:\Users\morazanm\AppData\Local\Programs\MiKTeX\tex/latex/base\ts1cmtt.fd
File: ts1cmtt.fd 2019/12/16 v2.5j Standard LaTeX font definitions
)
Overfull \hbox (15.91042pt too wide) in paragraph at lines 21--21
 []\OT1/cmtt/m/n/8 ;;  1. \TS1/cmtt/m/n/8 '\OT1/cmtt/m/n/8 ()  2. number  3. (l
ist number (btof number) (btof number))[] 
 []

)
Overfull \vbox (21.03969pt too high) detected at line 169
 []

[11

] (Fundamental-Concepts.vrb
Overfull \hbox (15.91042pt too wide) in paragraph at lines 21--21
 []\OT1/cmtt/m/n/8 ;;  1. \TS1/cmtt/m/n/8 '\OT1/cmtt/m/n/8 ()  2. number  3. (l
ist number (btof number) (btof number))[] 
 []

)
Overfull \vbox (21.03969pt too high) detected at line 169
 []

[12

] (Fundamental-Concepts.vrb
Overfull \hbox (15.91042pt too wide) in paragraph at lines 21--21
 []\OT1/cmtt/m/n/8 ;;  1. \TS1/cmtt/m/n/8 '\OT1/cmtt/m/n/8 ()  2. number  3. (l
ist number (btof number) (btof number))[] 
 []

)
Overfull \vbox (21.03969pt too high) detected at line 169
 []

[13

] (Fundamental-Concepts.vrb
Overfull \hbox (15.91042pt too wide) in paragraph at lines 21--21
 []\OT1/cmtt/m/n/8 ;;  1. \TS1/cmtt/m/n/8 '\OT1/cmtt/m/n/8 ()  2. number  3. (l
ist number (btof number) (btof number))[] 
 []

)
Overfull \vbox (21.03969pt too high) detected at line 169
 []

[14

]
\openout4 = `Fundamental-Concepts.vrb'.

 (Fundamental-Concepts.vrb) [15

] (Fundamental-Concepts.vrb) [16

]
(Fundamental-Concepts.vrb) [17

] (Fundamental-Concepts.vrb) [18

]
\openout4 = `Fundamental-Concepts.vrb'.


(Fundamental-Concepts.vrb)
Overfull \vbox (59.85217pt too high) detected at line 238
 []

[19

] (Fundamental-Concepts.vrb)
Overfull \vbox (59.85217pt too high) detected at line 238
 []

[20

] (Fundamental-Concepts.vrb)
Overfull \vbox (59.85217pt too high) detected at line 238
 []

[21

]
\openout4 = `Fundamental-Concepts.vrb'.

 (Fundamental-Concepts.vrb) [22

]
\openout4 = `Fundamental-Concepts.vrb'.

 (Fundamental-Concepts.vrb) [23

]
(Fundamental-Concepts.vrb) [24

]
\openout4 = `Fundamental-Concepts.vrb'.

 (Fundamental-Concepts.vrb) [25

]
(Fundamental-Concepts.vrb) [26

] (Fundamental-Concepts.vrb) [27

]
(Fundamental-Concepts.vrb) [28

] (Fundamental-Concepts.vrb) [29

]
\openout4 = `Fundamental-Concepts.vrb'.


(Fundamental-Concepts.vrb) [30

]
\openout4 = `Fundamental-Concepts.vrb'.

 (Fundamental-Concepts.vrb
LaTeX Font Info:    Trying to load font information for OMS+cmtt on input line 
19.
LaTeX Font Info:    No file OMScmtt.fd. on input line 19.


LaTeX Font Warning: Font shape `OMS/cmtt/m/n' undefined
(Font)              using `OMS/cmsy/m/n' instead
(Font)              for symbol `textbraceleft' on input line 19.

) [31

] (Fundamental-Concepts.vrb) [32

] (Fundamental-Concepts.vrb) [33

]
\openout4 = `Fundamental-Concepts.vrb'.


(Fundamental-Concepts.vrb) [34

] (Fundamental-Concepts.vrb) [35

]
(Fundamental-Concepts.vrb) [36

]
\openout4 = `Fundamental-Concepts.vrb'.

 (Fundamental-Concepts.vrb) [37

]
(Fundamental-Concepts.vrb) [38

] (Fundamental-Concepts.vrb) [39

]
\openout4 = `Fundamental-Concepts.vrb'.


(Fundamental-Concepts.vrb) [40

] (Fundamental-Concepts.vrb) [41

]
(Fundamental-Concepts.vrb) [42

]
\openout4 = `Fundamental-Concepts.vrb'.

 (Fundamental-Concepts.vrb) [43

]
(Fundamental-Concepts.vrb) [44

] (Fundamental-Concepts.vrb) [45

]
\openout4 = `Fundamental-Concepts.vrb'.


(Fundamental-Concepts.vrb) [46

]
\openout4 = `Fundamental-Concepts.vrb'.

 (Fundamental-Concepts.vrb) [47

]
\openout4 = `Fundamental-Concepts.vrb'.


(Fundamental-Concepts.vrb) [48

] (Fundamental-Concepts.vrb) [49

]
(Fundamental-Concepts.vrb) [50

]
\openout4 = `Fundamental-Concepts.vrb'.

 (Fundamental-Concepts.vrb) [51

]
(Fundamental-Concepts.vrb) [52

] (Fundamental-Concepts.vrb) [53

]
(Fundamental-Concepts.vrb) [54

] (Fundamental-Concepts.vrb) [55

]
(Fundamental-Concepts.vrb) [56

]
\openout4 = `Fundamental-Concepts.vrb'.

 (Fundamental-Concepts.vrb) [57

]
(Fundamental-Concepts.vrb) [58

] (Fundamental-Concepts.vrb) [59

]
\openout4 = `Fundamental-Concepts.vrb'.


(Fundamental-Concepts.vrb) [60

] (Fundamental-Concepts.vrb) [61

]
(Fundamental-Concepts.vrb) [62

] (Fundamental-Concepts.vrb) [63

]
(Fundamental-Concepts.vrb) [64

]
\openout4 = `Fundamental-Concepts.vrb'.

 (Fundamental-Concepts.vrb) [65

]
(Fundamental-Concepts.vrb) [66

] (Fundamental-Concepts.vrb) [67

]
\openout4 = `Fundamental-Concepts.vrb'.


(Fundamental-Concepts.vrb) [68

] (Fundamental-Concepts.vrb) [69

]
(Fundamental-Concepts.vrb) [70

]
\openout4 = `Fundamental-Concepts.vrb'.

 (Fundamental-Concepts.vrb)
Overfull \vbox (68.51881pt too high) detected at line 785
 []

[71

] (Fundamental-Concepts.vrb)
Overfull \vbox (68.51881pt too high) detected at line 785
 []

[72

] (Fundamental-Concepts.vrb)
Overfull \vbox (68.51881pt too high) detected at line 785
 []

[73

]
\openout4 = `Fundamental-Concepts.vrb'.

 (Fundamental-Concepts.vrb)
Overfull \vbox (31.51881pt too high) detected at line 832
 []

[74

] (Fundamental-Concepts.vrb)
Overfull \vbox (31.51881pt too high) detected at line 832
 []

[75

] (Fundamental-Concepts.vrb)
Overfull \vbox (31.51881pt too high) detected at line 832
 []

[76

]
\openout4 = `Fundamental-Concepts.vrb'.

 (Fundamental-Concepts.vrb
Overfull \hbox (13.07814pt too wide) in paragraph at lines 7--7
 []\OT1/cmtt/m/n/8 A - (B $\OMS/cmtt/m/n/8 [$ \OT1/cmtt/m/n/8 C) = (A - B) $\OM
S/cmtt/m/n/8 \$ \OT1/cmtt/m/n/8 (A - C)   A - (B $\OMS/cmtt/m/n/8 \$ \OT1/cmtt/
m/n/8 C) = (A - B) $\OMS/cmtt/m/n/8 [$ \OT1/cmtt/m/n/8 (A - C)[] 
 []


Overfull \hbox (10.06725pt too wide) in paragraph at lines 35--35
[]   \OT1/cmtt/m/n/8 A - (B $\OMS/cmtt/m/n/8 [$ \OT1/cmtt/m/n/8 C) $\OMS/cmtt/m
/n/8 $ \OT1/cmtt/m/n/8 (A - B) $\OMS/cmtt/m/n/8 \$ \OT1/cmtt/m/n/8 (A - C) $\O
MS/cmtt/m/n/8 ^$ \OT1/cmtt/m/n/8 (A - B) $\OMS/cmtt/m/n/8 \$ \OT1/cmtt/m/n/8 (A
 - C) $\OMS/cmtt/m/n/8 $ \OT1/cmtt/m/n/8 A - (B $\OMS/cmtt/m/n/8 [$ \OT1/cmtt/
m/n/8 C)[] 
 []

)
Overfull \vbox (11.12994pt too high) detected at line 876
 []

[77

] (Fundamental-Concepts.vrb
Overfull \hbox (13.07814pt too wide) in paragraph at lines 7--7
 []\OT1/cmtt/m/n/8 A - (B $\OMS/cmtt/m/n/8 [$ \OT1/cmtt/m/n/8 C) = (A - B) $\OM
S/cmtt/m/n/8 \$ \OT1/cmtt/m/n/8 (A - C)   A - (B $\OMS/cmtt/m/n/8 \$ \OT1/cmtt/
m/n/8 C) = (A - B) $\OMS/cmtt/m/n/8 [$ \OT1/cmtt/m/n/8 (A - C)[] 
 []


Overfull \hbox (10.06725pt too wide) in paragraph at lines 35--35
[]   \OT1/cmtt/m/n/8 A - (B $\OMS/cmtt/m/n/8 [$ \OT1/cmtt/m/n/8 C) $\OMS/cmtt/m
/n/8 $ \OT1/cmtt/m/n/8 (A - B) $\OMS/cmtt/m/n/8 \$ \OT1/cmtt/m/n/8 (A - C) $\O
MS/cmtt/m/n/8 ^$ \OT1/cmtt/m/n/8 (A - B) $\OMS/cmtt/m/n/8 \$ \OT1/cmtt/m/n/8 (A
 - C) $\OMS/cmtt/m/n/8 $ \OT1/cmtt/m/n/8 A - (B $\OMS/cmtt/m/n/8 [$ \OT1/cmtt/
m/n/8 C)[] 
 []

)
Overfull \vbox (11.12994pt too high) detected at line 876
 []

[78

]
\openout4 = `Fundamental-Concepts.vrb'.

 (Fundamental-Concepts.vrb) [79

]
\openout4 = `Fundamental-Concepts.vrb'.

 (Fundamental-Concepts.vrb) [80

]
(Fundamental-Concepts.vrb) [81

] (Fundamental-Concepts.vrb) [82

]
\openout4 = `Fundamental-Concepts.vrb'.


(Fundamental-Concepts.vrb) [83

] (Fundamental-Concepts.vrb) [84

]
(Fundamental-Concepts.vrb) [85

]
\openout4 = `Fundamental-Concepts.vrb'.

 (Fundamental-Concepts.vrb) [86

]
(Fundamental-Concepts.vrb) [87

] (Fundamental-Concepts.vrb) [88

]
(Fundamental-Concepts.vrb) [89

]
\openout4 = `Fundamental-Concepts.vrb'.

 (Fundamental-Concepts.vrb)
Overfull \vbox (6.24107pt too high) detected at line 1014
 []

[90

] (Fundamental-Concepts.vrb)
Overfull \vbox (6.24107pt too high) detected at line 1014
 []

[91

] (Fundamental-Concepts.vrb)
Overfull \vbox (6.24107pt too high) detected at line 1014
 []

[92

] (Fundamental-Concepts.vrb)
Overfull \vbox (6.24107pt too high) detected at line 1014
 []

[93

] (Fundamental-Concepts.vrb)
Overfull \vbox (6.24107pt too high) detected at line 1014
 []

[94

] (Fundamental-Concepts.vrb)
Overfull \vbox (6.24107pt too high) detected at line 1014
 []

[95

] (Fundamental-Concepts.vrb)
Overfull \vbox (6.24107pt too high) detected at line 1014
 []

[96

]
\openout4 = `Fundamental-Concepts.vrb'.

 (Fundamental-Concepts.vrb) [97

] (Fundamental-Concepts.vrb) [98

]
(Fundamental-Concepts.vrb) [99

] (Fundamental-Concepts.vrb) [100

]
(Fundamental-Concepts.vrb) [101

]
\openout4 = `Fundamental-Concepts.vrb'.

 (Fundamental-Concepts.vrb) [102

]
\openout4 = `Fundamental-Concepts.vrb'.


(Fundamental-Concepts.vrb) [103

] (Fundamental-Concepts.vrb) [104

]
\openout4 = `Fundamental-Concepts.vrb'.


(Fundamental-Concepts.vrb) [105

] (Fundamental-Concepts.vrb) [106

]
(Fundamental-Concepts.vrb) [107

] (Fundamental-Concepts.vrb) [108

]
\openout4 = `Fundamental-Concepts.vrb'.


(Fundamental-Concepts.vrb) [109

] (Fundamental-Concepts.vrb) [110

]
\openout4 = `Fundamental-Concepts.vrb'.


(Fundamental-Concepts.vrb
LaTeX Font Info:    Trying to load font information for TS1+cmss on input line 
19.

(C:\Users\morazanm\AppData\Local\Programs\MiKTeX\tex/latex/base\ts1cmss.fd
File: ts1cmss.fd 2019/12/16 v2.5j Standard LaTeX font definitions
))
Overfull \vbox (34.60745pt too high) detected at line 1234
 []

[111

] (Fundamental-Concepts.vrb)
Overfull \vbox (34.60745pt too high) detected at line 1234
 []

[112

]
\openout4 = `Fundamental-Concepts.vrb'.

 (Fundamental-Concepts.vrb) [113

]
\openout4 = `Fundamental-Concepts.vrb'.

 (Fundamental-Concepts.vrb) [114

]
(Fundamental-Concepts.vrb) [115

] (Fundamental-Concepts.vrb) [116

]
\openout4 = `Fundamental-Concepts.vrb'.


(Fundamental-Concepts.vrb) [117

] (Fundamental-Concepts.vrb) [118

]
(Fundamental-Concepts.vrb) [119

] (Fundamental-Concepts.vrb) [120

]
\openout4 = `Fundamental-Concepts.vrb'.


(Fundamental-Concepts.vrb) [121

] (Fundamental-Concepts.vrb) [122

]
(Fundamental-Concepts.vrb) [123

] (Fundamental-Concepts.vrb) [124

]
\openout4 = `Fundamental-Concepts.vrb'.


(Fundamental-Concepts.vrb) [125

] (Fundamental-Concepts.vrb) [126

]
(Fundamental-Concepts.vrb) [127

] (Fundamental-Concepts.vrb) [128

]
(Fundamental-Concepts.vrb) [129

]
\openout4 = `Fundamental-Concepts.vrb'.

 (Fundamental-Concepts.vrb) [130

]
(Fundamental-Concepts.vrb) [131

] (Fundamental-Concepts.vrb) [132

]
(Fundamental-Concepts.vrb) [133

] (Fundamental-Concepts.vrb) [134

]
(Fundamental-Concepts.vrb) [135

]
\openout4 = `Fundamental-Concepts.vrb'.

 (Fundamental-Concepts.vrb) [136

]
(Fundamental-Concepts.vrb) [137

] (Fundamental-Concepts.vrb) [138

]
(Fundamental-Concepts.vrb) [139

] (Fundamental-Concepts.vrb) [140

]
\openout4 = `Fundamental-Concepts.vrb'.


(Fundamental-Concepts.vrb) [141

] (Fundamental-Concepts.vrb) [142

]
(Fundamental-Concepts.vrb) [143

] (Fundamental-Concepts.vrb) [144

]
\openout4 = `Fundamental-Concepts.vrb'.


(Fundamental-Concepts.vrb) [145

]
\openout4 = `Fundamental-Concepts.vrb'.

 (Fundamental-Concepts.vrb) [146

]
(Fundamental-Concepts.vrb) [147

] (Fundamental-Concepts.vrb) [148

]
(Fundamental-Concepts.vrb) [149

]
\openout4 = `Fundamental-Concepts.vrb'.

 (Fundamental-Concepts.vrb) [150

]
(Fundamental-Concepts.vrb) [151

] (Fundamental-Concepts.vrb) [152

]
(Fundamental-Concepts.vrb) [153

] (Fundamental-Concepts.vrb) [154

]
(Fundamental-Concepts.vrb) [155

] (Fundamental-Concepts.vrb) [156

]
(Fundamental-Concepts.vrb) [157

]
\openout4 = `Fundamental-Concepts.vrb'.

 (Fundamental-Concepts.vrb) [158

]
(Fundamental-Concepts.vrb) [159

]
\openout4 = `Fundamental-Concepts.vrb'.

 (Fundamental-Concepts.vrb) [160

]
(Fundamental-Concepts.vrb) [161

]
\openout4 = `Fundamental-Concepts.vrb'.

 (Fundamental-Concepts.vrb) [162

]
\openout4 = `Fundamental-Concepts.vrb'.


(Fundamental-Concepts.vrb) [163

] (Fundamental-Concepts.vrb) [164

]
\openout4 = `Fundamental-Concepts.vrb'.


(Fundamental-Concepts.vrb) [165

] (Fundamental-Concepts.vrb) [166

]
(Fundamental-Concepts.vrb) [167

] (Fundamental-Concepts.vrb) [168

]
(Fundamental-Concepts.vrb) [169

]
\openout4 = `Fundamental-Concepts.vrb'.

 (Fundamental-Concepts.vrb) [170

]
(Fundamental-Concepts.vrb) [171

]
\openout4 = `Fundamental-Concepts.vrb'.

 (Fundamental-Concepts.vrb) [172

]
\openout4 = `Fundamental-Concepts.vrb'.


(Fundamental-Concepts.vrb) [173

] (Fundamental-Concepts.vrb) [174

]
(Fundamental-Concepts.vrb) [175

]
\openout4 = `Fundamental-Concepts.vrb'.

 (Fundamental-Concepts.vrb) [176

]
(Fundamental-Concepts.vrb) [177

] (Fundamental-Concepts.vrb) [178

]
(Fundamental-Concepts.vrb) [179

] (Fundamental-Concepts.vrb) [180

]
(Fundamental-Concepts.vrb) [181

] (Fundamental-Concepts.vrb) [182

]
(Fundamental-Concepts.vrb) [183

] (Fundamental-Concepts.vrb) [184

]
\openout4 = `Fundamental-Concepts.vrb'.


(Fundamental-Concepts.vrb) [185

]
\openout4 = `Fundamental-Concepts.vrb'.

 (Fundamental-Concepts.vrb) [186

]
(Fundamental-Concepts.vrb) [187

]
\openout4 = `Fundamental-Concepts.vrb'.

 (Fundamental-Concepts.vrb) [188

]
(Fundamental-Concepts.vrb) [189

] (Fundamental-Concepts.vrb) [190

]
(Fundamental-Concepts.vrb) [191

]
\openout4 = `Fundamental-Concepts.vrb'.

 (Fundamental-Concepts.vrb) [192

]
\openout4 = `Fundamental-Concepts.vrb'.


(Fundamental-Concepts.vrb)
Overfull \vbox (4.03969pt too high) detected at line 1981
 []

[193

] (Fundamental-Concepts.vrb)
Overfull \vbox (4.03969pt too high) detected at line 1981
 []

[194

]
\openout4 = `Fundamental-Concepts.vrb'.

 (Fundamental-Concepts.vrb) [195

] (Fundamental-Concepts.vrb) [196

]
(Fundamental-Concepts.vrb) [197

] (Fundamental-Concepts.vrb) [198

]
\openout4 = `Fundamental-Concepts.vrb'.


(Fundamental-Concepts.vrb) [199

]
\tf@nav=\write6
\openout6 = `Fundamental-Concepts.nav'.

\tf@toc=\write7
\openout7 = `Fundamental-Concepts.toc'.

\tf@snm=\write8
\openout8 = `Fundamental-Concepts.snm'.

 (Fundamental-Concepts.aux)

LaTeX Font Warning: Some font shapes were not available, defaults substituted.

Package rerunfilecheck Info: File `Fundamental-Concepts.out' has not changed.
(rerunfilecheck)             Checksum: 98DD9CE5EB1D6D5EC02DEBA24CCBFA06;416.
 ) 
Here is how much of TeX's memory you used:
 27490 strings out of 478927
 553255 string characters out of 2851113
 819113 words of memory out of 3000000
 43969 multiletter control sequences out of 15000+600000
 415397 words of font info for 72 fonts, out of 8000000 for 9000
 1141 hyphenation exceptions out of 8191
 128i,15n,124p,923b,923s stack positions out of 5000i,500n,10000p,200000b,80000s
 <C:\Users\morazanm\AppData\Local\MiKTeX\fonts/pk/ljfour/jknappen/ec/dpi600\t
css0800.pk> <C:\Users\morazanm\AppData\Local\MiKTeX\fonts/pk/ljfour/jknappen/ec
/dpi600\tctt0800.pk><C:/Users/morazanm/AppData/Local/Programs/MiKTeX/fonts/type
1/public/amsfonts/cmextra/cmex8.pfb><C:/Users/morazanm/AppData/Local/Programs/M
iKTeX/fonts/type1/public/amsfonts/cm/cmitt10.pfb><C:/Users/morazanm/AppData/Loc
al/Programs/MiKTeX/fonts/type1/public/amsfonts/cm/cmmi8.pfb><C:/Users/morazanm/
AppData/Local/Programs/MiKTeX/fonts/type1/public/amsfonts/cm/cmss10.pfb><C:/Use
rs/morazanm/AppData/Local/Programs/MiKTeX/fonts/type1/public/amsfonts/cm/cmss12
.pfb><C:/Users/morazanm/AppData/Local/Programs/MiKTeX/fonts/type1/public/amsfon
ts/cm/cmss8.pfb><C:/Users/morazanm/AppData/Local/Programs/MiKTeX/fonts/type1/pu
blic/amsfonts/cm/cmss9.pfb><C:/Users/morazanm/AppData/Local/Programs/MiKTeX/fon
ts/type1/public/amsfonts/cm/cmssbx10.pfb><C:/Users/morazanm/AppData/Local/Progr
ams/MiKTeX/fonts/type1/public/amsfonts/cm/cmssi10.pfb><C:/Users/morazanm/AppDat
a/Local/Programs/MiKTeX/fonts/type1/public/amsfonts/cm/cmssi8.pfb><C:/Users/mor
azanm/AppData/Local/Programs/MiKTeX/fonts/type1/public/amsfonts/cm/cmsy10.pfb><
C:/Users/morazanm/AppData/Local/Programs/MiKTeX/fonts/type1/public/amsfonts/cm/
cmsy6.pfb><C:/Users/morazanm/AppData/Local/Programs/MiKTeX/fonts/type1/public/a
msfonts/cm/cmsy8.pfb><C:/Users/morazanm/AppData/Local/Programs/MiKTeX/fonts/typ
e1/public/amsfonts/cm/cmtt10.pfb><C:/Users/morazanm/AppData/Local/Programs/MiKT
eX/fonts/type1/public/amsfonts/cm/cmtt12.pfb><C:/Users/morazanm/AppData/Local/P
rograms/MiKTeX/fonts/type1/public/amsfonts/cm/cmtt8.pfb><C:/Users/morazanm/AppD
ata/Local/Programs/MiKTeX/fonts/type1/public/amsfonts/cm/cmtt9.pfb><C:/Users/mo
razanm/AppData/Local/Programs/MiKTeX/fonts/type1/public/amsfonts/symbols/msbm10
.pfb>
Output written on Fundamental-Concepts.pdf (199 pages, 1617437 bytes).
PDF statistics:
 6030 PDF objects out of 6186 (max. 8388607)
 402 named destinations out of 1000 (max. 500000)
 72 words of extra memory for PDF output out of 10000 (max. 10000000)

